<?xml version="1.0" encoding="UTF-8"?>
<robot generator="Robot 3.1.2 (Python 3.7.4 on win32)" generated="20190927 14:14:57.682" rpa="false">
<suite id="s1" name="Case35" source="C:\Users\IBM_ADMIN\Desktop\thai\CorpusAutomated\case35\case35.robot">
<test id="s1-t1" name="Verify Sentence Segmentation button">
<kw name="Open Website" library="Keyword">
<kw name="Open Browser" library="Selenium2Library">
<doc>Opens a new browser instance to the given ``url``.</doc>
<arguments>
<arg>${CorpusWeb}</arg>
<arg>${Browser}</arg>
</arguments>
<msg timestamp="20190927 14:14:58.474" level="INFO">Opening browser 'chrome' to base url 'http://localhost:3000/'.</msg>
<status status="PASS" starttime="20190927 14:14:58.474" endtime="20190927 14:15:03.847"></status>
</kw>
<kw name="Maximize Browser Window" library="Selenium2Library">
<doc>Maximizes current browser window.</doc>
<status status="PASS" starttime="20190927 14:15:03.847" endtime="20190927 14:15:03.970"></status>
</kw>
<status status="PASS" starttime="20190927 14:14:58.473" endtime="20190927 14:15:03.971"></status>
</kw>
<kw name="AND Click Login" library="Keyword">
<kw name="Wait Until Element Is Visible" library="Selenium2Library">
<doc>Waits until the element ``locator`` is visible.</doc>
<arguments>
<arg>//*[@id="root"]/div/div/div/a[2]</arg>
</arguments>
<status status="PASS" starttime="20190927 14:15:03.971" endtime="20190927 14:15:04.022"></status>
</kw>
<kw name="Click Element" library="Selenium2Library">
<doc>Click the element identified by ``locator``.</doc>
<arguments>
<arg>//*[@id="root"]/div/div/div/a[2]</arg>
</arguments>
<msg timestamp="20190927 14:15:04.023" level="INFO">Clicking element '//*[@id="root"]/div/div/div/a[2]'.</msg>
<status status="PASS" starttime="20190927 14:15:04.023" endtime="20190927 14:15:04.429"></status>
</kw>
<kw name="Sleep" library="BuiltIn">
<doc>Pauses the test executed for the given time.</doc>
<arguments>
<arg>3</arg>
<arg>s</arg>
</arguments>
<msg timestamp="20190927 14:15:07.429" level="INFO">Slept 3 seconds</msg>
<msg timestamp="20190927 14:15:07.429" level="INFO">s</msg>
<status status="PASS" starttime="20190927 14:15:04.429" endtime="20190927 14:15:07.429"></status>
</kw>
<status status="PASS" starttime="20190927 14:15:03.971" endtime="20190927 14:15:07.429"></status>
</kw>
<kw name="AND Click cat project" library="Keyword">
<kw name="Wait Until Element Is Visible" library="Selenium2Library">
<doc>Waits until the element ``locator`` is visible.</doc>
<arguments>
<arg>//*[@id="root"]/div/div[3]/div/div[12]/div/div[1]/div</arg>
</arguments>
<status status="PASS" starttime="20190927 14:15:07.430" endtime="20190927 14:15:07.486"></status>
</kw>
<kw name="Click Element" library="Selenium2Library">
<doc>Click the element identified by ``locator``.</doc>
<arguments>
<arg>//*[@id="root"]/div/div[3]/div/div[12]/div/div[1]/div</arg>
</arguments>
<msg timestamp="20190927 14:15:07.487" level="INFO">Clicking element '//*[@id="root"]/div/div[3]/div/div[12]/div/div[1]/div'.</msg>
<status status="PASS" starttime="20190927 14:15:07.486" endtime="20190927 14:15:07.626"></status>
</kw>
<kw name="Sleep" library="BuiltIn">
<doc>Pauses the test executed for the given time.</doc>
<arguments>
<arg>3</arg>
<arg>s</arg>
</arguments>
<msg timestamp="20190927 14:15:10.626" level="INFO">Slept 3 seconds</msg>
<msg timestamp="20190927 14:15:10.626" level="INFO">s</msg>
<status status="PASS" starttime="20190927 14:15:07.626" endtime="20190927 14:15:10.626"></status>
</kw>
<status status="PASS" starttime="20190927 14:15:07.430" endtime="20190927 14:15:10.626"></status>
</kw>
<kw name="AND Click tagging" library="Keyword">
<kw name="Wait Until Element Is Visible" library="Selenium2Library">
<doc>Waits until the element ``locator`` is visible.</doc>
<arguments>
<arg>//*[@id="root"]/div/div[2]/div[1]/div/div/div/a[4]</arg>
</arguments>
<status status="PASS" starttime="20190927 14:15:10.627" endtime="20190927 14:15:10.666"></status>
</kw>
<kw name="Click Element" library="Selenium2Library">
<doc>Click the element identified by ``locator``.</doc>
<arguments>
<arg>//*[@id="root"]/div/div[2]/div[1]/div/div/div/a[4]</arg>
</arguments>
<msg timestamp="20190927 14:15:10.667" level="INFO">Clicking element '//*[@id="root"]/div/div[2]/div[1]/div/div/div/a[4]'.</msg>
<status status="PASS" starttime="20190927 14:15:10.667" endtime="20190927 14:15:10.780"></status>
</kw>
<kw name="Sleep" library="BuiltIn">
<doc>Pauses the test executed for the given time.</doc>
<arguments>
<arg>3</arg>
<arg>s</arg>
</arguments>
<msg timestamp="20190927 14:15:13.781" level="INFO">Slept 3 seconds</msg>
<msg timestamp="20190927 14:15:13.781" level="INFO">s</msg>
<status status="PASS" starttime="20190927 14:15:10.780" endtime="20190927 14:15:13.781"></status>
</kw>
<status status="PASS" starttime="20190927 14:15:10.627" endtime="20190927 14:15:13.781"></status>
</kw>
<kw name="AND Click Name document" library="Keyword">
<kw name="Click Element" library="Selenium2Library">
<doc>Click the element identified by ``locator``.</doc>
<arguments>
<arg>//*[@id="root"]/div/div[2]/div[2]/table/tbody/tr/td[1]/div</arg>
</arguments>
<msg timestamp="20190927 14:15:13.782" level="INFO">Clicking element '//*[@id="root"]/div/div[2]/div[2]/table/tbody/tr/td[1]/div'.</msg>
<status status="PASS" starttime="20190927 14:15:13.782" endtime="20190927 14:15:13.894"></status>
</kw>
<kw name="Sleep" library="BuiltIn">
<doc>Pauses the test executed for the given time.</doc>
<arguments>
<arg>3</arg>
<arg>s</arg>
</arguments>
<msg timestamp="20190927 14:15:16.895" level="INFO">Slept 3 seconds</msg>
<msg timestamp="20190927 14:15:16.895" level="INFO">s</msg>
<status status="PASS" starttime="20190927 14:15:13.895" endtime="20190927 14:15:16.895"></status>
</kw>
<status status="PASS" starttime="20190927 14:15:13.782" endtime="20190927 14:15:16.895"></status>
</kw>
<kw name="AND Click Word tagging" library="Keyword">
<kw name="Click Element" library="Selenium2Library">
<doc>Click the element identified by ``locator``.</doc>
<arguments>
<arg>//*[@id="root"]/div/div[2]/div[2]/div[2]/p[2]</arg>
</arguments>
<msg timestamp="20190927 14:15:16.896" level="INFO">Clicking element '//*[@id="root"]/div/div[2]/div[2]/div[2]/p[2]'.</msg>
<status status="PASS" starttime="20190927 14:15:16.896" endtime="20190927 14:15:17.021"></status>
</kw>
<kw name="Sleep" library="BuiltIn">
<doc>Pauses the test executed for the given time.</doc>
<arguments>
<arg>3</arg>
<arg>s</arg>
</arguments>
<msg timestamp="20190927 14:15:20.023" level="INFO">Slept 3 seconds</msg>
<msg timestamp="20190927 14:15:20.023" level="INFO">s</msg>
<status status="PASS" starttime="20190927 14:15:17.022" endtime="20190927 14:15:20.023"></status>
</kw>
<status status="PASS" starttime="20190927 14:15:16.896" endtime="20190927 14:15:20.023"></status>
</kw>
<kw name="AND Click dropdown status" library="Keyword">
<kw name="Click Element" library="Selenium2Library">
<doc>Click the element identified by ``locator``.</doc>
<arguments>
<arg>//*[@id="root"]/div/div[2]/div[2]/div[2]/div/div/div/button</arg>
</arguments>
<msg timestamp="20190927 14:15:20.024" level="INFO">Clicking element '//*[@id="root"]/div/div[2]/div[2]/div[2]/div/div/div/button'.</msg>
<status status="PASS" starttime="20190927 14:15:20.024" endtime="20190927 14:15:20.135"></status>
</kw>
<kw name="Sleep" library="BuiltIn">
<doc>Pauses the test executed for the given time.</doc>
<arguments>
<arg>3</arg>
<arg>s</arg>
</arguments>
<msg timestamp="20190927 14:15:23.136" level="INFO">Slept 3 seconds</msg>
<msg timestamp="20190927 14:15:23.136" level="INFO">s</msg>
<status status="PASS" starttime="20190927 14:15:20.135" endtime="20190927 14:15:23.136"></status>
</kw>
<status status="PASS" starttime="20190927 14:15:20.024" endtime="20190927 14:15:23.136"></status>
</kw>
<kw name="AND Choose In progress" library="Keyword">
<kw name="Click Element" library="Selenium2Library">
<doc>Click the element identified by ``locator``.</doc>
<arguments>
<arg>//*[@id="root"]/div/div[2]/div[2]/div[2]/div/div/div/div/a</arg>
</arguments>
<msg timestamp="20190927 14:15:23.138" level="INFO">Clicking element '//*[@id="root"]/div/div[2]/div[2]/div[2]/div/div/div/div/a'.</msg>
<status status="PASS" starttime="20190927 14:15:23.137" endtime="20190927 14:15:23.328"></status>
</kw>
<kw name="Sleep" library="BuiltIn">
<doc>Pauses the test executed for the given time.</doc>
<arguments>
<arg>2</arg>
<arg>s</arg>
</arguments>
<msg timestamp="20190927 14:15:25.328" level="INFO">Slept 2 seconds</msg>
<msg timestamp="20190927 14:15:25.328" level="INFO">s</msg>
<status status="PASS" starttime="20190927 14:15:23.328" endtime="20190927 14:15:25.328"></status>
</kw>
<status status="PASS" starttime="20190927 14:15:23.137" endtime="20190927 14:15:25.328"></status>
</kw>
<kw name="AND Click Sentence Segmentation" library="Keyword">
<kw name="Click Element" library="Selenium2Library">
<doc>Click the element identified by ``locator``.</doc>
<arguments>
<arg>//*[@id="root"]/div/div[2]/div[2]/div[2]/p</arg>
</arguments>
<msg timestamp="20190927 14:15:25.330" level="INFO">Clicking element '//*[@id="root"]/div/div[2]/div[2]/div[2]/p'.</msg>
<status status="PASS" starttime="20190927 14:15:25.329" endtime="20190927 14:15:25.434"></status>
</kw>
<kw name="Sleep" library="BuiltIn">
<doc>Pauses the test executed for the given time.</doc>
<arguments>
<arg>2</arg>
<arg>s</arg>
</arguments>
<msg timestamp="20190927 14:15:27.434" level="INFO">Slept 2 seconds</msg>
<msg timestamp="20190927 14:15:27.434" level="INFO">s</msg>
<status status="PASS" starttime="20190927 14:15:25.434" endtime="20190927 14:15:27.434"></status>
</kw>
<status status="PASS" starttime="20190927 14:15:25.329" endtime="20190927 14:15:27.434"></status>
</kw>
<kw name="AND Close Browser" library="Selenium2Library">
<doc>Closes the current browser.</doc>
<status status="PASS" starttime="20190927 14:15:27.435" endtime="20190927 14:15:28.712"></status>
</kw>
<status status="PASS" starttime="20190927 14:14:58.472" endtime="20190927 14:15:28.713" critical="yes"></status>
</test>
<status status="PASS" starttime="20190927 14:14:57.688" endtime="20190927 14:15:28.715"></status>
</suite>
<statistics>
<total>
<stat pass="1" fail="0">Critical Tests</stat>
<stat pass="1" fail="0">All Tests</stat>
</total>
<tag>
</tag>
<suite>
<stat pass="1" fail="0" id="s1" name="Case35">Case35</stat>
</suite>
</statistics>
<errors>
</errors>
</robot>
