<?xml version="1.0" encoding="UTF-8"?>
<robot generator="Robot 3.1.2 (Python 3.7.4 on win32)" generated="20190926 22:54:28.457" rpa="false">
<suite id="s1" name="Case16" source="C:\Users\IBM_ADMIN\Desktop\thai\CorpusAutomated\case16\case16.robot">
<test id="s1-t1" name="Verify segment button">
<kw name="Open Website">
<kw name="Open Browser" library="Selenium2Library">
<doc>Opens a new browser instance to the given ``url``.</doc>
<arguments>
<arg>${CorpusWeb}</arg>
<arg>${Browser}</arg>
</arguments>
<msg timestamp="20190926 22:54:29.125" level="INFO">Opening browser 'chrome' to base url 'http://localhost:3000/'.</msg>
<status status="PASS" starttime="20190926 22:54:29.124" endtime="20190926 22:54:34.093"></status>
</kw>
<kw name="Maximize Browser Window" library="Selenium2Library">
<doc>Maximizes current browser window.</doc>
<status status="PASS" starttime="20190926 22:54:34.094" endtime="20190926 22:54:34.214"></status>
</kw>
<status status="PASS" starttime="20190926 22:54:29.124" endtime="20190926 22:54:34.214"></status>
</kw>
<kw name="AND Click Login">
<kw name="Wait Until Element Is Visible" library="Selenium2Library">
<doc>Waits until the element ``locator`` is visible.</doc>
<arguments>
<arg>//*[@id="root"]/div/div/div/a[2]</arg>
</arguments>
<status status="PASS" starttime="20190926 22:54:34.215" endtime="20190926 22:54:34.275"></status>
</kw>
<kw name="Click Element" library="Selenium2Library">
<doc>Click the element identified by ``locator``.</doc>
<arguments>
<arg>//*[@id="root"]/div/div/div/a[2]</arg>
</arguments>
<msg timestamp="20190926 22:54:34.275" level="INFO">Clicking element '//*[@id="root"]/div/div/div/a[2]'.</msg>
<status status="PASS" starttime="20190926 22:54:34.275" endtime="20190926 22:54:34.645"></status>
</kw>
<kw name="Sleep" library="BuiltIn">
<doc>Pauses the test executed for the given time.</doc>
<arguments>
<arg>3</arg>
<arg>s</arg>
</arguments>
<msg timestamp="20190926 22:54:37.647" level="INFO">Slept 3 seconds</msg>
<msg timestamp="20190926 22:54:37.647" level="INFO">s</msg>
<status status="PASS" starttime="20190926 22:54:34.645" endtime="20190926 22:54:37.647"></status>
</kw>
<status status="PASS" starttime="20190926 22:54:34.215" endtime="20190926 22:54:37.647"></status>
</kw>
<kw name="AND Click Cat project">
<kw name="Wait Until Element Is Visible" library="Selenium2Library">
<doc>Waits until the element ``locator`` is visible.</doc>
<arguments>
<arg>//*[@id="root"]/div/div[3]/div/div[12]/div/div[1]/div</arg>
</arguments>
<status status="PASS" starttime="20190926 22:54:37.667" endtime="20190926 22:54:37.739"></status>
</kw>
<kw name="Click Element" library="Selenium2Library">
<doc>Click the element identified by ``locator``.</doc>
<arguments>
<arg>//*[@id="root"]/div/div[3]/div/div[12]/div/div[1]/div</arg>
</arguments>
<msg timestamp="20190926 22:54:37.740" level="INFO">Clicking element '//*[@id="root"]/div/div[3]/div/div[12]/div/div[1]/div'.</msg>
<status status="PASS" starttime="20190926 22:54:37.739" endtime="20190926 22:54:37.877"></status>
</kw>
<kw name="Sleep" library="BuiltIn">
<doc>Pauses the test executed for the given time.</doc>
<arguments>
<arg>3</arg>
<arg>s</arg>
</arguments>
<msg timestamp="20190926 22:54:40.878" level="INFO">Slept 3 seconds</msg>
<msg timestamp="20190926 22:54:40.878" level="INFO">s</msg>
<status status="PASS" starttime="20190926 22:54:37.877" endtime="20190926 22:54:40.878"></status>
</kw>
<status status="PASS" starttime="20190926 22:54:37.667" endtime="20190926 22:54:40.878"></status>
</kw>
<kw name="AND Click Tagging">
<kw name="Wait Until Element Is Visible" library="Selenium2Library">
<doc>Waits until the element ``locator`` is visible.</doc>
<arguments>
<arg>//*[@id="root"]/div/div[2]/div[1]/div/div/div/a[4]</arg>
</arguments>
<status status="PASS" starttime="20190926 22:54:40.879" endtime="20190926 22:54:40.912"></status>
</kw>
<kw name="Click Element" library="Selenium2Library">
<doc>Click the element identified by ``locator``.</doc>
<arguments>
<arg>//*[@id="root"]/div/div[2]/div[1]/div/div/div/a[4]</arg>
</arguments>
<msg timestamp="20190926 22:54:40.913" level="INFO">Clicking element '//*[@id="root"]/div/div[2]/div[1]/div/div/div/a[4]'.</msg>
<status status="PASS" starttime="20190926 22:54:40.913" endtime="20190926 22:54:41.037"></status>
</kw>
<kw name="Sleep" library="BuiltIn">
<doc>Pauses the test executed for the given time.</doc>
<arguments>
<arg>3</arg>
<arg>s</arg>
</arguments>
<msg timestamp="20190926 22:54:44.037" level="INFO">Slept 3 seconds</msg>
<msg timestamp="20190926 22:54:44.037" level="INFO">s</msg>
<status status="PASS" starttime="20190926 22:54:41.037" endtime="20190926 22:54:44.037"></status>
</kw>
<status status="PASS" starttime="20190926 22:54:40.879" endtime="20190926 22:54:44.038"></status>
</kw>
<kw name="AND Click Name document">
<kw name="Click Element" library="Selenium2Library">
<doc>Click the element identified by ``locator``.</doc>
<arguments>
<arg>//*[@id="root"]/div/div[2]/div[2]/table/tbody/tr/td[1]/div</arg>
</arguments>
<msg timestamp="20190926 22:54:44.039" level="INFO">Clicking element '//*[@id="root"]/div/div[2]/div[2]/table/tbody/tr/td[1]/div'.</msg>
<status status="PASS" starttime="20190926 22:54:44.039" endtime="20190926 22:54:44.156"></status>
</kw>
<kw name="Sleep" library="BuiltIn">
<doc>Pauses the test executed for the given time.</doc>
<arguments>
<arg>3</arg>
<arg>s</arg>
</arguments>
<msg timestamp="20190926 22:54:47.157" level="INFO">Slept 3 seconds</msg>
<msg timestamp="20190926 22:54:47.157" level="INFO">s</msg>
<status status="PASS" starttime="20190926 22:54:44.156" endtime="20190926 22:54:47.157"></status>
</kw>
<status status="PASS" starttime="20190926 22:54:44.039" endtime="20190926 22:54:47.157"></status>
</kw>
<kw name="AND Click Save">
<kw name="Click Element" library="Selenium2Library">
<doc>Click the element identified by ``locator``.</doc>
<arguments>
<arg>//*[@id="root"]/div/div[2]/div[2]/div[2]/button</arg>
</arguments>
<msg timestamp="20190926 22:54:47.159" level="INFO">Clicking element '//*[@id="root"]/div/div[2]/div[2]/div[2]/button'.</msg>
<status status="PASS" starttime="20190926 22:54:47.159" endtime="20190926 22:54:47.230"></status>
</kw>
<kw name="Sleep" library="BuiltIn">
<doc>Pauses the test executed for the given time.</doc>
<arguments>
<arg>3</arg>
<arg>s</arg>
</arguments>
<msg timestamp="20190926 22:54:50.231" level="INFO">Slept 3 seconds</msg>
<msg timestamp="20190926 22:54:50.231" level="INFO">s</msg>
<status status="PASS" starttime="20190926 22:54:47.230" endtime="20190926 22:54:50.231"></status>
</kw>
<status status="PASS" starttime="20190926 22:54:47.158" endtime="20190926 22:54:50.231"></status>
</kw>
<kw name="AND Close Website">
<kw name="Close Browser" library="Selenium2Library">
<doc>Closes the current browser.</doc>
<status status="PASS" starttime="20190926 22:54:50.232" endtime="20190926 22:54:51.514"></status>
</kw>
<status status="PASS" starttime="20190926 22:54:50.232" endtime="20190926 22:54:51.514"></status>
</kw>
<status status="PASS" starttime="20190926 22:54:29.123" endtime="20190926 22:54:51.516" critical="yes"></status>
</test>
<status status="PASS" starttime="20190926 22:54:28.462" endtime="20190926 22:54:51.520"></status>
</suite>
<statistics>
<total>
<stat pass="1" fail="0">Critical Tests</stat>
<stat pass="1" fail="0">All Tests</stat>
</total>
<tag>
</tag>
<suite>
<stat pass="1" fail="0" id="s1" name="Case16">Case16</stat>
</suite>
</statistics>
<errors>
</errors>
</robot>
