<?xml version="1.0" encoding="UTF-8"?>
<robot generator="Robot 3.1.2 (Python 3.7.4 on win32)" generated="20190926 22:10:30.930" rpa="false">
<suite id="s1" name="Case13" source="C:\Users\IBM_ADMIN\Desktop\thai\CorpusAutomated\case13\case13.robot">
<test id="s1-t1" name="Verify segment button">
<kw name="Open Website">
<kw name="Open Browser" library="Selenium2Library">
<doc>Opens a new browser instance to the given ``url``.</doc>
<arguments>
<arg>${CorpusWeb}</arg>
<arg>${Browser}</arg>
</arguments>
<msg timestamp="20190926 22:10:31.544" level="INFO">Opening browser 'chrome' to base url 'http://localhost:3000/'.</msg>
<status status="PASS" starttime="20190926 22:10:31.544" endtime="20190926 22:10:40.942"></status>
</kw>
<kw name="Maximize Browser Window" library="Selenium2Library">
<doc>Maximizes current browser window.</doc>
<status status="PASS" starttime="20190926 22:10:40.942" endtime="20190926 22:10:41.062"></status>
</kw>
<status status="PASS" starttime="20190926 22:10:31.544" endtime="20190926 22:10:41.063"></status>
</kw>
<kw name="AND Click Login">
<kw name="Wait Until Element Is Visible" library="Selenium2Library">
<doc>Waits until the element ``locator`` is visible.</doc>
<arguments>
<arg>//*[@id="root"]/div/div/div/a[2]</arg>
</arguments>
<status status="PASS" starttime="20190926 22:10:41.063" endtime="20190926 22:10:41.126"></status>
</kw>
<kw name="Click Element" library="Selenium2Library">
<doc>Click the element identified by ``locator``.</doc>
<arguments>
<arg>//*[@id="root"]/div/div/div/a[2]</arg>
</arguments>
<msg timestamp="20190926 22:10:41.127" level="INFO">Clicking element '//*[@id="root"]/div/div/div/a[2]'.</msg>
<status status="PASS" starttime="20190926 22:10:41.127" endtime="20190926 22:10:41.491"></status>
</kw>
<kw name="Sleep" library="BuiltIn">
<doc>Pauses the test executed for the given time.</doc>
<arguments>
<arg>3</arg>
<arg>s</arg>
</arguments>
<msg timestamp="20190926 22:10:44.492" level="INFO">Slept 3 seconds</msg>
<msg timestamp="20190926 22:10:44.492" level="INFO">s</msg>
<status status="PASS" starttime="20190926 22:10:41.491" endtime="20190926 22:10:44.492"></status>
</kw>
<status status="PASS" starttime="20190926 22:10:41.063" endtime="20190926 22:10:44.492"></status>
</kw>
<kw name="AND Click Cat project">
<kw name="Wait Until Element Is Visible" library="Selenium2Library">
<doc>Waits until the element ``locator`` is visible.</doc>
<arguments>
<arg>//*[@id="root"]/div/div[3]/div/div[12]/div/div[1]/div</arg>
</arguments>
<status status="PASS" starttime="20190926 22:10:44.493" endtime="20190926 22:10:44.549"></status>
</kw>
<kw name="Click Element" library="Selenium2Library">
<doc>Click the element identified by ``locator``.</doc>
<arguments>
<arg>//*[@id="root"]/div/div[3]/div/div[12]/div/div[1]/div</arg>
</arguments>
<msg timestamp="20190926 22:10:44.549" level="INFO">Clicking element '//*[@id="root"]/div/div[3]/div/div[12]/div/div[1]/div'.</msg>
<status status="PASS" starttime="20190926 22:10:44.549" endtime="20190926 22:10:44.682"></status>
</kw>
<kw name="Sleep" library="BuiltIn">
<doc>Pauses the test executed for the given time.</doc>
<arguments>
<arg>3</arg>
<arg>s</arg>
</arguments>
<msg timestamp="20190926 22:10:47.684" level="INFO">Slept 3 seconds</msg>
<msg timestamp="20190926 22:10:47.684" level="INFO">s</msg>
<status status="PASS" starttime="20190926 22:10:44.683" endtime="20190926 22:10:47.684"></status>
</kw>
<status status="PASS" starttime="20190926 22:10:44.493" endtime="20190926 22:10:47.684"></status>
</kw>
<kw name="AND Click Tagging">
<kw name="Wait Until Element Is Visible" library="Selenium2Library">
<doc>Waits until the element ``locator`` is visible.</doc>
<arguments>
<arg>//*[@id="root"]/div/div[2]/div[1]/div/div/div/a[4]</arg>
</arguments>
<status status="PASS" starttime="20190926 22:10:47.685" endtime="20190926 22:10:47.726"></status>
</kw>
<kw name="Click Element" library="Selenium2Library">
<doc>Click the element identified by ``locator``.</doc>
<arguments>
<arg>//*[@id="root"]/div/div[2]/div[1]/div/div/div/a[4]</arg>
</arguments>
<msg timestamp="20190926 22:10:47.727" level="INFO">Clicking element '//*[@id="root"]/div/div[2]/div[1]/div/div/div/a[4]'.</msg>
<status status="PASS" starttime="20190926 22:10:47.727" endtime="20190926 22:10:47.842"></status>
</kw>
<kw name="Sleep" library="BuiltIn">
<doc>Pauses the test executed for the given time.</doc>
<arguments>
<arg>3</arg>
<arg>s</arg>
</arguments>
<msg timestamp="20190926 22:10:50.843" level="INFO">Slept 3 seconds</msg>
<msg timestamp="20190926 22:10:50.843" level="INFO">s</msg>
<status status="PASS" starttime="20190926 22:10:47.842" endtime="20190926 22:10:50.843"></status>
</kw>
<status status="PASS" starttime="20190926 22:10:47.685" endtime="20190926 22:10:50.844"></status>
</kw>
<kw name="AND Click Name document">
<kw name="Wait Until Element Is Visible" library="Selenium2Library">
<doc>Waits until the element ``locator`` is visible.</doc>
<arguments>
<arg>//*[@id="root"]/div/div[2]/div[2]/table/tbody/tr/td[1]/div</arg>
</arguments>
<status status="PASS" starttime="20190926 22:10:50.846" endtime="20190926 22:10:50.927"></status>
</kw>
<kw name="Click Element" library="Selenium2Library">
<doc>Click the element identified by ``locator``.</doc>
<arguments>
<arg>//*[@id="root"]/div/div[2]/div[2]/table/tbody/tr/td[1]/div</arg>
</arguments>
<msg timestamp="20190926 22:10:50.927" level="INFO">Clicking element '//*[@id="root"]/div/div[2]/div[2]/table/tbody/tr/td[1]/div'.</msg>
<status status="PASS" starttime="20190926 22:10:50.927" endtime="20190926 22:10:51.021"></status>
</kw>
<kw name="Sleep" library="BuiltIn">
<doc>Pauses the test executed for the given time.</doc>
<arguments>
<arg>3</arg>
<arg>s</arg>
</arguments>
<msg timestamp="20190926 22:10:54.023" level="INFO">Slept 3 seconds</msg>
<msg timestamp="20190926 22:10:54.023" level="INFO">s</msg>
<status status="PASS" starttime="20190926 22:10:51.022" endtime="20190926 22:10:54.023"></status>
</kw>
<status status="PASS" starttime="20190926 22:10:50.845" endtime="20190926 22:10:54.023"></status>
</kw>
<kw name="AND Click Segment">
<kw name="Click Element" library="Selenium2Library">
<doc>Click the element identified by ``locator``.</doc>
<arguments>
<arg>//*[@id="root"]/div/div[2]/div[3]/div[1]/button</arg>
</arguments>
<msg timestamp="20190926 22:10:54.024" level="INFO">Clicking element '//*[@id="root"]/div/div[2]/div[3]/div[1]/button'.</msg>
<status status="PASS" starttime="20190926 22:10:54.024" endtime="20190926 22:10:54.118"></status>
</kw>
<kw name="Sleep" library="BuiltIn">
<doc>Pauses the test executed for the given time.</doc>
<arguments>
<arg>3</arg>
<arg>s</arg>
</arguments>
<msg timestamp="20190926 22:10:57.119" level="INFO">Slept 3 seconds</msg>
<msg timestamp="20190926 22:10:57.119" level="INFO">s</msg>
<status status="PASS" starttime="20190926 22:10:54.118" endtime="20190926 22:10:57.119"></status>
</kw>
<status status="PASS" starttime="20190926 22:10:54.024" endtime="20190926 22:10:57.119"></status>
</kw>
<kw name="AND Close Website">
<kw name="Close Browser" library="Selenium2Library">
<doc>Closes the current browser.</doc>
<status status="PASS" starttime="20190926 22:10:57.120" endtime="20190926 22:10:58.421"></status>
</kw>
<status status="PASS" starttime="20190926 22:10:57.120" endtime="20190926 22:10:58.422"></status>
</kw>
<status status="PASS" starttime="20190926 22:10:31.543" endtime="20190926 22:10:58.423" critical="yes"></status>
</test>
<status status="PASS" starttime="20190926 22:10:30.935" endtime="20190926 22:10:58.427"></status>
</suite>
<statistics>
<total>
<stat pass="1" fail="0">Critical Tests</stat>
<stat pass="1" fail="0">All Tests</stat>
</total>
<tag>
</tag>
<suite>
<stat pass="1" fail="0" id="s1" name="Case13">Case13</stat>
</suite>
</statistics>
<errors>
</errors>
</robot>
