<?xml version="1.0" encoding="UTF-8"?>
<robot generator="Robot 3.1.2 (Python 3.7.4 on win32)" generated="20190927 15:31:25.391" rpa="false">
<suite id="s1" name="Case44" source="C:\Users\IBM_ADMIN\Desktop\thai\CorpusAutomated\case44\case44.robot">
<test id="s1-t1" name="Verify Sentence Segmentation button">
<kw name="Open Website" library="Keyword">
<kw name="Open Browser" library="Selenium2Library">
<doc>Opens a new browser instance to the given ``url``.</doc>
<arguments>
<arg>${CorpusWeb}</arg>
<arg>${Browser}</arg>
</arguments>
<msg timestamp="20190927 15:31:26.008" level="INFO">Opening browser 'chrome' to base url 'http://localhost:3000/'.</msg>
<status status="PASS" starttime="20190927 15:31:26.006" endtime="20190927 15:31:30.812"></status>
</kw>
<kw name="Maximize Browser Window" library="Selenium2Library">
<doc>Maximizes current browser window.</doc>
<status status="PASS" starttime="20190927 15:31:30.812" endtime="20190927 15:31:30.939"></status>
</kw>
<status status="PASS" starttime="20190927 15:31:26.005" endtime="20190927 15:31:30.940"></status>
</kw>
<kw name="AND Click Login" library="Keyword">
<kw name="Wait Until Element Is Visible" library="Selenium2Library">
<doc>Waits until the element ``locator`` is visible.</doc>
<arguments>
<arg>//*[@id="root"]/div/div/div/a[2]</arg>
</arguments>
<status status="PASS" starttime="20190927 15:31:30.940" endtime="20190927 15:31:30.983"></status>
</kw>
<kw name="Click Element" library="Selenium2Library">
<doc>Click the element identified by ``locator``.</doc>
<arguments>
<arg>//*[@id="root"]/div/div/div/a[2]</arg>
</arguments>
<msg timestamp="20190927 15:31:30.983" level="INFO">Clicking element '//*[@id="root"]/div/div/div/a[2]'.</msg>
<status status="PASS" starttime="20190927 15:31:30.983" endtime="20190927 15:31:31.353"></status>
</kw>
<kw name="Sleep" library="BuiltIn">
<doc>Pauses the test executed for the given time.</doc>
<arguments>
<arg>3</arg>
<arg>s</arg>
</arguments>
<msg timestamp="20190927 15:31:34.354" level="INFO">Slept 3 seconds</msg>
<msg timestamp="20190927 15:31:34.354" level="INFO">s</msg>
<status status="PASS" starttime="20190927 15:31:31.353" endtime="20190927 15:31:34.354"></status>
</kw>
<status status="PASS" starttime="20190927 15:31:30.940" endtime="20190927 15:31:34.354"></status>
</kw>
<kw name="AND Click cat project" library="Keyword">
<kw name="Wait Until Element Is Visible" library="Selenium2Library">
<doc>Waits until the element ``locator`` is visible.</doc>
<arguments>
<arg>//*[@id="root"]/div/div[3]/div/div[12]/div/div[1]/div</arg>
</arguments>
<status status="PASS" starttime="20190927 15:31:34.355" endtime="20190927 15:31:34.410"></status>
</kw>
<kw name="Click Element" library="Selenium2Library">
<doc>Click the element identified by ``locator``.</doc>
<arguments>
<arg>//*[@id="root"]/div/div[3]/div/div[12]/div/div[1]/div</arg>
</arguments>
<msg timestamp="20190927 15:31:34.411" level="INFO">Clicking element '//*[@id="root"]/div/div[3]/div/div[12]/div/div[1]/div'.</msg>
<status status="PASS" starttime="20190927 15:31:34.411" endtime="20190927 15:31:34.568"></status>
</kw>
<kw name="Sleep" library="BuiltIn">
<doc>Pauses the test executed for the given time.</doc>
<arguments>
<arg>3</arg>
<arg>s</arg>
</arguments>
<msg timestamp="20190927 15:31:37.568" level="INFO">Slept 3 seconds</msg>
<msg timestamp="20190927 15:31:37.568" level="INFO">s</msg>
<status status="PASS" starttime="20190927 15:31:34.568" endtime="20190927 15:31:37.568"></status>
</kw>
<status status="PASS" starttime="20190927 15:31:34.355" endtime="20190927 15:31:37.568"></status>
</kw>
<kw name="AND Click tagging" library="Keyword">
<kw name="Wait Until Element Is Visible" library="Selenium2Library">
<doc>Waits until the element ``locator`` is visible.</doc>
<arguments>
<arg>//*[@id="root"]/div/div[2]/div[1]/div/div/div/a[4]</arg>
</arguments>
<status status="PASS" starttime="20190927 15:31:37.569" endtime="20190927 15:31:37.614"></status>
</kw>
<kw name="Click Element" library="Selenium2Library">
<doc>Click the element identified by ``locator``.</doc>
<arguments>
<arg>//*[@id="root"]/div/div[2]/div[1]/div/div/div/a[4]</arg>
</arguments>
<msg timestamp="20190927 15:31:37.614" level="INFO">Clicking element '//*[@id="root"]/div/div[2]/div[1]/div/div/div/a[4]'.</msg>
<status status="PASS" starttime="20190927 15:31:37.614" endtime="20190927 15:31:37.703"></status>
</kw>
<kw name="Sleep" library="BuiltIn">
<doc>Pauses the test executed for the given time.</doc>
<arguments>
<arg>3</arg>
<arg>s</arg>
</arguments>
<msg timestamp="20190927 15:31:40.705" level="INFO">Slept 3 seconds</msg>
<msg timestamp="20190927 15:31:40.705" level="INFO">s</msg>
<status status="PASS" starttime="20190927 15:31:37.703" endtime="20190927 15:31:40.705"></status>
</kw>
<status status="PASS" starttime="20190927 15:31:37.569" endtime="20190927 15:31:40.705"></status>
</kw>
<kw name="AND Click Name document" library="Keyword">
<kw name="Click Element" library="Selenium2Library">
<doc>Click the element identified by ``locator``.</doc>
<arguments>
<arg>//*[@id="root"]/div/div[2]/div[2]/table/tbody/tr/td[1]/div</arg>
</arguments>
<msg timestamp="20190927 15:31:40.706" level="INFO">Clicking element '//*[@id="root"]/div/div[2]/div[2]/table/tbody/tr/td[1]/div'.</msg>
<status status="PASS" starttime="20190927 15:31:40.706" endtime="20190927 15:31:40.817"></status>
</kw>
<kw name="Sleep" library="BuiltIn">
<doc>Pauses the test executed for the given time.</doc>
<arguments>
<arg>3</arg>
<arg>s</arg>
</arguments>
<msg timestamp="20190927 15:31:43.817" level="INFO">Slept 3 seconds</msg>
<msg timestamp="20190927 15:31:43.817" level="INFO">s</msg>
<status status="PASS" starttime="20190927 15:31:40.817" endtime="20190927 15:31:43.817"></status>
</kw>
<status status="PASS" starttime="20190927 15:31:40.706" endtime="20190927 15:31:43.817"></status>
</kw>
<kw name="AND Click Word tagging" library="Keyword">
<kw name="Click Element" library="Selenium2Library">
<doc>Click the element identified by ``locator``.</doc>
<arguments>
<arg>//*[@id="root"]/div/div[2]/div[2]/div[2]/p[2]</arg>
</arguments>
<msg timestamp="20190927 15:31:43.819" level="INFO">Clicking element '//*[@id="root"]/div/div[2]/div[2]/div[2]/p[2]'.</msg>
<status status="PASS" starttime="20190927 15:31:43.818" endtime="20190927 15:31:43.941"></status>
</kw>
<kw name="Sleep" library="BuiltIn">
<doc>Pauses the test executed for the given time.</doc>
<arguments>
<arg>3</arg>
<arg>s</arg>
</arguments>
<msg timestamp="20190927 15:31:46.942" level="INFO">Slept 3 seconds</msg>
<msg timestamp="20190927 15:31:46.942" level="INFO">s</msg>
<status status="PASS" starttime="20190927 15:31:43.942" endtime="20190927 15:31:46.942"></status>
</kw>
<status status="PASS" starttime="20190927 15:31:43.818" endtime="20190927 15:31:46.942"></status>
</kw>
<kw name="AND Click word first and last character" library="Keyword">
<kw name="Click Element" library="Selenium2Library">
<doc>Click the element identified by ``locator``.</doc>
<arguments>
<arg>//*[@id="root"]/div/div[2]/div[2]/div[3]/div[2]/span[627]</arg>
</arguments>
<msg timestamp="20190927 15:31:46.943" level="INFO">Clicking element '//*[@id="root"]/div/div[2]/div[2]/div[3]/div[2]/span[627]'.</msg>
<status status="PASS" starttime="20190927 15:31:46.943" endtime="20190927 15:31:47.098"></status>
</kw>
<kw name="Sleep" library="BuiltIn">
<doc>Pauses the test executed for the given time.</doc>
<arguments>
<arg>2</arg>
<arg>s</arg>
</arguments>
<msg timestamp="20190927 15:31:49.099" level="INFO">Slept 2 seconds</msg>
<msg timestamp="20190927 15:31:49.099" level="INFO">s</msg>
<status status="PASS" starttime="20190927 15:31:47.099" endtime="20190927 15:31:49.099"></status>
</kw>
<kw name="Click Element" library="Selenium2Library">
<doc>Click the element identified by ``locator``.</doc>
<arguments>
<arg>//*[@id="root"]/div/div[2]/div[2]/div[3]/div[2]/span[633]</arg>
</arguments>
<msg timestamp="20190927 15:31:49.099" level="INFO">Clicking element '//*[@id="root"]/div/div[2]/div[2]/div[3]/div[2]/span[633]'.</msg>
<status status="PASS" starttime="20190927 15:31:49.099" endtime="20190927 15:31:49.215"></status>
</kw>
<kw name="Sleep" library="BuiltIn">
<doc>Pauses the test executed for the given time.</doc>
<arguments>
<arg>2</arg>
<arg>s</arg>
</arguments>
<msg timestamp="20190927 15:31:51.216" level="INFO">Slept 2 seconds</msg>
<msg timestamp="20190927 15:31:51.216" level="INFO">s</msg>
<status status="PASS" starttime="20190927 15:31:49.215" endtime="20190927 15:31:51.216"></status>
</kw>
<status status="PASS" starttime="20190927 15:31:46.943" endtime="20190927 15:31:51.216"></status>
</kw>
<kw name="AND Tag Entity" library="Keyword">
<kw name="Click Element" library="Selenium2Library">
<doc>Click the element identified by ``locator``.</doc>
<arguments>
<arg>//*[@id="root"]/div/div[2]/div[3]/div/div[2]/div/div/div/div/div[2]/div/div/div/div/div[2]/h/span[2]</arg>
</arguments>
<msg timestamp="20190927 15:31:51.217" level="INFO">Clicking element '//*[@id="root"]/div/div[2]/div[3]/div/div[2]/div/div/div/div/div[2]/div/div/div/div/div[2]/h/span[2]'.</msg>
<status status="PASS" starttime="20190927 15:31:51.217" endtime="20190927 15:31:51.346"></status>
</kw>
<kw name="Sleep" library="BuiltIn">
<doc>Pauses the test executed for the given time.</doc>
<arguments>
<arg>2</arg>
<arg>s</arg>
</arguments>
<msg timestamp="20190927 15:31:53.346" level="INFO">Slept 2 seconds</msg>
<msg timestamp="20190927 15:31:53.346" level="INFO">s</msg>
<status status="PASS" starttime="20190927 15:31:51.346" endtime="20190927 15:31:53.346"></status>
</kw>
<status status="PASS" starttime="20190927 15:31:51.217" endtime="20190927 15:31:53.346"></status>
</kw>
<kw name="AND Click Sentence Segmentation" library="Keyword">
<kw name="Click Element" library="Selenium2Library">
<doc>Click the element identified by ``locator``.</doc>
<arguments>
<arg>//*[@id="root"]/div/div[2]/div[2]/div[2]/p</arg>
</arguments>
<msg timestamp="20190927 15:31:53.348" level="INFO">Clicking element '//*[@id="root"]/div/div[2]/div[2]/div[2]/p'.</msg>
<status status="PASS" starttime="20190927 15:31:53.347" endtime="20190927 15:31:53.455"></status>
</kw>
<kw name="Sleep" library="BuiltIn">
<doc>Pauses the test executed for the given time.</doc>
<arguments>
<arg>2</arg>
<arg>s</arg>
</arguments>
<msg timestamp="20190927 15:31:55.456" level="INFO">Slept 2 seconds</msg>
<msg timestamp="20190927 15:31:55.456" level="INFO">s</msg>
<status status="PASS" starttime="20190927 15:31:53.455" endtime="20190927 15:31:55.456"></status>
</kw>
<status status="PASS" starttime="20190927 15:31:53.347" endtime="20190927 15:31:55.456"></status>
</kw>
<kw name="AND Close Browser" library="Selenium2Library">
<doc>Closes the current browser.</doc>
<status status="PASS" starttime="20190927 15:31:55.457" endtime="20190927 15:31:56.737"></status>
</kw>
<status status="PASS" starttime="20190927 15:31:26.002" endtime="20190927 15:31:56.738" critical="yes"></status>
</test>
<status status="PASS" starttime="20190927 15:31:25.396" endtime="20190927 15:31:56.740"></status>
</suite>
<statistics>
<total>
<stat pass="1" fail="0">Critical Tests</stat>
<stat pass="1" fail="0">All Tests</stat>
</total>
<tag>
</tag>
<suite>
<stat pass="1" fail="0" id="s1" name="Case44">Case44</stat>
</suite>
</statistics>
<errors>
</errors>
</robot>
