<?xml version="1.0" encoding="UTF-8"?>
<robot generator="Robot 3.1.2 (Python 3.7.4 on win32)" generated="20190926 23:17:13.627" rpa="false">
<suite id="s1" name="Case20" source="C:\Users\IBM_ADMIN\Desktop\thai\CorpusAutomated\case20\case20.robot">
<test id="s1-t1" name="Verify Word tagging button">
<kw name="Open Website">
<kw name="Open Browser" library="Selenium2Library">
<doc>Opens a new browser instance to the given ``url``.</doc>
<arguments>
<arg>${CorpusWeb}</arg>
<arg>${Browser}</arg>
</arguments>
<msg timestamp="20190926 23:17:14.301" level="INFO">Opening browser 'chrome' to base url 'http://localhost:3000/'.</msg>
<status status="PASS" starttime="20190926 23:17:14.301" endtime="20190926 23:17:19.305"></status>
</kw>
<kw name="Maximize Browser Window" library="Selenium2Library">
<doc>Maximizes current browser window.</doc>
<status status="PASS" starttime="20190926 23:17:19.306" endtime="20190926 23:17:19.431"></status>
</kw>
<status status="PASS" starttime="20190926 23:17:14.301" endtime="20190926 23:17:19.431"></status>
</kw>
<kw name="AND Click Login">
<kw name="Wait Until Element Is Visible" library="Selenium2Library">
<doc>Waits until the element ``locator`` is visible.</doc>
<arguments>
<arg>//*[@id="root"]/div/div/div/a[2]</arg>
</arguments>
<status status="PASS" starttime="20190926 23:17:19.432" endtime="20190926 23:17:19.492"></status>
</kw>
<kw name="Click Element" library="Selenium2Library">
<doc>Click the element identified by ``locator``.</doc>
<arguments>
<arg>//*[@id="root"]/div/div/div/a[2]</arg>
</arguments>
<msg timestamp="20190926 23:17:19.493" level="INFO">Clicking element '//*[@id="root"]/div/div/div/a[2]'.</msg>
<status status="PASS" starttime="20190926 23:17:19.492" endtime="20190926 23:17:19.923"></status>
</kw>
<kw name="Sleep" library="BuiltIn">
<doc>Pauses the test executed for the given time.</doc>
<arguments>
<arg>3</arg>
<arg>s</arg>
</arguments>
<msg timestamp="20190926 23:17:22.923" level="INFO">Slept 3 seconds</msg>
<msg timestamp="20190926 23:17:22.923" level="INFO">s</msg>
<status status="PASS" starttime="20190926 23:17:19.923" endtime="20190926 23:17:22.923"></status>
</kw>
<status status="PASS" starttime="20190926 23:17:19.431" endtime="20190926 23:17:22.923"></status>
</kw>
<kw name="AND Click Cat project">
<kw name="Wait Until Element Is Visible" library="Selenium2Library">
<doc>Waits until the element ``locator`` is visible.</doc>
<arguments>
<arg>//*[@id="root"]/div/div[3]/div/div[12]/div/div[1]/div</arg>
</arguments>
<status status="PASS" starttime="20190926 23:17:22.924" endtime="20190926 23:17:22.971"></status>
</kw>
<kw name="Click Element" library="Selenium2Library">
<doc>Click the element identified by ``locator``.</doc>
<arguments>
<arg>//*[@id="root"]/div/div[3]/div/div[12]/div/div[1]/div</arg>
</arguments>
<msg timestamp="20190926 23:17:22.971" level="INFO">Clicking element '//*[@id="root"]/div/div[3]/div/div[12]/div/div[1]/div'.</msg>
<status status="PASS" starttime="20190926 23:17:22.971" endtime="20190926 23:17:23.118"></status>
</kw>
<kw name="Sleep" library="BuiltIn">
<doc>Pauses the test executed for the given time.</doc>
<arguments>
<arg>3</arg>
<arg>s</arg>
</arguments>
<msg timestamp="20190926 23:17:26.119" level="INFO">Slept 3 seconds</msg>
<msg timestamp="20190926 23:17:26.119" level="INFO">s</msg>
<status status="PASS" starttime="20190926 23:17:23.119" endtime="20190926 23:17:26.119"></status>
</kw>
<status status="PASS" starttime="20190926 23:17:22.924" endtime="20190926 23:17:26.119"></status>
</kw>
<kw name="AND Click Tagging">
<kw name="Wait Until Element Is Visible" library="Selenium2Library">
<doc>Waits until the element ``locator`` is visible.</doc>
<arguments>
<arg>//*[@id="root"]/div/div[2]/div[1]/div/div/div/a[4]</arg>
</arguments>
<status status="PASS" starttime="20190926 23:17:26.121" endtime="20190926 23:17:26.162"></status>
</kw>
<kw name="Click Element" library="Selenium2Library">
<doc>Click the element identified by ``locator``.</doc>
<arguments>
<arg>//*[@id="root"]/div/div[2]/div[1]/div/div/div/a[4]</arg>
</arguments>
<msg timestamp="20190926 23:17:26.162" level="INFO">Clicking element '//*[@id="root"]/div/div[2]/div[1]/div/div/div/a[4]'.</msg>
<status status="PASS" starttime="20190926 23:17:26.162" endtime="20190926 23:17:26.246"></status>
</kw>
<kw name="Sleep" library="BuiltIn">
<doc>Pauses the test executed for the given time.</doc>
<arguments>
<arg>3</arg>
<arg>s</arg>
</arguments>
<msg timestamp="20190926 23:17:29.247" level="INFO">Slept 3 seconds</msg>
<msg timestamp="20190926 23:17:29.247" level="INFO">s</msg>
<status status="PASS" starttime="20190926 23:17:26.246" endtime="20190926 23:17:29.247"></status>
</kw>
<status status="PASS" starttime="20190926 23:17:26.120" endtime="20190926 23:17:29.248"></status>
</kw>
<kw name="AND Click Name document">
<kw name="Click Element" library="Selenium2Library">
<doc>Click the element identified by ``locator``.</doc>
<arguments>
<arg>//*[@id="root"]/div/div[2]/div[2]/table/tbody/tr/td[1]/div</arg>
</arguments>
<msg timestamp="20190926 23:17:29.250" level="INFO">Clicking element '//*[@id="root"]/div/div[2]/div[2]/table/tbody/tr/td[1]/div'.</msg>
<status status="PASS" starttime="20190926 23:17:29.249" endtime="20190926 23:17:29.356"></status>
</kw>
<kw name="Sleep" library="BuiltIn">
<doc>Pauses the test executed for the given time.</doc>
<arguments>
<arg>3</arg>
<arg>s</arg>
</arguments>
<msg timestamp="20190926 23:17:32.357" level="INFO">Slept 3 seconds</msg>
<msg timestamp="20190926 23:17:32.358" level="INFO">s</msg>
<status status="PASS" starttime="20190926 23:17:29.356" endtime="20190926 23:17:32.358"></status>
</kw>
<status status="PASS" starttime="20190926 23:17:29.249" endtime="20190926 23:17:32.358"></status>
</kw>
<kw name="AND Click First and last character of sentence">
<kw name="Click Element" library="Selenium2Library">
<doc>Click the element identified by ``locator``.</doc>
<arguments>
<arg>//*[@id="root"]/div/div[2]/div[2]/div[3]/div[2]/span[157]</arg>
</arguments>
<msg timestamp="20190926 23:17:32.361" level="INFO">Clicking element '//*[@id="root"]/div/div[2]/div[2]/div[3]/div[2]/span[157]'.</msg>
<status status="PASS" starttime="20190926 23:17:32.360" endtime="20190926 23:17:32.505"></status>
</kw>
<kw name="Sleep" library="BuiltIn">
<doc>Pauses the test executed for the given time.</doc>
<arguments>
<arg>2</arg>
<arg>s</arg>
</arguments>
<msg timestamp="20190926 23:17:34.506" level="INFO">Slept 2 seconds</msg>
<msg timestamp="20190926 23:17:34.506" level="INFO">s</msg>
<status status="PASS" starttime="20190926 23:17:32.505" endtime="20190926 23:17:34.506"></status>
</kw>
<kw name="Click Element" library="Selenium2Library">
<doc>Click the element identified by ``locator``.</doc>
<arguments>
<arg>//*[@id="root"]/div/div[2]/div[2]/div[3]/div[2]/span[223]</arg>
</arguments>
<msg timestamp="20190926 23:17:34.507" level="INFO">Clicking element '//*[@id="root"]/div/div[2]/div[2]/div[3]/div[2]/span[223]'.</msg>
<status status="PASS" starttime="20190926 23:17:34.506" endtime="20190926 23:17:34.630"></status>
</kw>
<status status="PASS" starttime="20190926 23:17:32.359" endtime="20190926 23:17:34.630"></status>
</kw>
<kw name="AND Click Segment">
<kw name="Click Element" library="Selenium2Library">
<doc>Click the element identified by ``locator``.</doc>
<arguments>
<arg>//*[@id="root"]/div/div[2]/div[3]/div[1]/button</arg>
</arguments>
<msg timestamp="20190926 23:17:34.633" level="INFO">Clicking element '//*[@id="root"]/div/div[2]/div[3]/div[1]/button'.</msg>
<status status="PASS" starttime="20190926 23:17:34.632" endtime="20190926 23:17:34.745"></status>
</kw>
<kw name="Sleep" library="BuiltIn">
<doc>Pauses the test executed for the given time.</doc>
<arguments>
<arg>3</arg>
<arg>s</arg>
</arguments>
<msg timestamp="20190926 23:17:37.746" level="INFO">Slept 3 seconds</msg>
<msg timestamp="20190926 23:17:37.746" level="INFO">s</msg>
<status status="PASS" starttime="20190926 23:17:34.745" endtime="20190926 23:17:37.746"></status>
</kw>
<status status="PASS" starttime="20190926 23:17:34.632" endtime="20190926 23:17:37.747"></status>
</kw>
<kw name="AND Click Word tagging">
<kw name="Click Element" library="Selenium2Library">
<doc>Click the element identified by ``locator``.</doc>
<arguments>
<arg>//*[@id="root"]/div/div[2]/div[2]/div[2]/p[2]</arg>
</arguments>
<msg timestamp="20190926 23:17:37.749" level="INFO">Clicking element '//*[@id="root"]/div/div[2]/div[2]/div[2]/p[2]'.</msg>
<status status="PASS" starttime="20190926 23:17:37.748" endtime="20190926 23:17:37.868"></status>
</kw>
<kw name="Sleep" library="BuiltIn">
<doc>Pauses the test executed for the given time.</doc>
<arguments>
<arg>3</arg>
<arg>s</arg>
</arguments>
<msg timestamp="20190926 23:17:40.869" level="INFO">Slept 3 seconds</msg>
<msg timestamp="20190926 23:17:40.869" level="INFO">s</msg>
<status status="PASS" starttime="20190926 23:17:37.868" endtime="20190926 23:17:40.869"></status>
</kw>
<status status="PASS" starttime="20190926 23:17:37.748" endtime="20190926 23:17:40.869"></status>
</kw>
<kw name="AND Close Website">
<kw name="Close Browser" library="Selenium2Library">
<doc>Closes the current browser.</doc>
<status status="PASS" starttime="20190926 23:17:40.871" endtime="20190926 23:17:42.177"></status>
</kw>
<status status="PASS" starttime="20190926 23:17:40.870" endtime="20190926 23:17:42.178"></status>
</kw>
<status status="PASS" starttime="20190926 23:17:14.300" endtime="20190926 23:17:42.179" critical="yes"></status>
</test>
<status status="PASS" starttime="20190926 23:17:13.633" endtime="20190926 23:17:42.183"></status>
</suite>
<statistics>
<total>
<stat pass="1" fail="0">Critical Tests</stat>
<stat pass="1" fail="0">All Tests</stat>
</total>
<tag>
</tag>
<suite>
<stat pass="1" fail="0" id="s1" name="Case20">Case20</stat>
</suite>
</statistics>
<errors>
</errors>
</robot>
