<?xml version="1.0" encoding="UTF-8"?>
<robot generator="Robot 3.1.2 (Python 3.7.4 on win32)" generated="20190926 01:39:23.722" rpa="false">
<suite id="s1" name="Case1" source="C:\Users\IBM_ADMIN\Desktop\thai\CorpusAutomated\case1\case1.robot">
<test id="s1-t1" name="Open Website">
<kw name="Open Browser" library="Selenium2Library">
<doc>Opens a new browser instance to the given ``url``.</doc>
<arguments>
<arg>${CorpusWeb}</arg>
<arg>${Browser}</arg>
</arguments>
<msg timestamp="20190926 01:39:24.436" level="INFO">Opening browser 'chrome' to base url 'http://localhost:3000/'.</msg>
<status status="PASS" starttime="20190926 01:39:24.435" endtime="20190926 01:39:28.422"></status>
</kw>
<status status="PASS" starttime="20190926 01:39:24.434" endtime="20190926 01:39:28.422" critical="yes"></status>
</test>
<test id="s1-t2" name="Click Login">
<kw name="Wait Until Element Is Visible" library="Selenium2Library">
<doc>Waits until the element ``locator`` is visible.</doc>
<arguments>
<arg>//*[@id="root"]/div/div/div/a[2]</arg>
</arguments>
<status status="PASS" starttime="20190926 01:39:28.427" endtime="20190926 01:39:28.481"></status>
</kw>
<kw name="Click Element" library="Selenium2Library">
<doc>Click the element identified by ``locator``.</doc>
<arguments>
<arg>//*[@id="root"]/div/div/div/a[2]</arg>
</arguments>
<msg timestamp="20190926 01:39:28.482" level="INFO">Clicking element '//*[@id="root"]/div/div/div/a[2]'.</msg>
<status status="PASS" starttime="20190926 01:39:28.482" endtime="20190926 01:39:28.945"></status>
</kw>
<kw name="Sleep" library="BuiltIn">
<doc>Pauses the test executed for the given time.</doc>
<arguments>
<arg>3</arg>
<arg>s</arg>
</arguments>
<msg timestamp="20190926 01:39:31.946" level="INFO">Slept 3 seconds</msg>
<msg timestamp="20190926 01:39:31.946" level="INFO">s</msg>
<status status="PASS" starttime="20190926 01:39:28.945" endtime="20190926 01:39:31.947"></status>
</kw>
<status status="PASS" starttime="20190926 01:39:28.425" endtime="20190926 01:39:31.947" critical="yes"></status>
</test>
<test id="s1-t3" name="Click cat project">
<kw name="Wait Until Element Is Visible" library="Selenium2Library">
<doc>Waits until the element ``locator`` is visible.</doc>
<arguments>
<arg>//*[@id="root"]/div/div[3]/div/div[12]/div/div[1]/div</arg>
</arguments>
<status status="PASS" starttime="20190926 01:39:31.954" endtime="20190926 01:39:32.098"></status>
</kw>
<kw name="Click Element" library="Selenium2Library">
<doc>Click the element identified by ``locator``.</doc>
<arguments>
<arg>//*[@id="root"]/div/div[3]/div/div[12]/div/div[1]/div</arg>
</arguments>
<msg timestamp="20190926 01:39:32.100" level="INFO">Clicking element '//*[@id="root"]/div/div[3]/div/div[12]/div/div[1]/div'.</msg>
<status status="PASS" starttime="20190926 01:39:32.099" endtime="20190926 01:39:32.289"></status>
</kw>
<kw name="Sleep" library="BuiltIn">
<doc>Pauses the test executed for the given time.</doc>
<arguments>
<arg>3</arg>
<arg>s</arg>
</arguments>
<msg timestamp="20190926 01:39:35.290" level="INFO">Slept 3 seconds</msg>
<msg timestamp="20190926 01:39:35.290" level="INFO">s</msg>
<status status="PASS" starttime="20190926 01:39:32.290" endtime="20190926 01:39:35.290"></status>
</kw>
<status status="PASS" starttime="20190926 01:39:31.952" endtime="20190926 01:39:35.291" critical="yes"></status>
</test>
<test id="s1-t4" name="Click Back to project">
<kw name="Wait Until Element Is Visible" library="Selenium2Library">
<doc>Waits until the element ``locator`` is visible.</doc>
<arguments>
<arg>//*[@id="root"]/div/div[2]/div[1]/div/div/div/a[1]</arg>
</arguments>
<status status="PASS" starttime="20190926 01:39:35.294" endtime="20190926 01:39:35.327"></status>
</kw>
<kw name="Click Element" library="Selenium2Library">
<doc>Click the element identified by ``locator``.</doc>
<arguments>
<arg>//*[@id="root"]/div/div[2]/div[1]/div/div/div/a[1]</arg>
</arguments>
<msg timestamp="20190926 01:39:35.327" level="INFO">Clicking element '//*[@id="root"]/div/div[2]/div[1]/div/div/div/a[1]'.</msg>
<status status="PASS" starttime="20190926 01:39:35.327" endtime="20190926 01:39:36.003"></status>
</kw>
<status status="PASS" starttime="20190926 01:39:35.292" endtime="20190926 01:39:36.005" critical="yes"></status>
</test>
<status status="PASS" starttime="20190926 01:39:23.728" endtime="20190926 01:39:36.009"></status>
</suite>
<statistics>
<total>
<stat pass="4" fail="0">Critical Tests</stat>
<stat pass="4" fail="0">All Tests</stat>
</total>
<tag>
</tag>
<suite>
<stat pass="4" fail="0" id="s1" name="Case1">Case1</stat>
</suite>
</statistics>
<errors>
</errors>
</robot>
