<?xml version="1.0" encoding="UTF-8"?>
<robot generator="Robot 3.1.2 (Python 3.7.4 on win32)" generated="20190927 11:06:10.503" rpa="false">
<suite id="s1" name="Case27" source="C:\Users\IBM_ADMIN\Desktop\thai\CorpusAutomated\case27\case27.robot">
<test id="s1-t1" name="Verify Word tagging button">
<kw name="Open Website" library="Keyword">
<kw name="Open Browser" library="Selenium2Library">
<doc>Opens a new browser instance to the given ``url``.</doc>
<arguments>
<arg>${CorpusWeb}</arg>
<arg>${Browser}</arg>
</arguments>
<msg timestamp="20190927 11:06:11.046" level="INFO">Opening browser 'chrome' to base url 'http://localhost:3000/'.</msg>
<status status="PASS" starttime="20190927 11:06:11.045" endtime="20190927 11:06:16.133"></status>
</kw>
<kw name="Maximize Browser Window" library="Selenium2Library">
<doc>Maximizes current browser window.</doc>
<status status="PASS" starttime="20190927 11:06:16.133" endtime="20190927 11:06:16.258"></status>
</kw>
<status status="PASS" starttime="20190927 11:06:11.045" endtime="20190927 11:06:16.259"></status>
</kw>
<kw name="AND Click Login" library="Keyword">
<kw name="Wait Until Element Is Visible" library="Selenium2Library">
<doc>Waits until the element ``locator`` is visible.</doc>
<arguments>
<arg>//*[@id="root"]/div/div/div/a[2]</arg>
</arguments>
<status status="PASS" starttime="20190927 11:06:16.259" endtime="20190927 11:06:16.336"></status>
</kw>
<kw name="Click Element" library="Selenium2Library">
<doc>Click the element identified by ``locator``.</doc>
<arguments>
<arg>//*[@id="root"]/div/div/div/a[2]</arg>
</arguments>
<msg timestamp="20190927 11:06:16.337" level="INFO">Clicking element '//*[@id="root"]/div/div/div/a[2]'.</msg>
<status status="PASS" starttime="20190927 11:06:16.337" endtime="20190927 11:06:16.886"></status>
</kw>
<kw name="Sleep" library="BuiltIn">
<doc>Pauses the test executed for the given time.</doc>
<arguments>
<arg>3</arg>
<arg>s</arg>
</arguments>
<msg timestamp="20190927 11:06:19.886" level="INFO">Slept 3 seconds</msg>
<msg timestamp="20190927 11:06:19.886" level="INFO">s</msg>
<status status="PASS" starttime="20190927 11:06:16.886" endtime="20190927 11:06:19.886"></status>
</kw>
<status status="PASS" starttime="20190927 11:06:16.259" endtime="20190927 11:06:19.886"></status>
</kw>
<kw name="AND Click cat project" library="Keyword">
<kw name="Wait Until Element Is Visible" library="Selenium2Library">
<doc>Waits until the element ``locator`` is visible.</doc>
<arguments>
<arg>//*[@id="root"]/div/div[3]/div/div[12]/div/div[1]/div</arg>
</arguments>
<status status="PASS" starttime="20190927 11:06:19.887" endtime="20190927 11:06:19.933"></status>
</kw>
<kw name="Click Element" library="Selenium2Library">
<doc>Click the element identified by ``locator``.</doc>
<arguments>
<arg>//*[@id="root"]/div/div[3]/div/div[12]/div/div[1]/div</arg>
</arguments>
<msg timestamp="20190927 11:06:19.933" level="INFO">Clicking element '//*[@id="root"]/div/div[3]/div/div[12]/div/div[1]/div'.</msg>
<status status="PASS" starttime="20190927 11:06:19.933" endtime="20190927 11:06:20.076"></status>
</kw>
<kw name="Sleep" library="BuiltIn">
<doc>Pauses the test executed for the given time.</doc>
<arguments>
<arg>3</arg>
<arg>s</arg>
</arguments>
<msg timestamp="20190927 11:06:23.077" level="INFO">Slept 3 seconds</msg>
<msg timestamp="20190927 11:06:23.077" level="INFO">s</msg>
<status status="PASS" starttime="20190927 11:06:20.076" endtime="20190927 11:06:23.077"></status>
</kw>
<status status="PASS" starttime="20190927 11:06:19.887" endtime="20190927 11:06:23.077"></status>
</kw>
<kw name="AND Click tagging" library="Keyword">
<kw name="Wait Until Element Is Visible" library="Selenium2Library">
<doc>Waits until the element ``locator`` is visible.</doc>
<arguments>
<arg>//*[@id="root"]/div/div[2]/div[1]/div/div/div/a[4]</arg>
</arguments>
<status status="PASS" starttime="20190927 11:06:23.078" endtime="20190927 11:06:23.116"></status>
</kw>
<kw name="Click Element" library="Selenium2Library">
<doc>Click the element identified by ``locator``.</doc>
<arguments>
<arg>//*[@id="root"]/div/div[2]/div[1]/div/div/div/a[4]</arg>
</arguments>
<msg timestamp="20190927 11:06:23.116" level="INFO">Clicking element '//*[@id="root"]/div/div[2]/div[1]/div/div/div/a[4]'.</msg>
<status status="PASS" starttime="20190927 11:06:23.116" endtime="20190927 11:06:23.223"></status>
</kw>
<kw name="Sleep" library="BuiltIn">
<doc>Pauses the test executed for the given time.</doc>
<arguments>
<arg>3</arg>
<arg>s</arg>
</arguments>
<msg timestamp="20190927 11:06:26.224" level="INFO">Slept 3 seconds</msg>
<msg timestamp="20190927 11:06:26.224" level="INFO">s</msg>
<status status="PASS" starttime="20190927 11:06:23.223" endtime="20190927 11:06:26.224"></status>
</kw>
<status status="PASS" starttime="20190927 11:06:23.078" endtime="20190927 11:06:26.224"></status>
</kw>
<kw name="AND Click Name document" library="Keyword">
<kw name="Click Element" library="Selenium2Library">
<doc>Click the element identified by ``locator``.</doc>
<arguments>
<arg>//*[@id="root"]/div/div[2]/div[2]/table/tbody/tr/td[1]/div</arg>
</arguments>
<msg timestamp="20190927 11:06:26.226" level="INFO">Clicking element '//*[@id="root"]/div/div[2]/div[2]/table/tbody/tr/td[1]/div'.</msg>
<status status="PASS" starttime="20190927 11:06:26.225" endtime="20190927 11:06:26.339"></status>
</kw>
<kw name="Sleep" library="BuiltIn">
<doc>Pauses the test executed for the given time.</doc>
<arguments>
<arg>3</arg>
<arg>s</arg>
</arguments>
<msg timestamp="20190927 11:06:29.341" level="INFO">Slept 3 seconds</msg>
<msg timestamp="20190927 11:06:29.341" level="INFO">s</msg>
<status status="PASS" starttime="20190927 11:06:26.340" endtime="20190927 11:06:29.341"></status>
</kw>
<status status="PASS" starttime="20190927 11:06:26.225" endtime="20190927 11:06:29.341"></status>
</kw>
<kw name="AND Click First and last character of sentence" library="Keyword">
<kw name="Click Element" library="Selenium2Library">
<doc>Click the element identified by ``locator``.</doc>
<arguments>
<arg>//*[@id="root"]/div/div[2]/div[2]/div[3]/div[2]/span[157]</arg>
</arguments>
<msg timestamp="20190927 11:06:29.342" level="INFO">Clicking element '//*[@id="root"]/div/div[2]/div[2]/div[3]/div[2]/span[157]'.</msg>
<status status="PASS" starttime="20190927 11:06:29.342" endtime="20190927 11:06:29.548"></status>
</kw>
<kw name="Sleep" library="BuiltIn">
<doc>Pauses the test executed for the given time.</doc>
<arguments>
<arg>2</arg>
<arg>s</arg>
</arguments>
<msg timestamp="20190927 11:06:31.549" level="INFO">Slept 2 seconds</msg>
<msg timestamp="20190927 11:06:31.549" level="INFO">s</msg>
<status status="PASS" starttime="20190927 11:06:29.549" endtime="20190927 11:06:31.549"></status>
</kw>
<kw name="Click Element" library="Selenium2Library">
<doc>Click the element identified by ``locator``.</doc>
<arguments>
<arg>//*[@id="root"]/div/div[2]/div[2]/div[3]/div[2]/span[223]</arg>
</arguments>
<msg timestamp="20190927 11:06:31.549" level="INFO">Clicking element '//*[@id="root"]/div/div[2]/div[2]/div[3]/div[2]/span[223]'.</msg>
<status status="PASS" starttime="20190927 11:06:31.549" endtime="20190927 11:06:31.745"></status>
</kw>
<kw name="Sleep" library="BuiltIn">
<doc>Pauses the test executed for the given time.</doc>
<arguments>
<arg>2</arg>
<arg>s</arg>
</arguments>
<msg timestamp="20190927 11:06:33.746" level="INFO">Slept 2 seconds</msg>
<msg timestamp="20190927 11:06:33.746" level="INFO">s</msg>
<status status="PASS" starttime="20190927 11:06:31.745" endtime="20190927 11:06:33.746"></status>
</kw>
<status status="PASS" starttime="20190927 11:06:29.342" endtime="20190927 11:06:33.746"></status>
</kw>
<kw name="AND Click Segment" library="Keyword">
<kw name="Click Element" library="Selenium2Library">
<doc>Click the element identified by ``locator``.</doc>
<arguments>
<arg>//*[@id="root"]/div/div[2]/div[3]/div[1]/button</arg>
</arguments>
<msg timestamp="20190927 11:06:33.747" level="INFO">Clicking element '//*[@id="root"]/div/div[2]/div[3]/div[1]/button'.</msg>
<status status="PASS" starttime="20190927 11:06:33.747" endtime="20190927 11:06:33.871"></status>
</kw>
<kw name="Sleep" library="BuiltIn">
<doc>Pauses the test executed for the given time.</doc>
<arguments>
<arg>3</arg>
<arg>s</arg>
</arguments>
<msg timestamp="20190927 11:06:36.871" level="INFO">Slept 3 seconds</msg>
<msg timestamp="20190927 11:06:36.871" level="INFO">s</msg>
<status status="PASS" starttime="20190927 11:06:33.871" endtime="20190927 11:06:36.871"></status>
</kw>
<status status="PASS" starttime="20190927 11:06:33.747" endtime="20190927 11:06:36.871"></status>
</kw>
<kw name="AND Click Select document" library="Keyword">
<kw name="Click Element" library="Selenium2Library">
<doc>Click the element identified by ``locator``.</doc>
<arguments>
<arg>//*[@id="root"]/div/div[2]/div[2]/div[2]/p[1]</arg>
</arguments>
<msg timestamp="20190927 11:06:36.872" level="INFO">Clicking element '//*[@id="root"]/div/div[2]/div[2]/div[2]/p[1]'.</msg>
<status status="PASS" starttime="20190927 11:06:36.872" endtime="20190927 11:06:36.994"></status>
</kw>
<kw name="Sleep" library="BuiltIn">
<doc>Pauses the test executed for the given time.</doc>
<arguments>
<arg>3</arg>
<arg>s</arg>
</arguments>
<msg timestamp="20190927 11:06:39.994" level="INFO">Slept 3 seconds</msg>
<msg timestamp="20190927 11:06:39.994" level="INFO">s</msg>
<status status="PASS" starttime="20190927 11:06:36.994" endtime="20190927 11:06:39.994"></status>
</kw>
<status status="PASS" starttime="20190927 11:06:36.872" endtime="20190927 11:06:39.994"></status>
</kw>
<kw name="AND Close Browser" library="Selenium2Library">
<doc>Closes the current browser.</doc>
<status status="PASS" starttime="20190927 11:06:39.995" endtime="20190927 11:06:41.287"></status>
</kw>
<status status="PASS" starttime="20190927 11:06:11.044" endtime="20190927 11:06:41.288" critical="yes"></status>
</test>
<status status="PASS" starttime="20190927 11:06:10.508" endtime="20190927 11:06:41.290"></status>
</suite>
<statistics>
<total>
<stat pass="1" fail="0">Critical Tests</stat>
<stat pass="1" fail="0">All Tests</stat>
</total>
<tag>
</tag>
<suite>
<stat pass="1" fail="0" id="s1" name="Case27">Case27</stat>
</suite>
</statistics>
<errors>
</errors>
</robot>
