<?xml version="1.0" encoding="UTF-8"?>
<robot generator="Robot 3.1.2 (Python 3.7.4 on win32)" generated="20190927 14:36:31.762" rpa="false">
<suite id="s1" name="Case39" source="C:\Users\IBM_ADMIN\Desktop\thai\CorpusAutomated\case39\case39.robot">
<test id="s1-t1" name="Verify Sentence Segmentation button">
<kw name="Open Website" library="Keyword">
<kw name="Open Browser" library="Selenium2Library">
<doc>Opens a new browser instance to the given ``url``.</doc>
<arguments>
<arg>${CorpusWeb}</arg>
<arg>${Browser}</arg>
</arguments>
<msg timestamp="20190927 14:36:32.426" level="INFO">Opening browser 'chrome' to base url 'http://localhost:3000/'.</msg>
<status status="PASS" starttime="20190927 14:36:32.425" endtime="20190927 14:36:37.897"></status>
</kw>
<kw name="Maximize Browser Window" library="Selenium2Library">
<doc>Maximizes current browser window.</doc>
<status status="PASS" starttime="20190927 14:36:37.898" endtime="20190927 14:36:38.047"></status>
</kw>
<status status="PASS" starttime="20190927 14:36:32.425" endtime="20190927 14:36:38.048"></status>
</kw>
<kw name="AND Click Login" library="Keyword">
<kw name="Wait Until Element Is Visible" library="Selenium2Library">
<doc>Waits until the element ``locator`` is visible.</doc>
<arguments>
<arg>//*[@id="root"]/div/div/div/a[2]</arg>
</arguments>
<status status="PASS" starttime="20190927 14:36:38.048" endtime="20190927 14:36:38.100"></status>
</kw>
<kw name="Click Element" library="Selenium2Library">
<doc>Click the element identified by ``locator``.</doc>
<arguments>
<arg>//*[@id="root"]/div/div/div/a[2]</arg>
</arguments>
<msg timestamp="20190927 14:36:38.100" level="INFO">Clicking element '//*[@id="root"]/div/div/div/a[2]'.</msg>
<status status="PASS" starttime="20190927 14:36:38.100" endtime="20190927 14:36:38.497"></status>
</kw>
<kw name="Sleep" library="BuiltIn">
<doc>Pauses the test executed for the given time.</doc>
<arguments>
<arg>3</arg>
<arg>s</arg>
</arguments>
<msg timestamp="20190927 14:36:41.498" level="INFO">Slept 3 seconds</msg>
<msg timestamp="20190927 14:36:41.498" level="INFO">s</msg>
<status status="PASS" starttime="20190927 14:36:38.497" endtime="20190927 14:36:41.498"></status>
</kw>
<status status="PASS" starttime="20190927 14:36:38.048" endtime="20190927 14:36:41.498"></status>
</kw>
<kw name="AND Click cat project" library="Keyword">
<kw name="Wait Until Element Is Visible" library="Selenium2Library">
<doc>Waits until the element ``locator`` is visible.</doc>
<arguments>
<arg>//*[@id="root"]/div/div[3]/div/div[12]/div/div[1]/div</arg>
</arguments>
<status status="PASS" starttime="20190927 14:36:41.499" endtime="20190927 14:36:41.540"></status>
</kw>
<kw name="Click Element" library="Selenium2Library">
<doc>Click the element identified by ``locator``.</doc>
<arguments>
<arg>//*[@id="root"]/div/div[3]/div/div[12]/div/div[1]/div</arg>
</arguments>
<msg timestamp="20190927 14:36:41.540" level="INFO">Clicking element '//*[@id="root"]/div/div[3]/div/div[12]/div/div[1]/div'.</msg>
<status status="PASS" starttime="20190927 14:36:41.540" endtime="20190927 14:36:41.665"></status>
</kw>
<kw name="Sleep" library="BuiltIn">
<doc>Pauses the test executed for the given time.</doc>
<arguments>
<arg>3</arg>
<arg>s</arg>
</arguments>
<msg timestamp="20190927 14:36:44.666" level="INFO">Slept 3 seconds</msg>
<msg timestamp="20190927 14:36:44.666" level="INFO">s</msg>
<status status="PASS" starttime="20190927 14:36:41.666" endtime="20190927 14:36:44.666"></status>
</kw>
<status status="PASS" starttime="20190927 14:36:41.499" endtime="20190927 14:36:44.666"></status>
</kw>
<kw name="AND Click tagging" library="Keyword">
<kw name="Wait Until Element Is Visible" library="Selenium2Library">
<doc>Waits until the element ``locator`` is visible.</doc>
<arguments>
<arg>//*[@id="root"]/div/div[2]/div[1]/div/div/div/a[4]</arg>
</arguments>
<status status="PASS" starttime="20190927 14:36:44.667" endtime="20190927 14:36:44.702"></status>
</kw>
<kw name="Click Element" library="Selenium2Library">
<doc>Click the element identified by ``locator``.</doc>
<arguments>
<arg>//*[@id="root"]/div/div[2]/div[1]/div/div/div/a[4]</arg>
</arguments>
<msg timestamp="20190927 14:36:44.703" level="INFO">Clicking element '//*[@id="root"]/div/div[2]/div[1]/div/div/div/a[4]'.</msg>
<status status="PASS" starttime="20190927 14:36:44.702" endtime="20190927 14:36:44.805"></status>
</kw>
<kw name="Sleep" library="BuiltIn">
<doc>Pauses the test executed for the given time.</doc>
<arguments>
<arg>3</arg>
<arg>s</arg>
</arguments>
<msg timestamp="20190927 14:36:47.806" level="INFO">Slept 3 seconds</msg>
<msg timestamp="20190927 14:36:47.806" level="INFO">s</msg>
<status status="PASS" starttime="20190927 14:36:44.805" endtime="20190927 14:36:47.806"></status>
</kw>
<status status="PASS" starttime="20190927 14:36:44.666" endtime="20190927 14:36:47.806"></status>
</kw>
<kw name="AND Click Name document" library="Keyword">
<kw name="Click Element" library="Selenium2Library">
<doc>Click the element identified by ``locator``.</doc>
<arguments>
<arg>//*[@id="root"]/div/div[2]/div[2]/table/tbody/tr/td[1]/div</arg>
</arguments>
<msg timestamp="20190927 14:36:47.808" level="INFO">Clicking element '//*[@id="root"]/div/div[2]/div[2]/table/tbody/tr/td[1]/div'.</msg>
<status status="PASS" starttime="20190927 14:36:47.808" endtime="20190927 14:36:47.922"></status>
</kw>
<kw name="Sleep" library="BuiltIn">
<doc>Pauses the test executed for the given time.</doc>
<arguments>
<arg>3</arg>
<arg>s</arg>
</arguments>
<msg timestamp="20190927 14:36:50.922" level="INFO">Slept 3 seconds</msg>
<msg timestamp="20190927 14:36:50.922" level="INFO">s</msg>
<status status="PASS" starttime="20190927 14:36:47.922" endtime="20190927 14:36:50.922"></status>
</kw>
<status status="PASS" starttime="20190927 14:36:47.807" endtime="20190927 14:36:50.922"></status>
</kw>
<kw name="AND Click Word tagging" library="Keyword">
<kw name="Click Element" library="Selenium2Library">
<doc>Click the element identified by ``locator``.</doc>
<arguments>
<arg>//*[@id="root"]/div/div[2]/div[2]/div[2]/p[2]</arg>
</arguments>
<msg timestamp="20190927 14:36:50.924" level="INFO">Clicking element '//*[@id="root"]/div/div[2]/div[2]/div[2]/p[2]'.</msg>
<status status="PASS" starttime="20190927 14:36:50.923" endtime="20190927 14:36:51.080"></status>
</kw>
<kw name="Sleep" library="BuiltIn">
<doc>Pauses the test executed for the given time.</doc>
<arguments>
<arg>3</arg>
<arg>s</arg>
</arguments>
<msg timestamp="20190927 14:36:54.082" level="INFO">Slept 3 seconds</msg>
<msg timestamp="20190927 14:36:54.082" level="INFO">s</msg>
<status status="PASS" starttime="20190927 14:36:51.081" endtime="20190927 14:36:54.082"></status>
</kw>
<status status="PASS" starttime="20190927 14:36:50.923" endtime="20190927 14:36:54.082"></status>
</kw>
<kw name="AND Click dropdown status" library="Keyword">
<kw name="Click Element" library="Selenium2Library">
<doc>Click the element identified by ``locator``.</doc>
<arguments>
<arg>//*[@id="root"]/div/div[2]/div[2]/div[2]/div/div/div/button</arg>
</arguments>
<msg timestamp="20190927 14:36:54.083" level="INFO">Clicking element '//*[@id="root"]/div/div[2]/div[2]/div[2]/div/div/div/button'.</msg>
<status status="PASS" starttime="20190927 14:36:54.083" endtime="20190927 14:36:54.177"></status>
</kw>
<kw name="Sleep" library="BuiltIn">
<doc>Pauses the test executed for the given time.</doc>
<arguments>
<arg>3</arg>
<arg>s</arg>
</arguments>
<msg timestamp="20190927 14:36:57.178" level="INFO">Slept 3 seconds</msg>
<msg timestamp="20190927 14:36:57.178" level="INFO">s</msg>
<status status="PASS" starttime="20190927 14:36:54.178" endtime="20190927 14:36:57.178"></status>
</kw>
<status status="PASS" starttime="20190927 14:36:54.083" endtime="20190927 14:36:57.178"></status>
</kw>
<kw name="AND Choose Complete" library="Keyword">
<kw name="Click Element" library="Selenium2Library">
<doc>Click the element identified by ``locator``.</doc>
<arguments>
<arg>//*[@id="root"]/div/div[2]/div[2]/div[2]/div/div/div/div</arg>
</arguments>
<msg timestamp="20190927 14:36:57.180" level="INFO">Clicking element '//*[@id="root"]/div/div[2]/div[2]/div[2]/div/div/div/div'.</msg>
<status status="PASS" starttime="20190927 14:36:57.179" endtime="20190927 14:36:57.315"></status>
</kw>
<kw name="Sleep" library="BuiltIn">
<doc>Pauses the test executed for the given time.</doc>
<arguments>
<arg>2</arg>
<arg>s</arg>
</arguments>
<msg timestamp="20190927 14:36:59.316" level="INFO">Slept 2 seconds</msg>
<msg timestamp="20190927 14:36:59.316" level="INFO">s</msg>
<status status="PASS" starttime="20190927 14:36:57.315" endtime="20190927 14:36:59.316"></status>
</kw>
<status status="PASS" starttime="20190927 14:36:57.179" endtime="20190927 14:36:59.316"></status>
</kw>
<kw name="AND Click Sentence Segmentation" library="Keyword">
<kw name="Click Element" library="Selenium2Library">
<doc>Click the element identified by ``locator``.</doc>
<arguments>
<arg>//*[@id="root"]/div/div[2]/div[2]/div[2]/p</arg>
</arguments>
<msg timestamp="20190927 14:36:59.317" level="INFO">Clicking element '//*[@id="root"]/div/div[2]/div[2]/div[2]/p'.</msg>
<status status="PASS" starttime="20190927 14:36:59.317" endtime="20190927 14:36:59.482"></status>
</kw>
<kw name="Sleep" library="BuiltIn">
<doc>Pauses the test executed for the given time.</doc>
<arguments>
<arg>2</arg>
<arg>s</arg>
</arguments>
<msg timestamp="20190927 14:37:01.483" level="INFO">Slept 2 seconds</msg>
<msg timestamp="20190927 14:37:01.483" level="INFO">s</msg>
<status status="PASS" starttime="20190927 14:36:59.483" endtime="20190927 14:37:01.483"></status>
</kw>
<status status="PASS" starttime="20190927 14:36:59.317" endtime="20190927 14:37:01.483"></status>
</kw>
<kw name="AND Click Save in pop up" library="Keyword">
<kw name="Click Element" library="Selenium2Library">
<doc>Click the element identified by ``locator``.</doc>
<arguments>
<arg>//*[@id="root"]/div/div[3]/div/div[2]/div/button[2]</arg>
</arguments>
<msg timestamp="20190927 14:37:01.485" level="INFO">Clicking element '//*[@id="root"]/div/div[3]/div/div[2]/div/button[2]'.</msg>
<status status="PASS" starttime="20190927 14:37:01.485" endtime="20190927 14:37:01.632"></status>
</kw>
<kw name="Sleep" library="BuiltIn">
<doc>Pauses the test executed for the given time.</doc>
<arguments>
<arg>3</arg>
<arg>s</arg>
</arguments>
<msg timestamp="20190927 14:37:04.633" level="INFO">Slept 3 seconds</msg>
<msg timestamp="20190927 14:37:04.633" level="INFO">s</msg>
<status status="PASS" starttime="20190927 14:37:01.632" endtime="20190927 14:37:04.633"></status>
</kw>
<status status="PASS" starttime="20190927 14:37:01.485" endtime="20190927 14:37:04.633"></status>
</kw>
<kw name="AND Close Browser" library="Selenium2Library">
<doc>Closes the current browser.</doc>
<status status="PASS" starttime="20190927 14:37:04.634" endtime="20190927 14:37:05.927"></status>
</kw>
<status status="PASS" starttime="20190927 14:36:32.420" endtime="20190927 14:37:05.928" critical="yes"></status>
</test>
<status status="PASS" starttime="20190927 14:36:31.768" endtime="20190927 14:37:05.930"></status>
</suite>
<statistics>
<total>
<stat pass="1" fail="0">Critical Tests</stat>
<stat pass="1" fail="0">All Tests</stat>
</total>
<tag>
</tag>
<suite>
<stat pass="1" fail="0" id="s1" name="Case39">Case39</stat>
</suite>
</statistics>
<errors>
</errors>
</robot>
