<?xml version="1.0" encoding="UTF-8"?>
<robot generator="Robot 3.1.2 (Python 3.7.4 on win32)" generated="20190930 03:00:44.240" rpa="false">
<suite id="s1" name="Case10" source="C:\Users\IBM_ADMIN\Desktop\thai\CorpusAutomated\case10\case10.robot">
<test id="s1-t1" name="Verify name of document">
<kw name="Open Website">
<kw name="Open Browser" library="Selenium2Library">
<doc>Opens a new browser instance to the given ``url``.</doc>
<arguments>
<arg>${CorpusWeb}</arg>
<arg>${Browser}</arg>
</arguments>
<msg timestamp="20190930 03:00:44.890" level="INFO">Opening browser 'chrome' to base url 'http://localhost:3000/'.</msg>
<status status="PASS" starttime="20190930 03:00:44.890" endtime="20190930 03:00:48.499"></status>
</kw>
<kw name="Maximize Browser Window" library="Selenium2Library">
<doc>Maximizes current browser window.</doc>
<status status="PASS" starttime="20190930 03:00:48.499" endtime="20190930 03:00:48.631"></status>
</kw>
<status status="PASS" starttime="20190930 03:00:44.890" endtime="20190930 03:00:48.631"></status>
</kw>
<kw name="AND Click Login">
<kw name="Wait Until Element Is Visible" library="Selenium2Library">
<doc>Waits until the element ``locator`` is visible.</doc>
<arguments>
<arg>//*[@id="root"]/div/div/div/a[2]</arg>
</arguments>
<status status="PASS" starttime="20190930 03:00:48.632" endtime="20190930 03:00:48.675"></status>
</kw>
<kw name="Click Element" library="Selenium2Library">
<doc>Click the element identified by ``locator``.</doc>
<arguments>
<arg>//*[@id="root"]/div/div/div/a[2]</arg>
</arguments>
<msg timestamp="20190930 03:00:48.676" level="INFO">Clicking element '//*[@id="root"]/div/div/div/a[2]'.</msg>
<status status="PASS" starttime="20190930 03:00:48.676" endtime="20190930 03:00:49.081"></status>
</kw>
<kw name="Sleep" library="BuiltIn">
<doc>Pauses the test executed for the given time.</doc>
<arguments>
<arg>3</arg>
<arg>s</arg>
</arguments>
<msg timestamp="20190930 03:00:52.082" level="INFO">Slept 3 seconds</msg>
<msg timestamp="20190930 03:00:52.082" level="INFO">s</msg>
<status status="PASS" starttime="20190930 03:00:49.081" endtime="20190930 03:00:52.082"></status>
</kw>
<status status="PASS" starttime="20190930 03:00:48.632" endtime="20190930 03:00:52.082"></status>
</kw>
<kw name="AND Click Cat project">
<kw name="Wait Until Element Is Visible" library="Selenium2Library">
<doc>Waits until the element ``locator`` is visible.</doc>
<arguments>
<arg>//*[@id="root"]/div/div[3]/div/div[3]/div/div[1]/div</arg>
</arguments>
<status status="PASS" starttime="20190930 03:00:52.083" endtime="20190930 03:00:52.127"></status>
</kw>
<kw name="Click Element" library="Selenium2Library">
<doc>Click the element identified by ``locator``.</doc>
<arguments>
<arg>//*[@id="root"]/div/div[3]/div/div[3]/div/div[1]/div</arg>
</arguments>
<msg timestamp="20190930 03:00:52.127" level="INFO">Clicking element '//*[@id="root"]/div/div[3]/div/div[3]/div/div[1]/div'.</msg>
<status status="PASS" starttime="20190930 03:00:52.127" endtime="20190930 03:00:52.405"></status>
</kw>
<kw name="Sleep" library="BuiltIn">
<doc>Pauses the test executed for the given time.</doc>
<arguments>
<arg>3</arg>
<arg>s</arg>
</arguments>
<msg timestamp="20190930 03:00:55.406" level="INFO">Slept 3 seconds</msg>
<msg timestamp="20190930 03:00:55.406" level="INFO">s</msg>
<status status="PASS" starttime="20190930 03:00:52.405" endtime="20190930 03:00:55.406"></status>
</kw>
<status status="PASS" starttime="20190930 03:00:52.083" endtime="20190930 03:00:55.406"></status>
</kw>
<kw name="AND Click Tagging">
<kw name="Wait Until Element Is Visible" library="Selenium2Library">
<doc>Waits until the element ``locator`` is visible.</doc>
<arguments>
<arg>//*[@id="root"]/div/div[2]/div[1]/div/div/div/a[4]</arg>
</arguments>
<status status="PASS" starttime="20190930 03:00:55.407" endtime="20190930 03:00:55.448"></status>
</kw>
<kw name="Click Element" library="Selenium2Library">
<doc>Click the element identified by ``locator``.</doc>
<arguments>
<arg>//*[@id="root"]/div/div[2]/div[1]/div/div/div/a[4]</arg>
</arguments>
<msg timestamp="20190930 03:00:55.449" level="INFO">Clicking element '//*[@id="root"]/div/div[2]/div[1]/div/div/div/a[4]'.</msg>
<status status="PASS" starttime="20190930 03:00:55.448" endtime="20190930 03:00:55.538"></status>
</kw>
<kw name="Sleep" library="BuiltIn">
<doc>Pauses the test executed for the given time.</doc>
<arguments>
<arg>3</arg>
<arg>s</arg>
</arguments>
<msg timestamp="20190930 03:00:58.539" level="INFO">Slept 3 seconds</msg>
<msg timestamp="20190930 03:00:58.539" level="INFO">s</msg>
<status status="PASS" starttime="20190930 03:00:55.539" endtime="20190930 03:00:58.539"></status>
</kw>
<status status="PASS" starttime="20190930 03:00:55.407" endtime="20190930 03:00:58.539"></status>
</kw>
<kw name="AND Click Name document">
<kw name="Click Element" library="Selenium2Library">
<doc>Click the element identified by ``locator``.</doc>
<arguments>
<arg>//*[@id="root"]/div/div[2]/div[2]/table/tbody/tr/td[1]/div</arg>
</arguments>
<msg timestamp="20190930 03:00:58.540" level="INFO">Clicking element '//*[@id="root"]/div/div[2]/div[2]/table/tbody/tr/td[1]/div'.</msg>
<status status="PASS" starttime="20190930 03:00:58.540" endtime="20190930 03:00:58.655"></status>
</kw>
<kw name="Sleep" library="BuiltIn">
<doc>Pauses the test executed for the given time.</doc>
<arguments>
<arg>5</arg>
<arg>s</arg>
</arguments>
<msg timestamp="20190930 03:01:03.657" level="INFO">Slept 5 seconds</msg>
<msg timestamp="20190930 03:01:03.657" level="INFO">s</msg>
<status status="PASS" starttime="20190930 03:00:58.655" endtime="20190930 03:01:03.657"></status>
</kw>
<status status="PASS" starttime="20190930 03:00:58.540" endtime="20190930 03:01:03.657"></status>
</kw>
<kw name="AND Close Website">
<kw name="Close Browser" library="Selenium2Library">
<doc>Closes the current browser.</doc>
<status status="PASS" starttime="20190930 03:01:03.658" endtime="20190930 03:01:04.993"></status>
</kw>
<status status="PASS" starttime="20190930 03:01:03.658" endtime="20190930 03:01:04.993"></status>
</kw>
<status status="PASS" starttime="20190930 03:00:44.889" endtime="20190930 03:01:04.994" critical="yes"></status>
</test>
<status status="PASS" starttime="20190930 03:00:44.245" endtime="20190930 03:01:04.996"></status>
</suite>
<statistics>
<total>
<stat pass="1" fail="0">Critical Tests</stat>
<stat pass="1" fail="0">All Tests</stat>
</total>
<tag>
</tag>
<suite>
<stat pass="1" fail="0" id="s1" name="Case10">Case10</stat>
</suite>
</statistics>
<errors>
</errors>
</robot>
