<?xml version="1.0" encoding="UTF-8"?>
<robot generator="Robot 3.1.2 (Python 3.7.4 on win32)" generated="20190926 23:54:13.160" rpa="false">
<suite id="s1" name="Case22" source="C:\Users\IBM_ADMIN\Desktop\thai\CorpusAutomated\case22\case22.robot">
<test id="s1-t1" name="Verify Word tagging button">
<kw name="Open Website" library="Keyword">
<kw name="Open Browser" library="Selenium2Library">
<doc>Opens a new browser instance to the given ``url``.</doc>
<arguments>
<arg>${CorpusWeb}</arg>
<arg>${Browser}</arg>
</arguments>
<msg timestamp="20190926 23:54:13.700" level="INFO">Opening browser 'chrome' to base url 'http://localhost:3000/'.</msg>
<status status="PASS" starttime="20190926 23:54:13.700" endtime="20190926 23:54:17.565"></status>
</kw>
<kw name="Maximize Browser Window" library="Selenium2Library">
<doc>Maximizes current browser window.</doc>
<status status="PASS" starttime="20190926 23:54:17.567" endtime="20190926 23:54:17.696"></status>
</kw>
<status status="PASS" starttime="20190926 23:54:13.700" endtime="20190926 23:54:17.697"></status>
</kw>
<kw name="AND Click Login" library="Keyword">
<kw name="Wait Until Element Is Visible" library="Selenium2Library">
<doc>Waits until the element ``locator`` is visible.</doc>
<arguments>
<arg>//*[@id="root"]/div/div/div/a[2]</arg>
</arguments>
<status status="PASS" starttime="20190926 23:54:17.697" endtime="20190926 23:54:17.747"></status>
</kw>
<kw name="Click Element" library="Selenium2Library">
<doc>Click the element identified by ``locator``.</doc>
<arguments>
<arg>//*[@id="root"]/div/div/div/a[2]</arg>
</arguments>
<msg timestamp="20190926 23:54:17.747" level="INFO">Clicking element '//*[@id="root"]/div/div/div/a[2]'.</msg>
<status status="PASS" starttime="20190926 23:54:17.747" endtime="20190926 23:54:18.116"></status>
</kw>
<kw name="Sleep" library="BuiltIn">
<doc>Pauses the test executed for the given time.</doc>
<arguments>
<arg>3</arg>
<arg>s</arg>
</arguments>
<msg timestamp="20190926 23:54:21.117" level="INFO">Slept 3 seconds</msg>
<msg timestamp="20190926 23:54:21.117" level="INFO">s</msg>
<status status="PASS" starttime="20190926 23:54:18.116" endtime="20190926 23:54:21.117"></status>
</kw>
<status status="PASS" starttime="20190926 23:54:17.697" endtime="20190926 23:54:21.117"></status>
</kw>
<kw name="AND Click cat project" library="Keyword">
<kw name="Wait Until Element Is Visible" library="Selenium2Library">
<doc>Waits until the element ``locator`` is visible.</doc>
<arguments>
<arg>//*[@id="root"]/div/div[3]/div/div[12]/div/div[1]/div</arg>
</arguments>
<status status="PASS" starttime="20190926 23:54:21.119" endtime="20190926 23:54:21.163"></status>
</kw>
<kw name="Click Element" library="Selenium2Library">
<doc>Click the element identified by ``locator``.</doc>
<arguments>
<arg>//*[@id="root"]/div/div[3]/div/div[12]/div/div[1]/div</arg>
</arguments>
<msg timestamp="20190926 23:54:21.163" level="INFO">Clicking element '//*[@id="root"]/div/div[3]/div/div[12]/div/div[1]/div'.</msg>
<status status="PASS" starttime="20190926 23:54:21.163" endtime="20190926 23:54:21.295"></status>
</kw>
<kw name="Sleep" library="BuiltIn">
<doc>Pauses the test executed for the given time.</doc>
<arguments>
<arg>3</arg>
<arg>s</arg>
</arguments>
<msg timestamp="20190926 23:54:24.296" level="INFO">Slept 3 seconds</msg>
<msg timestamp="20190926 23:54:24.296" level="INFO">s</msg>
<status status="PASS" starttime="20190926 23:54:21.295" endtime="20190926 23:54:24.296"></status>
</kw>
<status status="PASS" starttime="20190926 23:54:21.118" endtime="20190926 23:54:24.296"></status>
</kw>
<kw name="AND Click tagging" library="Keyword">
<kw name="Wait Until Element Is Visible" library="Selenium2Library">
<doc>Waits until the element ``locator`` is visible.</doc>
<arguments>
<arg>//*[@id="root"]/div/div[2]/div[1]/div/div/div/a[4]</arg>
</arguments>
<status status="PASS" starttime="20190926 23:54:24.297" endtime="20190926 23:54:24.328"></status>
</kw>
<kw name="Click Element" library="Selenium2Library">
<doc>Click the element identified by ``locator``.</doc>
<arguments>
<arg>//*[@id="root"]/div/div[2]/div[1]/div/div/div/a[4]</arg>
</arguments>
<msg timestamp="20190926 23:54:24.329" level="INFO">Clicking element '//*[@id="root"]/div/div[2]/div[1]/div/div/div/a[4]'.</msg>
<status status="PASS" starttime="20190926 23:54:24.328" endtime="20190926 23:54:24.460"></status>
</kw>
<kw name="Sleep" library="BuiltIn">
<doc>Pauses the test executed for the given time.</doc>
<arguments>
<arg>3</arg>
<arg>s</arg>
</arguments>
<msg timestamp="20190926 23:54:27.461" level="INFO">Slept 3 seconds</msg>
<msg timestamp="20190926 23:54:27.461" level="INFO">s</msg>
<status status="PASS" starttime="20190926 23:54:24.460" endtime="20190926 23:54:27.461"></status>
</kw>
<status status="PASS" starttime="20190926 23:54:24.297" endtime="20190926 23:54:27.461"></status>
</kw>
<kw name="AND Click Name document" library="Keyword">
<kw name="Click Element" library="Selenium2Library">
<doc>Click the element identified by ``locator``.</doc>
<arguments>
<arg>//*[@id="root"]/div/div[2]/div[2]/table/tbody/tr/td[1]/div</arg>
</arguments>
<msg timestamp="20190926 23:54:27.463" level="INFO">Clicking element '//*[@id="root"]/div/div[2]/div[2]/table/tbody/tr/td[1]/div'.</msg>
<status status="PASS" starttime="20190926 23:54:27.462" endtime="20190926 23:54:27.574"></status>
</kw>
<kw name="Sleep" library="BuiltIn">
<doc>Pauses the test executed for the given time.</doc>
<arguments>
<arg>3</arg>
<arg>s</arg>
</arguments>
<msg timestamp="20190926 23:54:30.574" level="INFO">Slept 3 seconds</msg>
<msg timestamp="20190926 23:54:30.574" level="INFO">s</msg>
<status status="PASS" starttime="20190926 23:54:27.574" endtime="20190926 23:54:30.574"></status>
</kw>
<status status="PASS" starttime="20190926 23:54:27.462" endtime="20190926 23:54:30.574"></status>
</kw>
<kw name="AND Click First and last character of sentence" library="Keyword">
<kw name="Click Element" library="Selenium2Library">
<doc>Click the element identified by ``locator``.</doc>
<arguments>
<arg>//*[@id="root"]/div/div[2]/div[2]/div[3]/div[2]/span[157]</arg>
</arguments>
<msg timestamp="20190926 23:54:30.576" level="INFO">Clicking element '//*[@id="root"]/div/div[2]/div[2]/div[3]/div[2]/span[157]'.</msg>
<status status="PASS" starttime="20190926 23:54:30.575" endtime="20190926 23:54:30.691"></status>
</kw>
<kw name="Sleep" library="BuiltIn">
<doc>Pauses the test executed for the given time.</doc>
<arguments>
<arg>2</arg>
<arg>s</arg>
</arguments>
<msg timestamp="20190926 23:54:32.692" level="INFO">Slept 2 seconds</msg>
<msg timestamp="20190926 23:54:32.692" level="INFO">s</msg>
<status status="PASS" starttime="20190926 23:54:30.691" endtime="20190926 23:54:32.692"></status>
</kw>
<kw name="Click Element" library="Selenium2Library">
<doc>Click the element identified by ``locator``.</doc>
<arguments>
<arg>//*[@id="root"]/div/div[2]/div[2]/div[3]/div[2]/span[223]</arg>
</arguments>
<msg timestamp="20190926 23:54:32.693" level="INFO">Clicking element '//*[@id="root"]/div/div[2]/div[2]/div[3]/div[2]/span[223]'.</msg>
<status status="PASS" starttime="20190926 23:54:32.692" endtime="20190926 23:54:32.898"></status>
</kw>
<status status="PASS" starttime="20190926 23:54:30.575" endtime="20190926 23:54:32.898"></status>
</kw>
<kw name="AND Click Segment" library="Keyword">
<kw name="Click Element" library="Selenium2Library">
<doc>Click the element identified by ``locator``.</doc>
<arguments>
<arg>//*[@id="root"]/div/div[2]/div[3]/div[1]/button</arg>
</arguments>
<msg timestamp="20190926 23:54:32.900" level="INFO">Clicking element '//*[@id="root"]/div/div[2]/div[3]/div[1]/button'.</msg>
<status status="PASS" starttime="20190926 23:54:32.899" endtime="20190926 23:54:33.031"></status>
</kw>
<kw name="Sleep" library="BuiltIn">
<doc>Pauses the test executed for the given time.</doc>
<arguments>
<arg>3</arg>
<arg>s</arg>
</arguments>
<msg timestamp="20190926 23:54:36.033" level="INFO">Slept 3 seconds</msg>
<msg timestamp="20190926 23:54:36.033" level="INFO">s</msg>
<status status="PASS" starttime="20190926 23:54:33.031" endtime="20190926 23:54:36.033"></status>
</kw>
<status status="PASS" starttime="20190926 23:54:32.899" endtime="20190926 23:54:36.033"></status>
</kw>
<kw name="AND Click Word tagging" library="Keyword">
<kw name="Click Element" library="Selenium2Library">
<doc>Click the element identified by ``locator``.</doc>
<arguments>
<arg>//*[@id="root"]/div/div[2]/div[2]/div[2]/p[2]</arg>
</arguments>
<msg timestamp="20190926 23:54:36.035" level="INFO">Clicking element '//*[@id="root"]/div/div[2]/div[2]/div[2]/p[2]'.</msg>
<status status="PASS" starttime="20190926 23:54:36.035" endtime="20190926 23:54:36.158"></status>
</kw>
<kw name="Sleep" library="BuiltIn">
<doc>Pauses the test executed for the given time.</doc>
<arguments>
<arg>3</arg>
<arg>s</arg>
</arguments>
<msg timestamp="20190926 23:54:39.158" level="INFO">Slept 3 seconds</msg>
<msg timestamp="20190926 23:54:39.158" level="INFO">s</msg>
<status status="PASS" starttime="20190926 23:54:36.158" endtime="20190926 23:54:39.158"></status>
</kw>
<status status="PASS" starttime="20190926 23:54:36.034" endtime="20190926 23:54:39.158"></status>
</kw>
<kw name="AND Close Browser" library="Selenium2Library">
<doc>Closes the current browser.</doc>
<status status="PASS" starttime="20190926 23:54:39.159" endtime="20190926 23:54:40.396"></status>
</kw>
<status status="PASS" starttime="20190926 23:54:13.699" endtime="20190926 23:54:40.397" critical="yes"></status>
</test>
<status status="PASS" starttime="20190926 23:54:13.166" endtime="20190926 23:54:40.399"></status>
</suite>
<statistics>
<total>
<stat pass="1" fail="0">Critical Tests</stat>
<stat pass="1" fail="0">All Tests</stat>
</total>
<tag>
</tag>
<suite>
<stat pass="1" fail="0" id="s1" name="Case22">Case22</stat>
</suite>
</statistics>
<errors>
</errors>
</robot>
