<?xml version="1.0" encoding="UTF-8"?>
<robot generator="Robot 3.1.2 (Python 3.7.4 on win32)" generated="20190927 14:18:50.695" rpa="false">
<suite id="s1" name="Case36" source="C:\Users\IBM_ADMIN\Desktop\thai\CorpusAutomated\case36\case36.robot">
<test id="s1-t1" name="Verify Sentence Segmentation button">
<kw name="Open Website" library="Keyword">
<kw name="Open Browser" library="Selenium2Library">
<doc>Opens a new browser instance to the given ``url``.</doc>
<arguments>
<arg>${CorpusWeb}</arg>
<arg>${Browser}</arg>
</arguments>
<msg timestamp="20190927 14:18:51.312" level="INFO">Opening browser 'chrome' to base url 'http://localhost:3000/'.</msg>
<status status="PASS" starttime="20190927 14:18:51.312" endtime="20190927 14:18:55.997"></status>
</kw>
<kw name="Maximize Browser Window" library="Selenium2Library">
<doc>Maximizes current browser window.</doc>
<status status="PASS" starttime="20190927 14:18:55.997" endtime="20190927 14:18:56.125"></status>
</kw>
<status status="PASS" starttime="20190927 14:18:51.311" endtime="20190927 14:18:56.125"></status>
</kw>
<kw name="AND Click Login" library="Keyword">
<kw name="Wait Until Element Is Visible" library="Selenium2Library">
<doc>Waits until the element ``locator`` is visible.</doc>
<arguments>
<arg>//*[@id="root"]/div/div/div/a[2]</arg>
</arguments>
<status status="PASS" starttime="20190927 14:18:56.126" endtime="20190927 14:18:56.169"></status>
</kw>
<kw name="Click Element" library="Selenium2Library">
<doc>Click the element identified by ``locator``.</doc>
<arguments>
<arg>//*[@id="root"]/div/div/div/a[2]</arg>
</arguments>
<msg timestamp="20190927 14:18:56.170" level="INFO">Clicking element '//*[@id="root"]/div/div/div/a[2]'.</msg>
<status status="PASS" starttime="20190927 14:18:56.169" endtime="20190927 14:18:56.556"></status>
</kw>
<kw name="Sleep" library="BuiltIn">
<doc>Pauses the test executed for the given time.</doc>
<arguments>
<arg>3</arg>
<arg>s</arg>
</arguments>
<msg timestamp="20190927 14:18:59.557" level="INFO">Slept 3 seconds</msg>
<msg timestamp="20190927 14:18:59.557" level="INFO">s</msg>
<status status="PASS" starttime="20190927 14:18:56.556" endtime="20190927 14:18:59.557"></status>
</kw>
<status status="PASS" starttime="20190927 14:18:56.126" endtime="20190927 14:18:59.557"></status>
</kw>
<kw name="AND Click cat project" library="Keyword">
<kw name="Wait Until Element Is Visible" library="Selenium2Library">
<doc>Waits until the element ``locator`` is visible.</doc>
<arguments>
<arg>//*[@id="root"]/div/div[3]/div/div[12]/div/div[1]/div</arg>
</arguments>
<status status="PASS" starttime="20190927 14:18:59.558" endtime="20190927 14:18:59.609"></status>
</kw>
<kw name="Click Element" library="Selenium2Library">
<doc>Click the element identified by ``locator``.</doc>
<arguments>
<arg>//*[@id="root"]/div/div[3]/div/div[12]/div/div[1]/div</arg>
</arguments>
<msg timestamp="20190927 14:18:59.609" level="INFO">Clicking element '//*[@id="root"]/div/div[3]/div/div[12]/div/div[1]/div'.</msg>
<status status="PASS" starttime="20190927 14:18:59.609" endtime="20190927 14:18:59.729"></status>
</kw>
<kw name="Sleep" library="BuiltIn">
<doc>Pauses the test executed for the given time.</doc>
<arguments>
<arg>3</arg>
<arg>s</arg>
</arguments>
<msg timestamp="20190927 14:19:02.730" level="INFO">Slept 3 seconds</msg>
<msg timestamp="20190927 14:19:02.730" level="INFO">s</msg>
<status status="PASS" starttime="20190927 14:18:59.730" endtime="20190927 14:19:02.730"></status>
</kw>
<status status="PASS" starttime="20190927 14:18:59.558" endtime="20190927 14:19:02.730"></status>
</kw>
<kw name="AND Click tagging" library="Keyword">
<kw name="Wait Until Element Is Visible" library="Selenium2Library">
<doc>Waits until the element ``locator`` is visible.</doc>
<arguments>
<arg>//*[@id="root"]/div/div[2]/div[1]/div/div/div/a[4]</arg>
</arguments>
<status status="PASS" starttime="20190927 14:19:02.731" endtime="20190927 14:19:02.770"></status>
</kw>
<kw name="Click Element" library="Selenium2Library">
<doc>Click the element identified by ``locator``.</doc>
<arguments>
<arg>//*[@id="root"]/div/div[2]/div[1]/div/div/div/a[4]</arg>
</arguments>
<msg timestamp="20190927 14:19:02.771" level="INFO">Clicking element '//*[@id="root"]/div/div[2]/div[1]/div/div/div/a[4]'.</msg>
<status status="PASS" starttime="20190927 14:19:02.771" endtime="20190927 14:19:02.872"></status>
</kw>
<kw name="Sleep" library="BuiltIn">
<doc>Pauses the test executed for the given time.</doc>
<arguments>
<arg>3</arg>
<arg>s</arg>
</arguments>
<msg timestamp="20190927 14:19:05.872" level="INFO">Slept 3 seconds</msg>
<msg timestamp="20190927 14:19:05.872" level="INFO">s</msg>
<status status="PASS" starttime="20190927 14:19:02.872" endtime="20190927 14:19:05.872"></status>
</kw>
<status status="PASS" starttime="20190927 14:19:02.731" endtime="20190927 14:19:05.872"></status>
</kw>
<kw name="AND Click Name document" library="Keyword">
<kw name="Click Element" library="Selenium2Library">
<doc>Click the element identified by ``locator``.</doc>
<arguments>
<arg>//*[@id="root"]/div/div[2]/div[2]/table/tbody/tr/td[1]/div</arg>
</arguments>
<msg timestamp="20190927 14:19:05.873" level="INFO">Clicking element '//*[@id="root"]/div/div[2]/div[2]/table/tbody/tr/td[1]/div'.</msg>
<status status="PASS" starttime="20190927 14:19:05.873" endtime="20190927 14:19:05.986"></status>
</kw>
<kw name="Sleep" library="BuiltIn">
<doc>Pauses the test executed for the given time.</doc>
<arguments>
<arg>3</arg>
<arg>s</arg>
</arguments>
<msg timestamp="20190927 14:19:08.987" level="INFO">Slept 3 seconds</msg>
<msg timestamp="20190927 14:19:08.987" level="INFO">s</msg>
<status status="PASS" starttime="20190927 14:19:05.987" endtime="20190927 14:19:08.987"></status>
</kw>
<status status="PASS" starttime="20190927 14:19:05.873" endtime="20190927 14:19:08.987"></status>
</kw>
<kw name="AND Click Word tagging" library="Keyword">
<kw name="Click Element" library="Selenium2Library">
<doc>Click the element identified by ``locator``.</doc>
<arguments>
<arg>//*[@id="root"]/div/div[2]/div[2]/div[2]/p[2]</arg>
</arguments>
<msg timestamp="20190927 14:19:08.989" level="INFO">Clicking element '//*[@id="root"]/div/div[2]/div[2]/div[2]/p[2]'.</msg>
<status status="PASS" starttime="20190927 14:19:08.988" endtime="20190927 14:19:09.139"></status>
</kw>
<kw name="Sleep" library="BuiltIn">
<doc>Pauses the test executed for the given time.</doc>
<arguments>
<arg>3</arg>
<arg>s</arg>
</arguments>
<msg timestamp="20190927 14:19:12.140" level="INFO">Slept 3 seconds</msg>
<msg timestamp="20190927 14:19:12.140" level="INFO">s</msg>
<status status="PASS" starttime="20190927 14:19:09.139" endtime="20190927 14:19:12.140"></status>
</kw>
<status status="PASS" starttime="20190927 14:19:08.988" endtime="20190927 14:19:12.140"></status>
</kw>
<kw name="AND Click dropdown status" library="Keyword">
<kw name="Click Element" library="Selenium2Library">
<doc>Click the element identified by ``locator``.</doc>
<arguments>
<arg>//*[@id="root"]/div/div[2]/div[2]/div[2]/div/div/div/button</arg>
</arguments>
<msg timestamp="20190927 14:19:12.142" level="INFO">Clicking element '//*[@id="root"]/div/div[2]/div[2]/div[2]/div/div/div/button'.</msg>
<status status="PASS" starttime="20190927 14:19:12.141" endtime="20190927 14:19:12.253"></status>
</kw>
<kw name="Sleep" library="BuiltIn">
<doc>Pauses the test executed for the given time.</doc>
<arguments>
<arg>3</arg>
<arg>s</arg>
</arguments>
<msg timestamp="20190927 14:19:15.254" level="INFO">Slept 3 seconds</msg>
<msg timestamp="20190927 14:19:15.254" level="INFO">s</msg>
<status status="PASS" starttime="20190927 14:19:12.253" endtime="20190927 14:19:15.254"></status>
</kw>
<status status="PASS" starttime="20190927 14:19:12.141" endtime="20190927 14:19:15.254"></status>
</kw>
<kw name="AND Choose Complete" library="Keyword">
<kw name="Click Element" library="Selenium2Library">
<doc>Click the element identified by ``locator``.</doc>
<arguments>
<arg>//*[@id="root"]/div/div[2]/div[2]/div[2]/div/div/div/div</arg>
</arguments>
<msg timestamp="20190927 14:19:15.256" level="INFO">Clicking element '//*[@id="root"]/div/div[2]/div[2]/div[2]/div/div/div/div'.</msg>
<status status="PASS" starttime="20190927 14:19:15.255" endtime="20190927 14:19:15.383"></status>
</kw>
<kw name="Sleep" library="BuiltIn">
<doc>Pauses the test executed for the given time.</doc>
<arguments>
<arg>2</arg>
<arg>s</arg>
</arguments>
<msg timestamp="20190927 14:19:17.384" level="INFO">Slept 2 seconds</msg>
<msg timestamp="20190927 14:19:17.384" level="INFO">s</msg>
<status status="PASS" starttime="20190927 14:19:15.384" endtime="20190927 14:19:17.384"></status>
</kw>
<status status="PASS" starttime="20190927 14:19:15.255" endtime="20190927 14:19:17.384"></status>
</kw>
<kw name="AND Click Sentence Segmentation" library="Keyword">
<kw name="Click Element" library="Selenium2Library">
<doc>Click the element identified by ``locator``.</doc>
<arguments>
<arg>//*[@id="root"]/div/div[2]/div[2]/div[2]/p</arg>
</arguments>
<msg timestamp="20190927 14:19:17.386" level="INFO">Clicking element '//*[@id="root"]/div/div[2]/div[2]/div[2]/p'.</msg>
<status status="PASS" starttime="20190927 14:19:17.385" endtime="20190927 14:19:17.558"></status>
</kw>
<kw name="Sleep" library="BuiltIn">
<doc>Pauses the test executed for the given time.</doc>
<arguments>
<arg>2</arg>
<arg>s</arg>
</arguments>
<msg timestamp="20190927 14:19:19.559" level="INFO">Slept 2 seconds</msg>
<msg timestamp="20190927 14:19:19.559" level="INFO">s</msg>
<status status="PASS" starttime="20190927 14:19:17.559" endtime="20190927 14:19:19.559"></status>
</kw>
<status status="PASS" starttime="20190927 14:19:17.385" endtime="20190927 14:19:19.559"></status>
</kw>
<kw name="AND Close Browser" library="Selenium2Library">
<doc>Closes the current browser.</doc>
<status status="PASS" starttime="20190927 14:19:19.560" endtime="20190927 14:19:20.852"></status>
</kw>
<status status="PASS" starttime="20190927 14:18:51.310" endtime="20190927 14:19:20.853" critical="yes"></status>
</test>
<status status="PASS" starttime="20190927 14:18:50.701" endtime="20190927 14:19:20.855"></status>
</suite>
<statistics>
<total>
<stat pass="1" fail="0">Critical Tests</stat>
<stat pass="1" fail="0">All Tests</stat>
</total>
<tag>
</tag>
<suite>
<stat pass="1" fail="0" id="s1" name="Case36">Case36</stat>
</suite>
</statistics>
<errors>
</errors>
</robot>
