<?xml version="1.0" encoding="UTF-8"?>
<robot generator="Robot 3.1.2 (Python 3.7.4 on win32)" generated="20190927 16:44:47.658" rpa="false">
<suite id="s1" name="Case51" source="C:\Users\IBM_ADMIN\Desktop\thai\CorpusAutomated\case51\case51.robot">
<test id="s1-t1" name="Verify Save button">
<kw name="Open Website" library="Keyword">
<kw name="Open Browser" library="Selenium2Library">
<doc>Opens a new browser instance to the given ``url``.</doc>
<arguments>
<arg>${CorpusWeb}</arg>
<arg>${Browser}</arg>
</arguments>
<msg timestamp="20190927 16:44:48.268" level="INFO">Opening browser 'chrome' to base url 'http://localhost:3000/'.</msg>
<status status="PASS" starttime="20190927 16:44:48.267" endtime="20190927 16:44:53.195"></status>
</kw>
<kw name="Maximize Browser Window" library="Selenium2Library">
<doc>Maximizes current browser window.</doc>
<status status="PASS" starttime="20190927 16:44:53.196" endtime="20190927 16:44:53.332"></status>
</kw>
<status status="PASS" starttime="20190927 16:44:48.267" endtime="20190927 16:44:53.332"></status>
</kw>
<kw name="AND Click Login" library="Keyword">
<kw name="Wait Until Element Is Visible" library="Selenium2Library">
<doc>Waits until the element ``locator`` is visible.</doc>
<arguments>
<arg>//*[@id="root"]/div/div/div/a[2]</arg>
</arguments>
<status status="PASS" starttime="20190927 16:44:53.337" endtime="20190927 16:44:53.408"></status>
</kw>
<kw name="Click Element" library="Selenium2Library">
<doc>Click the element identified by ``locator``.</doc>
<arguments>
<arg>//*[@id="root"]/div/div/div/a[2]</arg>
</arguments>
<msg timestamp="20190927 16:44:53.409" level="INFO">Clicking element '//*[@id="root"]/div/div/div/a[2]'.</msg>
<status status="PASS" starttime="20190927 16:44:53.409" endtime="20190927 16:44:53.839"></status>
</kw>
<kw name="Sleep" library="BuiltIn">
<doc>Pauses the test executed for the given time.</doc>
<arguments>
<arg>3</arg>
<arg>s</arg>
</arguments>
<msg timestamp="20190927 16:44:56.840" level="INFO">Slept 3 seconds</msg>
<msg timestamp="20190927 16:44:56.840" level="INFO">s</msg>
<status status="PASS" starttime="20190927 16:44:53.840" endtime="20190927 16:44:56.840"></status>
</kw>
<status status="PASS" starttime="20190927 16:44:53.336" endtime="20190927 16:44:56.840"></status>
</kw>
<kw name="AND Click cat project" library="Keyword">
<kw name="Wait Until Element Is Visible" library="Selenium2Library">
<doc>Waits until the element ``locator`` is visible.</doc>
<arguments>
<arg>//*[@id="root"]/div/div[3]/div/div[12]/div/div[1]/div</arg>
</arguments>
<status status="PASS" starttime="20190927 16:44:56.842" endtime="20190927 16:44:56.908"></status>
</kw>
<kw name="Click Element" library="Selenium2Library">
<doc>Click the element identified by ``locator``.</doc>
<arguments>
<arg>//*[@id="root"]/div/div[3]/div/div[12]/div/div[1]/div</arg>
</arguments>
<msg timestamp="20190927 16:44:56.909" level="INFO">Clicking element '//*[@id="root"]/div/div[3]/div/div[12]/div/div[1]/div'.</msg>
<status status="PASS" starttime="20190927 16:44:56.909" endtime="20190927 16:44:57.068"></status>
</kw>
<kw name="Sleep" library="BuiltIn">
<doc>Pauses the test executed for the given time.</doc>
<arguments>
<arg>3</arg>
<arg>s</arg>
</arguments>
<msg timestamp="20190927 16:45:00.068" level="INFO">Slept 3 seconds</msg>
<msg timestamp="20190927 16:45:00.068" level="INFO">s</msg>
<status status="PASS" starttime="20190927 16:44:57.068" endtime="20190927 16:45:00.068"></status>
</kw>
<status status="PASS" starttime="20190927 16:44:56.841" endtime="20190927 16:45:00.068"></status>
</kw>
<kw name="AND Click tagging" library="Keyword">
<kw name="Wait Until Element Is Visible" library="Selenium2Library">
<doc>Waits until the element ``locator`` is visible.</doc>
<arguments>
<arg>//*[@id="root"]/div/div[2]/div[1]/div/div/div/a[4]</arg>
</arguments>
<status status="PASS" starttime="20190927 16:45:00.069" endtime="20190927 16:45:00.108"></status>
</kw>
<kw name="Click Element" library="Selenium2Library">
<doc>Click the element identified by ``locator``.</doc>
<arguments>
<arg>//*[@id="root"]/div/div[2]/div[1]/div/div/div/a[4]</arg>
</arguments>
<msg timestamp="20190927 16:45:00.109" level="INFO">Clicking element '//*[@id="root"]/div/div[2]/div[1]/div/div/div/a[4]'.</msg>
<status status="PASS" starttime="20190927 16:45:00.108" endtime="20190927 16:45:00.185"></status>
</kw>
<kw name="Sleep" library="BuiltIn">
<doc>Pauses the test executed for the given time.</doc>
<arguments>
<arg>3</arg>
<arg>s</arg>
</arguments>
<msg timestamp="20190927 16:45:03.186" level="INFO">Slept 3 seconds</msg>
<msg timestamp="20190927 16:45:03.186" level="INFO">s</msg>
<status status="PASS" starttime="20190927 16:45:00.185" endtime="20190927 16:45:03.186"></status>
</kw>
<status status="PASS" starttime="20190927 16:45:00.069" endtime="20190927 16:45:03.186"></status>
</kw>
<kw name="AND Click Name document" library="Keyword">
<kw name="Click Element" library="Selenium2Library">
<doc>Click the element identified by ``locator``.</doc>
<arguments>
<arg>//*[@id="root"]/div/div[2]/div[2]/table/tbody/tr/td[1]/div</arg>
</arguments>
<msg timestamp="20190927 16:45:03.187" level="INFO">Clicking element '//*[@id="root"]/div/div[2]/div[2]/table/tbody/tr/td[1]/div'.</msg>
<status status="PASS" starttime="20190927 16:45:03.187" endtime="20190927 16:45:03.292"></status>
</kw>
<kw name="Sleep" library="BuiltIn">
<doc>Pauses the test executed for the given time.</doc>
<arguments>
<arg>3</arg>
<arg>s</arg>
</arguments>
<msg timestamp="20190927 16:45:06.293" level="INFO">Slept 3 seconds</msg>
<msg timestamp="20190927 16:45:06.293" level="INFO">s</msg>
<status status="PASS" starttime="20190927 16:45:03.292" endtime="20190927 16:45:06.293"></status>
</kw>
<status status="PASS" starttime="20190927 16:45:03.187" endtime="20190927 16:45:06.293"></status>
</kw>
<kw name="AND Click First and last character of sentence" library="Keyword">
<kw name="Click Element" library="Selenium2Library">
<doc>Click the element identified by ``locator``.</doc>
<arguments>
<arg>//*[@id="root"]/div/div[2]/div[2]/div[3]/div[2]/span[157]</arg>
</arguments>
<msg timestamp="20190927 16:45:06.295" level="INFO">Clicking element '//*[@id="root"]/div/div[2]/div[2]/div[3]/div[2]/span[157]'.</msg>
<status status="PASS" starttime="20190927 16:45:06.294" endtime="20190927 16:45:06.430"></status>
</kw>
<kw name="Sleep" library="BuiltIn">
<doc>Pauses the test executed for the given time.</doc>
<arguments>
<arg>2</arg>
<arg>s</arg>
</arguments>
<msg timestamp="20190927 16:45:08.431" level="INFO">Slept 2 seconds</msg>
<msg timestamp="20190927 16:45:08.431" level="INFO">s</msg>
<status status="PASS" starttime="20190927 16:45:06.430" endtime="20190927 16:45:08.431"></status>
</kw>
<kw name="Click Element" library="Selenium2Library">
<doc>Click the element identified by ``locator``.</doc>
<arguments>
<arg>//*[@id="root"]/div/div[2]/div[2]/div[3]/div[2]/span[223]</arg>
</arguments>
<msg timestamp="20190927 16:45:08.431" level="INFO">Clicking element '//*[@id="root"]/div/div[2]/div[2]/div[3]/div[2]/span[223]'.</msg>
<status status="PASS" starttime="20190927 16:45:08.431" endtime="20190927 16:45:08.539"></status>
</kw>
<kw name="Sleep" library="BuiltIn">
<doc>Pauses the test executed for the given time.</doc>
<arguments>
<arg>2</arg>
<arg>s</arg>
</arguments>
<msg timestamp="20190927 16:45:10.540" level="INFO">Slept 2 seconds</msg>
<msg timestamp="20190927 16:45:10.540" level="INFO">s</msg>
<status status="PASS" starttime="20190927 16:45:08.540" endtime="20190927 16:45:10.540"></status>
</kw>
<status status="PASS" starttime="20190927 16:45:06.294" endtime="20190927 16:45:10.540"></status>
</kw>
<kw name="AND Click segment" library="Keyword">
<kw name="Click Element" library="Selenium2Library">
<doc>Click the element identified by ``locator``.</doc>
<arguments>
<arg>//*[@id="root"]/div/div[2]/div[3]/div[1]/button</arg>
</arguments>
<msg timestamp="20190927 16:45:10.542" level="INFO">Clicking element '//*[@id="root"]/div/div[2]/div[3]/div[1]/button'.</msg>
<status status="PASS" starttime="20190927 16:45:10.541" endtime="20190927 16:45:10.664"></status>
</kw>
<kw name="Sleep" library="BuiltIn">
<doc>Pauses the test executed for the given time.</doc>
<arguments>
<arg>3</arg>
<arg>s</arg>
</arguments>
<msg timestamp="20190927 16:45:13.665" level="INFO">Slept 3 seconds</msg>
<msg timestamp="20190927 16:45:13.665" level="INFO">s</msg>
<status status="PASS" starttime="20190927 16:45:10.665" endtime="20190927 16:45:13.665"></status>
</kw>
<status status="PASS" starttime="20190927 16:45:10.541" endtime="20190927 16:45:13.665"></status>
</kw>
<kw name="AND Click save" library="Keyword">
<kw name="Click Element" library="Selenium2Library">
<doc>Click the element identified by ``locator``.</doc>
<arguments>
<arg>//*[@id="root"]/div/div[2]/div[2]/div[2]/button</arg>
</arguments>
<msg timestamp="20190927 16:45:13.666" level="INFO">Clicking element '//*[@id="root"]/div/div[2]/div[2]/div[2]/button'.</msg>
<status status="PASS" starttime="20190927 16:45:13.666" endtime="20190927 16:45:13.799"></status>
</kw>
<kw name="Sleep" library="BuiltIn">
<doc>Pauses the test executed for the given time.</doc>
<arguments>
<arg>3</arg>
<arg>s</arg>
</arguments>
<msg timestamp="20190927 16:45:16.799" level="INFO">Slept 3 seconds</msg>
<msg timestamp="20190927 16:45:16.799" level="INFO">s</msg>
<status status="PASS" starttime="20190927 16:45:13.799" endtime="20190927 16:45:16.799"></status>
</kw>
<status status="PASS" starttime="20190927 16:45:13.666" endtime="20190927 16:45:16.799"></status>
</kw>
<kw name="AND Click Word Tagging" library="Keyword">
<kw name="Click Element" library="Selenium2Library">
<doc>Click the element identified by ``locator``.</doc>
<arguments>
<arg>//*[@id="root"]/div/div[2]/div[2]/div[2]/p[2]</arg>
</arguments>
<msg timestamp="20190927 16:45:16.801" level="INFO">Clicking element '//*[@id="root"]/div/div[2]/div[2]/div[2]/p[2]'.</msg>
<status status="PASS" starttime="20190927 16:45:16.800" endtime="20190927 16:45:16.947"></status>
</kw>
<kw name="Sleep" library="BuiltIn">
<doc>Pauses the test executed for the given time.</doc>
<arguments>
<arg>3</arg>
<arg>s</arg>
</arguments>
<msg timestamp="20190927 16:45:19.948" level="INFO">Slept 3 seconds</msg>
<msg timestamp="20190927 16:45:19.948" level="INFO">s</msg>
<status status="PASS" starttime="20190927 16:45:16.947" endtime="20190927 16:45:19.948"></status>
</kw>
<status status="PASS" starttime="20190927 16:45:16.800" endtime="20190927 16:45:19.948"></status>
</kw>
<kw name="AND Click dropdown status" library="Keyword">
<kw name="Click Element" library="Selenium2Library">
<doc>Click the element identified by ``locator``.</doc>
<arguments>
<arg>//*[@id="root"]/div/div[2]/div[2]/div[2]/div/div/div/button</arg>
</arguments>
<msg timestamp="20190927 16:45:19.950" level="INFO">Clicking element '//*[@id="root"]/div/div[2]/div[2]/div[2]/div/div/div/button'.</msg>
<status status="PASS" starttime="20190927 16:45:19.949" endtime="20190927 16:45:20.066"></status>
</kw>
<kw name="Sleep" library="BuiltIn">
<doc>Pauses the test executed for the given time.</doc>
<arguments>
<arg>3</arg>
<arg>s</arg>
</arguments>
<msg timestamp="20190927 16:45:23.067" level="INFO">Slept 3 seconds</msg>
<msg timestamp="20190927 16:45:23.067" level="INFO">s</msg>
<status status="PASS" starttime="20190927 16:45:20.066" endtime="20190927 16:45:23.067"></status>
</kw>
<status status="PASS" starttime="20190927 16:45:19.949" endtime="20190927 16:45:23.067"></status>
</kw>
<kw name="AND Choose In Progress" library="Keyword">
<kw name="Click Element" library="Selenium2Library">
<doc>Click the element identified by ``locator``.</doc>
<arguments>
<arg>//*[@id="root"]/div/div[2]/div[2]/div[2]/div/div/div/div/a</arg>
</arguments>
<msg timestamp="20190927 16:45:23.069" level="INFO">Clicking element '//*[@id="root"]/div/div[2]/div[2]/div[2]/div/div/div/div/a'.</msg>
<status status="PASS" starttime="20190927 16:45:23.068" endtime="20190927 16:45:23.258"></status>
</kw>
<kw name="Sleep" library="BuiltIn">
<doc>Pauses the test executed for the given time.</doc>
<arguments>
<arg>2</arg>
<arg>s</arg>
</arguments>
<msg timestamp="20190927 16:45:25.259" level="INFO">Slept 2 seconds</msg>
<msg timestamp="20190927 16:45:25.259" level="INFO">s</msg>
<status status="PASS" starttime="20190927 16:45:23.258" endtime="20190927 16:45:25.259"></status>
</kw>
<status status="PASS" starttime="20190927 16:45:23.068" endtime="20190927 16:45:25.259"></status>
</kw>
<kw name="AND Click Save" library="Keyword">
<kw name="Click Element" library="Selenium2Library">
<doc>Click the element identified by ``locator``.</doc>
<arguments>
<arg>//*[@id="root"]/div/div[2]/div[2]/div[2]/button</arg>
</arguments>
<msg timestamp="20190927 16:45:25.261" level="INFO">Clicking element '//*[@id="root"]/div/div[2]/div[2]/div[2]/button'.</msg>
<status status="PASS" starttime="20190927 16:45:25.260" endtime="20190927 16:45:25.323"></status>
</kw>
<kw name="Sleep" library="BuiltIn">
<doc>Pauses the test executed for the given time.</doc>
<arguments>
<arg>3</arg>
<arg>s</arg>
</arguments>
<msg timestamp="20190927 16:45:28.324" level="INFO">Slept 3 seconds</msg>
<msg timestamp="20190927 16:45:28.324" level="INFO">s</msg>
<status status="PASS" starttime="20190927 16:45:25.323" endtime="20190927 16:45:28.324"></status>
</kw>
<status status="PASS" starttime="20190927 16:45:25.260" endtime="20190927 16:45:28.324"></status>
</kw>
<kw name="AND Close Browser" library="Selenium2Library">
<doc>Closes the current browser.</doc>
<status status="PASS" starttime="20190927 16:45:28.325" endtime="20190927 16:45:29.590"></status>
</kw>
<status status="PASS" starttime="20190927 16:44:48.266" endtime="20190927 16:45:29.591" critical="yes"></status>
</test>
<status status="PASS" starttime="20190927 16:44:47.667" endtime="20190927 16:45:29.592"></status>
</suite>
<statistics>
<total>
<stat pass="1" fail="0">Critical Tests</stat>
<stat pass="1" fail="0">All Tests</stat>
</total>
<tag>
</tag>
<suite>
<stat pass="1" fail="0" id="s1" name="Case51">Case51</stat>
</suite>
</statistics>
<errors>
</errors>
</robot>
