<?xml version="1.0" encoding="UTF-8"?>
<robot generator="Robot 3.1.2 (Python 3.7.4 on win32)" generated="20190930 15:25:51.567" rpa="false">
<suite id="s1" name="Case37" source="C:\Users\IBM_ADMIN\Desktop\thai\CorpusAutomated\case37\case37.robot">
<test id="s1-t1" name="Verify Sentence Segmentation button">
<kw name="Open Website">
<kw name="Open Browser" library="Selenium2Library">
<doc>Opens a new browser instance to the given ``url``.</doc>
<arguments>
<arg>${CorpusWeb}</arg>
<arg>${Browser}</arg>
</arguments>
<msg timestamp="20190930 15:25:52.232" level="INFO">Opening browser 'chrome' to base url 'http://localhost:3000/'.</msg>
<status status="PASS" starttime="20190930 15:25:52.232" endtime="20190930 15:25:55.858"></status>
</kw>
<kw name="Maximize Browser Window" library="Selenium2Library">
<doc>Maximizes current browser window.</doc>
<status status="PASS" starttime="20190930 15:25:55.858" endtime="20190930 15:25:55.987"></status>
</kw>
<status status="PASS" starttime="20190930 15:25:52.231" endtime="20190930 15:25:55.987"></status>
</kw>
<kw name="AND Click Login">
<kw name="Wait Until Element Is Visible" library="Selenium2Library">
<doc>Waits until the element ``locator`` is visible.</doc>
<arguments>
<arg>//*[@id="root"]/div/div/div/a[2]</arg>
</arguments>
<status status="PASS" starttime="20190930 15:25:55.988" endtime="20190930 15:25:56.031"></status>
</kw>
<kw name="Click Element" library="Selenium2Library">
<doc>Click the element identified by ``locator``.</doc>
<arguments>
<arg>//*[@id="root"]/div/div/div/a[2]</arg>
</arguments>
<msg timestamp="20190930 15:25:56.031" level="INFO">Clicking element '//*[@id="root"]/div/div/div/a[2]'.</msg>
<status status="PASS" starttime="20190930 15:25:56.031" endtime="20190930 15:25:56.413"></status>
</kw>
<kw name="Sleep" library="BuiltIn">
<doc>Pauses the test executed for the given time.</doc>
<arguments>
<arg>3</arg>
<arg>s</arg>
</arguments>
<msg timestamp="20190930 15:25:59.414" level="INFO">Slept 3 seconds</msg>
<msg timestamp="20190930 15:25:59.414" level="INFO">s</msg>
<status status="PASS" starttime="20190930 15:25:56.413" endtime="20190930 15:25:59.414"></status>
</kw>
<status status="PASS" starttime="20190930 15:25:55.988" endtime="20190930 15:25:59.414"></status>
</kw>
<kw name="AND Click cat project">
<kw name="Wait Until Element Is Visible" library="Selenium2Library">
<doc>Waits until the element ``locator`` is visible.</doc>
<arguments>
<arg>//*[@id="root"]/div/div[3]/div/div[3]/div/div[1]/div</arg>
</arguments>
<status status="PASS" starttime="20190930 15:25:59.415" endtime="20190930 15:25:59.462"></status>
</kw>
<kw name="Click Element" library="Selenium2Library">
<doc>Click the element identified by ``locator``.</doc>
<arguments>
<arg>//*[@id="root"]/div/div[3]/div/div[3]/div/div[1]/div</arg>
</arguments>
<msg timestamp="20190930 15:25:59.462" level="INFO">Clicking element '//*[@id="root"]/div/div[3]/div/div[3]/div/div[1]/div'.</msg>
<status status="PASS" starttime="20190930 15:25:59.462" endtime="20190930 15:25:59.587"></status>
</kw>
<kw name="Sleep" library="BuiltIn">
<doc>Pauses the test executed for the given time.</doc>
<arguments>
<arg>3</arg>
<arg>s</arg>
</arguments>
<msg timestamp="20190930 15:26:02.588" level="INFO">Slept 3 seconds</msg>
<msg timestamp="20190930 15:26:02.588" level="INFO">s</msg>
<status status="PASS" starttime="20190930 15:25:59.587" endtime="20190930 15:26:02.588"></status>
</kw>
<status status="PASS" starttime="20190930 15:25:59.414" endtime="20190930 15:26:02.588"></status>
</kw>
<kw name="AND Click tagging">
<kw name="Wait Until Element Is Visible" library="Selenium2Library">
<doc>Waits until the element ``locator`` is visible.</doc>
<arguments>
<arg>//*[@id="root"]/div/div[2]/div[1]/div/div/div/a[4]</arg>
</arguments>
<status status="PASS" starttime="20190930 15:26:02.589" endtime="20190930 15:26:02.623"></status>
</kw>
<kw name="Click Element" library="Selenium2Library">
<doc>Click the element identified by ``locator``.</doc>
<arguments>
<arg>//*[@id="root"]/div/div[2]/div[1]/div/div/div/a[4]</arg>
</arguments>
<msg timestamp="20190930 15:26:02.623" level="INFO">Clicking element '//*[@id="root"]/div/div[2]/div[1]/div/div/div/a[4]'.</msg>
<status status="PASS" starttime="20190930 15:26:02.623" endtime="20190930 15:26:02.723"></status>
</kw>
<kw name="Sleep" library="BuiltIn">
<doc>Pauses the test executed for the given time.</doc>
<arguments>
<arg>3</arg>
<arg>s</arg>
</arguments>
<msg timestamp="20190930 15:26:05.724" level="INFO">Slept 3 seconds</msg>
<msg timestamp="20190930 15:26:05.724" level="INFO">s</msg>
<status status="PASS" starttime="20190930 15:26:02.724" endtime="20190930 15:26:05.724"></status>
</kw>
<status status="PASS" starttime="20190930 15:26:02.589" endtime="20190930 15:26:05.724"></status>
</kw>
<kw name="AND Click Name document">
<kw name="Click Element" library="Selenium2Library">
<doc>Click the element identified by ``locator``.</doc>
<arguments>
<arg>//*[@id="root"]/div/div[2]/div[2]/table/tbody/tr/td[1]/div</arg>
</arguments>
<msg timestamp="20190930 15:26:05.725" level="INFO">Clicking element '//*[@id="root"]/div/div[2]/div[2]/table/tbody/tr/td[1]/div'.</msg>
<status status="PASS" starttime="20190930 15:26:05.725" endtime="20190930 15:26:05.878"></status>
</kw>
<kw name="Sleep" library="BuiltIn">
<doc>Pauses the test executed for the given time.</doc>
<arguments>
<arg>3</arg>
<arg>s</arg>
</arguments>
<msg timestamp="20190930 15:26:08.879" level="INFO">Slept 3 seconds</msg>
<msg timestamp="20190930 15:26:08.879" level="INFO">s</msg>
<status status="PASS" starttime="20190930 15:26:05.878" endtime="20190930 15:26:08.879"></status>
</kw>
<status status="PASS" starttime="20190930 15:26:05.724" endtime="20190930 15:26:08.879"></status>
</kw>
<kw name="AND Click Word tagging">
<kw name="Click Element" library="Selenium2Library">
<doc>Click the element identified by ``locator``.</doc>
<arguments>
<arg>//*[@id="root"]/div/div[2]/div[2]/div[2]/p[2]</arg>
</arguments>
<msg timestamp="20190930 15:26:08.880" level="INFO">Clicking element '//*[@id="root"]/div/div[2]/div[2]/div[2]/p[2]'.</msg>
<status status="PASS" starttime="20190930 15:26:08.880" endtime="20190930 15:26:09.011"></status>
</kw>
<kw name="Sleep" library="BuiltIn">
<doc>Pauses the test executed for the given time.</doc>
<arguments>
<arg>3</arg>
<arg>s</arg>
</arguments>
<msg timestamp="20190930 15:26:12.013" level="INFO">Slept 3 seconds</msg>
<msg timestamp="20190930 15:26:12.013" level="INFO">s</msg>
<status status="PASS" starttime="20190930 15:26:09.012" endtime="20190930 15:26:12.013"></status>
</kw>
<status status="PASS" starttime="20190930 15:26:08.879" endtime="20190930 15:26:12.013"></status>
</kw>
<kw name="AND Click dropdown status">
<kw name="Click Element" library="Selenium2Library">
<doc>Click the element identified by ``locator``.</doc>
<arguments>
<arg>//*[@id="root"]/div/div[2]/div[2]/div[2]/div/div/div/button</arg>
</arguments>
<msg timestamp="20190930 15:26:12.014" level="INFO">Clicking element '//*[@id="root"]/div/div[2]/div[2]/div[2]/div/div/div/button'.</msg>
<status status="PASS" starttime="20190930 15:26:12.014" endtime="20190930 15:26:12.128"></status>
</kw>
<kw name="Sleep" library="BuiltIn">
<doc>Pauses the test executed for the given time.</doc>
<arguments>
<arg>3</arg>
<arg>s</arg>
</arguments>
<msg timestamp="20190930 15:26:15.129" level="INFO">Slept 3 seconds</msg>
<msg timestamp="20190930 15:26:15.129" level="INFO">s</msg>
<status status="PASS" starttime="20190930 15:26:12.128" endtime="20190930 15:26:15.129"></status>
</kw>
<status status="PASS" starttime="20190930 15:26:12.014" endtime="20190930 15:26:15.129"></status>
</kw>
<kw name="AND Choose In progress">
<kw name="Click Element" library="Selenium2Library">
<doc>Click the element identified by ``locator``.</doc>
<arguments>
<arg>//*[@id="root"]/div/div[2]/div[2]/div[2]/div/div/div/div/a</arg>
</arguments>
<msg timestamp="20190930 15:26:15.130" level="INFO">Clicking element '//*[@id="root"]/div/div[2]/div[2]/div[2]/div/div/div/div/a'.</msg>
<status status="PASS" starttime="20190930 15:26:15.130" endtime="20190930 15:26:15.312"></status>
</kw>
<kw name="Sleep" library="BuiltIn">
<doc>Pauses the test executed for the given time.</doc>
<arguments>
<arg>2</arg>
<arg>s</arg>
</arguments>
<msg timestamp="20190930 15:26:17.313" level="INFO">Slept 2 seconds</msg>
<msg timestamp="20190930 15:26:17.313" level="INFO">s</msg>
<status status="PASS" starttime="20190930 15:26:15.313" endtime="20190930 15:26:17.313"></status>
</kw>
<status status="PASS" starttime="20190930 15:26:15.130" endtime="20190930 15:26:17.313"></status>
</kw>
<kw name="AND Click Sentence Segmentation">
<kw name="Click Element" library="Selenium2Library">
<doc>Click the element identified by ``locator``.</doc>
<arguments>
<arg>//*[@id="root"]/div/div[2]/div[2]/div[2]/p</arg>
</arguments>
<msg timestamp="20190930 15:26:17.314" level="INFO">Clicking element '//*[@id="root"]/div/div[2]/div[2]/div[2]/p'.</msg>
<status status="PASS" starttime="20190930 15:26:17.314" endtime="20190930 15:26:17.423"></status>
</kw>
<kw name="Sleep" library="BuiltIn">
<doc>Pauses the test executed for the given time.</doc>
<arguments>
<arg>2</arg>
<arg>s</arg>
</arguments>
<msg timestamp="20190930 15:26:19.423" level="INFO">Slept 2 seconds</msg>
<msg timestamp="20190930 15:26:19.423" level="INFO">s</msg>
<status status="PASS" starttime="20190930 15:26:17.423" endtime="20190930 15:26:19.423"></status>
</kw>
<status status="PASS" starttime="20190930 15:26:17.313" endtime="20190930 15:26:19.423"></status>
</kw>
<kw name="AND Click Save in pop up">
<kw name="Click Element" library="Selenium2Library">
<doc>Click the element identified by ``locator``.</doc>
<arguments>
<arg>//*[@id="root"]/div/div[3]/div/div[2]/div/button[2]</arg>
</arguments>
<msg timestamp="20190930 15:26:19.425" level="INFO">Clicking element '//*[@id="root"]/div/div[3]/div/div[2]/div/button[2]'.</msg>
<status status="PASS" starttime="20190930 15:26:19.424" endtime="20190930 15:26:19.556"></status>
</kw>
<kw name="Sleep" library="BuiltIn">
<doc>Pauses the test executed for the given time.</doc>
<arguments>
<arg>3</arg>
<arg>s</arg>
</arguments>
<msg timestamp="20190930 15:26:22.557" level="INFO">Slept 3 seconds</msg>
<msg timestamp="20190930 15:26:22.557" level="INFO">s</msg>
<status status="PASS" starttime="20190930 15:26:19.557" endtime="20190930 15:26:22.557"></status>
</kw>
<status status="PASS" starttime="20190930 15:26:19.424" endtime="20190930 15:26:22.557"></status>
</kw>
<kw name="AND Close Browser" library="Selenium2Library">
<doc>Closes the current browser.</doc>
<status status="PASS" starttime="20190930 15:26:22.558" endtime="20190930 15:26:23.857"></status>
</kw>
<status status="PASS" starttime="20190930 15:25:52.230" endtime="20190930 15:26:23.858" critical="yes"></status>
</test>
<status status="PASS" starttime="20190930 15:25:51.572" endtime="20190930 15:26:23.860"></status>
</suite>
<statistics>
<total>
<stat pass="1" fail="0">Critical Tests</stat>
<stat pass="1" fail="0">All Tests</stat>
</total>
<tag>
</tag>
<suite>
<stat pass="1" fail="0" id="s1" name="Case37">Case37</stat>
</suite>
</statistics>
<errors>
</errors>
</robot>
