<?xml version="1.0" encoding="UTF-8"?>
<robot generator="Robot 3.1.2 (Python 3.7.4 on win32)" generated="20190927 14:50:18.108" rpa="false">
<suite id="s1" name="Case40" source="C:\Users\IBM_ADMIN\Desktop\thai\CorpusAutomated\case40\case40.robot">
<test id="s1-t1" name="Verify Sentence Segmentation button">
<kw name="Open Website" library="Keyword">
<kw name="Open Browser" library="Selenium2Library">
<doc>Opens a new browser instance to the given ``url``.</doc>
<arguments>
<arg>${CorpusWeb}</arg>
<arg>${Browser}</arg>
</arguments>
<msg timestamp="20190927 14:50:18.778" level="INFO">Opening browser 'chrome' to base url 'http://localhost:3000/'.</msg>
<status status="PASS" starttime="20190927 14:50:18.778" endtime="20190927 14:50:23.966"></status>
</kw>
<kw name="Maximize Browser Window" library="Selenium2Library">
<doc>Maximizes current browser window.</doc>
<status status="PASS" starttime="20190927 14:50:23.967" endtime="20190927 14:50:24.089"></status>
</kw>
<status status="PASS" starttime="20190927 14:50:18.777" endtime="20190927 14:50:24.090"></status>
</kw>
<kw name="AND Click Login" library="Keyword">
<kw name="Wait Until Element Is Visible" library="Selenium2Library">
<doc>Waits until the element ``locator`` is visible.</doc>
<arguments>
<arg>//*[@id="root"]/div/div/div/a[2]</arg>
</arguments>
<status status="PASS" starttime="20190927 14:50:24.091" endtime="20190927 14:50:24.147"></status>
</kw>
<kw name="Click Element" library="Selenium2Library">
<doc>Click the element identified by ``locator``.</doc>
<arguments>
<arg>//*[@id="root"]/div/div/div/a[2]</arg>
</arguments>
<msg timestamp="20190927 14:50:24.148" level="INFO">Clicking element '//*[@id="root"]/div/div/div/a[2]'.</msg>
<status status="PASS" starttime="20190927 14:50:24.147" endtime="20190927 14:50:24.609"></status>
</kw>
<kw name="Sleep" library="BuiltIn">
<doc>Pauses the test executed for the given time.</doc>
<arguments>
<arg>3</arg>
<arg>s</arg>
</arguments>
<msg timestamp="20190927 14:50:27.609" level="INFO">Slept 3 seconds</msg>
<msg timestamp="20190927 14:50:27.609" level="INFO">s</msg>
<status status="PASS" starttime="20190927 14:50:24.609" endtime="20190927 14:50:27.609"></status>
</kw>
<status status="PASS" starttime="20190927 14:50:24.090" endtime="20190927 14:50:27.609"></status>
</kw>
<kw name="AND Click cat project" library="Keyword">
<kw name="Wait Until Element Is Visible" library="Selenium2Library">
<doc>Waits until the element ``locator`` is visible.</doc>
<arguments>
<arg>//*[@id="root"]/div/div[3]/div/div[12]/div/div[1]/div</arg>
</arguments>
<status status="PASS" starttime="20190927 14:50:27.610" endtime="20190927 14:50:27.655"></status>
</kw>
<kw name="Click Element" library="Selenium2Library">
<doc>Click the element identified by ``locator``.</doc>
<arguments>
<arg>//*[@id="root"]/div/div[3]/div/div[12]/div/div[1]/div</arg>
</arguments>
<msg timestamp="20190927 14:50:27.655" level="INFO">Clicking element '//*[@id="root"]/div/div[3]/div/div[12]/div/div[1]/div'.</msg>
<status status="PASS" starttime="20190927 14:50:27.655" endtime="20190927 14:50:27.780"></status>
</kw>
<kw name="Sleep" library="BuiltIn">
<doc>Pauses the test executed for the given time.</doc>
<arguments>
<arg>3</arg>
<arg>s</arg>
</arguments>
<msg timestamp="20190927 14:50:30.781" level="INFO">Slept 3 seconds</msg>
<msg timestamp="20190927 14:50:30.781" level="INFO">s</msg>
<status status="PASS" starttime="20190927 14:50:27.780" endtime="20190927 14:50:30.781"></status>
</kw>
<status status="PASS" starttime="20190927 14:50:27.610" endtime="20190927 14:50:30.781"></status>
</kw>
<kw name="AND Click tagging" library="Keyword">
<kw name="Wait Until Element Is Visible" library="Selenium2Library">
<doc>Waits until the element ``locator`` is visible.</doc>
<arguments>
<arg>//*[@id="root"]/div/div[2]/div[1]/div/div/div/a[4]</arg>
</arguments>
<status status="PASS" starttime="20190927 14:50:30.785" endtime="20190927 14:50:30.822"></status>
</kw>
<kw name="Click Element" library="Selenium2Library">
<doc>Click the element identified by ``locator``.</doc>
<arguments>
<arg>//*[@id="root"]/div/div[2]/div[1]/div/div/div/a[4]</arg>
</arguments>
<msg timestamp="20190927 14:50:30.822" level="INFO">Clicking element '//*[@id="root"]/div/div[2]/div[1]/div/div/div/a[4]'.</msg>
<status status="PASS" starttime="20190927 14:50:30.822" endtime="20190927 14:50:30.919"></status>
</kw>
<kw name="Sleep" library="BuiltIn">
<doc>Pauses the test executed for the given time.</doc>
<arguments>
<arg>3</arg>
<arg>s</arg>
</arguments>
<msg timestamp="20190927 14:50:33.920" level="INFO">Slept 3 seconds</msg>
<msg timestamp="20190927 14:50:33.920" level="INFO">s</msg>
<status status="PASS" starttime="20190927 14:50:30.920" endtime="20190927 14:50:33.920"></status>
</kw>
<status status="PASS" starttime="20190927 14:50:30.785" endtime="20190927 14:50:33.920"></status>
</kw>
<kw name="AND Click Name document" library="Keyword">
<kw name="Click Element" library="Selenium2Library">
<doc>Click the element identified by ``locator``.</doc>
<arguments>
<arg>//*[@id="root"]/div/div[2]/div[2]/table/tbody/tr/td[1]/div</arg>
</arguments>
<msg timestamp="20190927 14:50:33.921" level="INFO">Clicking element '//*[@id="root"]/div/div[2]/div[2]/table/tbody/tr/td[1]/div'.</msg>
<status status="PASS" starttime="20190927 14:50:33.921" endtime="20190927 14:50:34.014"></status>
</kw>
<kw name="Sleep" library="BuiltIn">
<doc>Pauses the test executed for the given time.</doc>
<arguments>
<arg>3</arg>
<arg>s</arg>
</arguments>
<msg timestamp="20190927 14:50:37.016" level="INFO">Slept 3 seconds</msg>
<msg timestamp="20190927 14:50:37.016" level="INFO">s</msg>
<status status="PASS" starttime="20190927 14:50:34.014" endtime="20190927 14:50:37.016"></status>
</kw>
<status status="PASS" starttime="20190927 14:50:33.921" endtime="20190927 14:50:37.016"></status>
</kw>
<kw name="AND Click Word tagging" library="Keyword">
<kw name="Click Element" library="Selenium2Library">
<doc>Click the element identified by ``locator``.</doc>
<arguments>
<arg>//*[@id="root"]/div/div[2]/div[2]/div[2]/p[2]</arg>
</arguments>
<msg timestamp="20190927 14:50:37.017" level="INFO">Clicking element '//*[@id="root"]/div/div[2]/div[2]/div[2]/p[2]'.</msg>
<status status="PASS" starttime="20190927 14:50:37.017" endtime="20190927 14:50:37.156"></status>
</kw>
<kw name="Sleep" library="BuiltIn">
<doc>Pauses the test executed for the given time.</doc>
<arguments>
<arg>3</arg>
<arg>s</arg>
</arguments>
<msg timestamp="20190927 14:50:40.156" level="INFO">Slept 3 seconds</msg>
<msg timestamp="20190927 14:50:40.156" level="INFO">s</msg>
<status status="PASS" starttime="20190927 14:50:37.156" endtime="20190927 14:50:40.156"></status>
</kw>
<status status="PASS" starttime="20190927 14:50:37.017" endtime="20190927 14:50:40.156"></status>
</kw>
<kw name="AND Click dropdown status" library="Keyword">
<kw name="Click Element" library="Selenium2Library">
<doc>Click the element identified by ``locator``.</doc>
<arguments>
<arg>//*[@id="root"]/div/div[2]/div[2]/div[2]/div/div/div/button</arg>
</arguments>
<msg timestamp="20190927 14:50:40.158" level="INFO">Clicking element '//*[@id="root"]/div/div[2]/div[2]/div[2]/div/div/div/button'.</msg>
<status status="PASS" starttime="20190927 14:50:40.157" endtime="20190927 14:50:40.251"></status>
</kw>
<kw name="Sleep" library="BuiltIn">
<doc>Pauses the test executed for the given time.</doc>
<arguments>
<arg>3</arg>
<arg>s</arg>
</arguments>
<msg timestamp="20190927 14:50:43.252" level="INFO">Slept 3 seconds</msg>
<msg timestamp="20190927 14:50:43.252" level="INFO">s</msg>
<status status="PASS" starttime="20190927 14:50:40.251" endtime="20190927 14:50:43.252"></status>
</kw>
<status status="PASS" starttime="20190927 14:50:40.157" endtime="20190927 14:50:43.252"></status>
</kw>
<kw name="AND Choose Complete" library="Keyword">
<kw name="Click Element" library="Selenium2Library">
<doc>Click the element identified by ``locator``.</doc>
<arguments>
<arg>//*[@id="root"]/div/div[2]/div[2]/div[2]/div/div/div/div</arg>
</arguments>
<msg timestamp="20190927 14:50:43.254" level="INFO">Clicking element '//*[@id="root"]/div/div[2]/div[2]/div[2]/div/div/div/div'.</msg>
<status status="PASS" starttime="20190927 14:50:43.253" endtime="20190927 14:50:43.466"></status>
</kw>
<kw name="Sleep" library="BuiltIn">
<doc>Pauses the test executed for the given time.</doc>
<arguments>
<arg>2</arg>
<arg>s</arg>
</arguments>
<msg timestamp="20190927 14:50:45.466" level="INFO">Slept 2 seconds</msg>
<msg timestamp="20190927 14:50:45.466" level="INFO">s</msg>
<status status="PASS" starttime="20190927 14:50:43.466" endtime="20190927 14:50:45.466"></status>
</kw>
<status status="PASS" starttime="20190927 14:50:43.253" endtime="20190927 14:50:45.466"></status>
</kw>
<kw name="AND Click Sentence Segmentation" library="Keyword">
<kw name="Click Element" library="Selenium2Library">
<doc>Click the element identified by ``locator``.</doc>
<arguments>
<arg>//*[@id="root"]/div/div[2]/div[2]/div[2]/p</arg>
</arguments>
<msg timestamp="20190927 14:50:45.467" level="INFO">Clicking element '//*[@id="root"]/div/div[2]/div[2]/div[2]/p'.</msg>
<status status="PASS" starttime="20190927 14:50:45.467" endtime="20190927 14:50:45.587"></status>
</kw>
<kw name="Sleep" library="BuiltIn">
<doc>Pauses the test executed for the given time.</doc>
<arguments>
<arg>2</arg>
<arg>s</arg>
</arguments>
<msg timestamp="20190927 14:50:47.588" level="INFO">Slept 2 seconds</msg>
<msg timestamp="20190927 14:50:47.588" level="INFO">s</msg>
<status status="PASS" starttime="20190927 14:50:45.587" endtime="20190927 14:50:47.588"></status>
</kw>
<status status="PASS" starttime="20190927 14:50:45.467" endtime="20190927 14:50:47.588"></status>
</kw>
<kw name="AND Click Cancel in pop up" library="Keyword">
<kw name="Click Element" library="Selenium2Library">
<doc>Click the element identified by ``locator``.</doc>
<arguments>
<arg>//*[@id="root"]/div/div[3]/div/div[2]/div/button[1]</arg>
</arguments>
<msg timestamp="20190927 14:50:47.590" level="INFO">Clicking element '//*[@id="root"]/div/div[3]/div/div[2]/div/button[1]'.</msg>
<status status="PASS" starttime="20190927 14:50:47.590" endtime="20190927 14:50:47.762"></status>
</kw>
<kw name="Sleep" library="BuiltIn">
<doc>Pauses the test executed for the given time.</doc>
<arguments>
<arg>3</arg>
<arg>s</arg>
</arguments>
<msg timestamp="20190927 14:50:50.763" level="INFO">Slept 3 seconds</msg>
<msg timestamp="20190927 14:50:50.763" level="INFO">s</msg>
<status status="PASS" starttime="20190927 14:50:47.763" endtime="20190927 14:50:50.763"></status>
</kw>
<status status="PASS" starttime="20190927 14:50:47.589" endtime="20190927 14:50:50.763"></status>
</kw>
<kw name="AND Close Browser" library="Selenium2Library">
<doc>Closes the current browser.</doc>
<status status="PASS" starttime="20190927 14:50:50.764" endtime="20190927 14:50:52.019"></status>
</kw>
<status status="PASS" starttime="20190927 14:50:18.776" endtime="20190927 14:50:52.019" critical="yes"></status>
</test>
<status status="PASS" starttime="20190927 14:50:18.113" endtime="20190927 14:50:52.024"></status>
</suite>
<statistics>
<total>
<stat pass="1" fail="0">Critical Tests</stat>
<stat pass="1" fail="0">All Tests</stat>
</total>
<tag>
</tag>
<suite>
<stat pass="1" fail="0" id="s1" name="Case40">Case40</stat>
</suite>
</statistics>
<errors>
</errors>
</robot>
