<?xml version="1.0" encoding="UTF-8"?>
<robot generator="Robot 3.1.2 (Python 3.7.4 on win32)" generated="20190926 22:44:36.303" rpa="false">
<suite id="s1" name="Case15" source="C:\Users\IBM_ADMIN\Desktop\thai\CorpusAutomated\case15\case15.robot">
<test id="s1-t1" name="Verify segment button">
<kw name="Open Website">
<kw name="Open Browser" library="Selenium2Library">
<doc>Opens a new browser instance to the given ``url``.</doc>
<arguments>
<arg>${CorpusWeb}</arg>
<arg>${Browser}</arg>
</arguments>
<msg timestamp="20190926 22:44:36.955" level="INFO">Opening browser 'chrome' to base url 'http://localhost:3000/'.</msg>
<status status="PASS" starttime="20190926 22:44:36.955" endtime="20190926 22:44:41.303"></status>
</kw>
<kw name="Maximize Browser Window" library="Selenium2Library">
<doc>Maximizes current browser window.</doc>
<status status="PASS" starttime="20190926 22:44:41.304" endtime="20190926 22:44:41.435"></status>
</kw>
<status status="PASS" starttime="20190926 22:44:36.954" endtime="20190926 22:44:41.436"></status>
</kw>
<kw name="AND Click Login">
<kw name="Wait Until Element Is Visible" library="Selenium2Library">
<doc>Waits until the element ``locator`` is visible.</doc>
<arguments>
<arg>//*[@id="root"]/div/div/div/a[2]</arg>
</arguments>
<status status="PASS" starttime="20190926 22:44:41.437" endtime="20190926 22:44:41.513"></status>
</kw>
<kw name="Click Element" library="Selenium2Library">
<doc>Click the element identified by ``locator``.</doc>
<arguments>
<arg>//*[@id="root"]/div/div/div/a[2]</arg>
</arguments>
<msg timestamp="20190926 22:44:41.514" level="INFO">Clicking element '//*[@id="root"]/div/div/div/a[2]'.</msg>
<status status="PASS" starttime="20190926 22:44:41.514" endtime="20190926 22:44:41.880"></status>
</kw>
<kw name="Sleep" library="BuiltIn">
<doc>Pauses the test executed for the given time.</doc>
<arguments>
<arg>3</arg>
<arg>s</arg>
</arguments>
<msg timestamp="20190926 22:44:44.881" level="INFO">Slept 3 seconds</msg>
<msg timestamp="20190926 22:44:44.881" level="INFO">s</msg>
<status status="PASS" starttime="20190926 22:44:41.880" endtime="20190926 22:44:44.881"></status>
</kw>
<status status="PASS" starttime="20190926 22:44:41.436" endtime="20190926 22:44:44.881"></status>
</kw>
<kw name="AND Click Cat project">
<kw name="Wait Until Element Is Visible" library="Selenium2Library">
<doc>Waits until the element ``locator`` is visible.</doc>
<arguments>
<arg>//*[@id="root"]/div/div[3]/div/div[12]/div/div[1]/div</arg>
</arguments>
<status status="PASS" starttime="20190926 22:44:44.882" endtime="20190926 22:44:44.929"></status>
</kw>
<kw name="Click Element" library="Selenium2Library">
<doc>Click the element identified by ``locator``.</doc>
<arguments>
<arg>//*[@id="root"]/div/div[3]/div/div[12]/div/div[1]/div</arg>
</arguments>
<msg timestamp="20190926 22:44:44.930" level="INFO">Clicking element '//*[@id="root"]/div/div[3]/div/div[12]/div/div[1]/div'.</msg>
<status status="PASS" starttime="20190926 22:44:44.929" endtime="20190926 22:44:45.067"></status>
</kw>
<kw name="Sleep" library="BuiltIn">
<doc>Pauses the test executed for the given time.</doc>
<arguments>
<arg>3</arg>
<arg>s</arg>
</arguments>
<msg timestamp="20190926 22:44:48.069" level="INFO">Slept 3 seconds</msg>
<msg timestamp="20190926 22:44:48.069" level="INFO">s</msg>
<status status="PASS" starttime="20190926 22:44:45.068" endtime="20190926 22:44:48.069"></status>
</kw>
<status status="PASS" starttime="20190926 22:44:44.882" endtime="20190926 22:44:48.069"></status>
</kw>
<kw name="AND Click Tagging">
<kw name="Wait Until Element Is Visible" library="Selenium2Library">
<doc>Waits until the element ``locator`` is visible.</doc>
<arguments>
<arg>//*[@id="root"]/div/div[2]/div[1]/div/div/div/a[4]</arg>
</arguments>
<status status="PASS" starttime="20190926 22:44:48.070" endtime="20190926 22:44:48.105"></status>
</kw>
<kw name="Click Element" library="Selenium2Library">
<doc>Click the element identified by ``locator``.</doc>
<arguments>
<arg>//*[@id="root"]/div/div[2]/div[1]/div/div/div/a[4]</arg>
</arguments>
<msg timestamp="20190926 22:44:48.105" level="INFO">Clicking element '//*[@id="root"]/div/div[2]/div[1]/div/div/div/a[4]'.</msg>
<status status="PASS" starttime="20190926 22:44:48.105" endtime="20190926 22:44:48.228"></status>
</kw>
<kw name="Sleep" library="BuiltIn">
<doc>Pauses the test executed for the given time.</doc>
<arguments>
<arg>3</arg>
<arg>s</arg>
</arguments>
<msg timestamp="20190926 22:44:51.229" level="INFO">Slept 3 seconds</msg>
<msg timestamp="20190926 22:44:51.229" level="INFO">s</msg>
<status status="PASS" starttime="20190926 22:44:48.228" endtime="20190926 22:44:51.229"></status>
</kw>
<status status="PASS" starttime="20190926 22:44:48.069" endtime="20190926 22:44:51.229"></status>
</kw>
<kw name="AND Click Name document">
<kw name="Click Element" library="Selenium2Library">
<doc>Click the element identified by ``locator``.</doc>
<arguments>
<arg>//*[@id="root"]/div/div[2]/div[2]/table/tbody/tr/td[1]/div</arg>
</arguments>
<msg timestamp="20190926 22:44:51.231" level="INFO">Clicking element '//*[@id="root"]/div/div[2]/div[2]/table/tbody/tr/td[1]/div'.</msg>
<status status="PASS" starttime="20190926 22:44:51.231" endtime="20190926 22:44:51.334"></status>
</kw>
<kw name="Sleep" library="BuiltIn">
<doc>Pauses the test executed for the given time.</doc>
<arguments>
<arg>3</arg>
<arg>s</arg>
</arguments>
<msg timestamp="20190926 22:44:54.336" level="INFO">Slept 3 seconds</msg>
<msg timestamp="20190926 22:44:54.336" level="INFO">s</msg>
<status status="PASS" starttime="20190926 22:44:51.334" endtime="20190926 22:44:54.336"></status>
</kw>
<status status="PASS" starttime="20190926 22:44:51.230" endtime="20190926 22:44:54.337"></status>
</kw>
<kw name="AND Click Save">
<kw name="Click Element" library="Selenium2Library">
<doc>Click the element identified by ``locator``.</doc>
<arguments>
<arg>//*[@id="root"]/div/div[2]/div[2]/div[2]/button</arg>
</arguments>
<msg timestamp="20190926 22:44:54.340" level="INFO">Clicking element '//*[@id="root"]/div/div[2]/div[2]/div[2]/button'.</msg>
<status status="PASS" starttime="20190926 22:44:54.339" endtime="20190926 22:44:54.417"></status>
</kw>
<kw name="Sleep" library="BuiltIn">
<doc>Pauses the test executed for the given time.</doc>
<arguments>
<arg>3</arg>
<arg>s</arg>
</arguments>
<msg timestamp="20190926 22:44:57.418" level="INFO">Slept 3 seconds</msg>
<msg timestamp="20190926 22:44:57.418" level="INFO">s</msg>
<status status="PASS" starttime="20190926 22:44:54.417" endtime="20190926 22:44:57.418"></status>
</kw>
<status status="PASS" starttime="20190926 22:44:54.338" endtime="20190926 22:44:57.419"></status>
</kw>
<kw name="AND Close Website">
<kw name="Close Browser" library="Selenium2Library">
<doc>Closes the current browser.</doc>
<status status="PASS" starttime="20190926 22:44:57.421" endtime="20190926 22:44:58.715"></status>
</kw>
<status status="PASS" starttime="20190926 22:44:57.420" endtime="20190926 22:44:58.716"></status>
</kw>
<status status="PASS" starttime="20190926 22:44:36.953" endtime="20190926 22:44:58.717" critical="yes"></status>
</test>
<status status="PASS" starttime="20190926 22:44:36.308" endtime="20190926 22:44:58.721"></status>
</suite>
<statistics>
<total>
<stat pass="1" fail="0">Critical Tests</stat>
<stat pass="1" fail="0">All Tests</stat>
</total>
<tag>
</tag>
<suite>
<stat pass="1" fail="0" id="s1" name="Case15">Case15</stat>
</suite>
</statistics>
<errors>
</errors>
</robot>
