<?xml version="1.0" encoding="UTF-8"?>
<robot generator="Robot 3.1.2 (Python 3.7.4 on win32)" generated="20190926 17:11:43.401" rpa="false">
<suite id="s1" name="Case12" source="C:\Users\IBM_ADMIN\Desktop\thai\CorpusAutomated\case12\case12.robot">
<test id="s1-t1" name="Verify segment button">
<kw name="Open Website">
<kw name="Open Browser" library="Selenium2Library">
<doc>Opens a new browser instance to the given ``url``.</doc>
<arguments>
<arg>${CorpusWeb}</arg>
<arg>${Browser}</arg>
</arguments>
<msg timestamp="20190926 17:11:44.055" level="INFO">Opening browser 'chrome' to base url 'http://localhost:3000/'.</msg>
<status status="PASS" starttime="20190926 17:11:44.054" endtime="20190926 17:11:49.052"></status>
</kw>
<kw name="Maximize Browser Window" library="Selenium2Library">
<doc>Maximizes current browser window.</doc>
<status status="PASS" starttime="20190926 17:11:49.053" endtime="20190926 17:11:49.176"></status>
</kw>
<status status="PASS" starttime="20190926 17:11:44.053" endtime="20190926 17:11:49.176"></status>
</kw>
<kw name="AND Click Login">
<kw name="Wait Until Element Is Visible" library="Selenium2Library">
<doc>Waits until the element ``locator`` is visible.</doc>
<arguments>
<arg>//*[@id="root"]/div/div/div/a[2]</arg>
</arguments>
<status status="PASS" starttime="20190926 17:11:49.177" endtime="20190926 17:11:49.230"></status>
</kw>
<kw name="Click Element" library="Selenium2Library">
<doc>Click the element identified by ``locator``.</doc>
<arguments>
<arg>//*[@id="root"]/div/div/div/a[2]</arg>
</arguments>
<msg timestamp="20190926 17:11:49.231" level="INFO">Clicking element '//*[@id="root"]/div/div/div/a[2]'.</msg>
<status status="PASS" starttime="20190926 17:11:49.230" endtime="20190926 17:11:49.616"></status>
</kw>
<kw name="Sleep" library="BuiltIn">
<doc>Pauses the test executed for the given time.</doc>
<arguments>
<arg>3</arg>
<arg>s</arg>
</arguments>
<msg timestamp="20190926 17:11:52.617" level="INFO">Slept 3 seconds</msg>
<msg timestamp="20190926 17:11:52.617" level="INFO">s</msg>
<status status="PASS" starttime="20190926 17:11:49.616" endtime="20190926 17:11:52.617"></status>
</kw>
<status status="PASS" starttime="20190926 17:11:49.176" endtime="20190926 17:11:52.617"></status>
</kw>
<kw name="AND Click Cat project">
<kw name="Wait Until Element Is Visible" library="Selenium2Library">
<doc>Waits until the element ``locator`` is visible.</doc>
<arguments>
<arg>//*[@id="root"]/div/div[3]/div/div[12]/div/div[1]/div</arg>
</arguments>
<status status="PASS" starttime="20190926 17:11:52.618" endtime="20190926 17:11:52.663"></status>
</kw>
<kw name="Click Element" library="Selenium2Library">
<doc>Click the element identified by ``locator``.</doc>
<arguments>
<arg>//*[@id="root"]/div/div[3]/div/div[12]/div/div[1]/div</arg>
</arguments>
<msg timestamp="20190926 17:11:52.664" level="INFO">Clicking element '//*[@id="root"]/div/div[3]/div/div[12]/div/div[1]/div'.</msg>
<status status="PASS" starttime="20190926 17:11:52.663" endtime="20190926 17:11:52.801"></status>
</kw>
<kw name="Sleep" library="BuiltIn">
<doc>Pauses the test executed for the given time.</doc>
<arguments>
<arg>3</arg>
<arg>s</arg>
</arguments>
<msg timestamp="20190926 17:11:55.802" level="INFO">Slept 3 seconds</msg>
<msg timestamp="20190926 17:11:55.802" level="INFO">s</msg>
<status status="PASS" starttime="20190926 17:11:52.802" endtime="20190926 17:11:55.802"></status>
</kw>
<status status="PASS" starttime="20190926 17:11:52.618" endtime="20190926 17:11:55.802"></status>
</kw>
<kw name="AND Click Tagging">
<kw name="Wait Until Element Is Visible" library="Selenium2Library">
<doc>Waits until the element ``locator`` is visible.</doc>
<arguments>
<arg>//*[@id="root"]/div/div[2]/div[1]/div/div/div/a[4]</arg>
</arguments>
<status status="PASS" starttime="20190926 17:11:55.803" endtime="20190926 17:11:55.837"></status>
</kw>
<kw name="Click Element" library="Selenium2Library">
<doc>Click the element identified by ``locator``.</doc>
<arguments>
<arg>//*[@id="root"]/div/div[2]/div[1]/div/div/div/a[4]</arg>
</arguments>
<msg timestamp="20190926 17:11:55.837" level="INFO">Clicking element '//*[@id="root"]/div/div[2]/div[1]/div/div/div/a[4]'.</msg>
<status status="PASS" starttime="20190926 17:11:55.837" endtime="20190926 17:11:55.948"></status>
</kw>
<kw name="Sleep" library="BuiltIn">
<doc>Pauses the test executed for the given time.</doc>
<arguments>
<arg>3</arg>
<arg>s</arg>
</arguments>
<msg timestamp="20190926 17:11:58.949" level="INFO">Slept 3 seconds</msg>
<msg timestamp="20190926 17:11:58.949" level="INFO">s</msg>
<status status="PASS" starttime="20190926 17:11:55.948" endtime="20190926 17:11:58.949"></status>
</kw>
<status status="PASS" starttime="20190926 17:11:55.803" endtime="20190926 17:11:58.949"></status>
</kw>
<kw name="AND Click Name document">
<kw name="Click Element" library="Selenium2Library">
<doc>Click the element identified by ``locator``.</doc>
<arguments>
<arg>//*[@id="root"]/div/div[2]/div[2]/table/tbody/tr/td[1]/div</arg>
</arguments>
<msg timestamp="20190926 17:11:58.950" level="INFO">Clicking element '//*[@id="root"]/div/div[2]/div[2]/table/tbody/tr/td[1]/div'.</msg>
<status status="PASS" starttime="20190926 17:11:58.950" endtime="20190926 17:11:59.065"></status>
</kw>
<kw name="Sleep" library="BuiltIn">
<doc>Pauses the test executed for the given time.</doc>
<arguments>
<arg>3</arg>
<arg>s</arg>
</arguments>
<msg timestamp="20190926 17:12:02.065" level="INFO">Slept 3 seconds</msg>
<msg timestamp="20190926 17:12:02.065" level="INFO">s</msg>
<status status="PASS" starttime="20190926 17:11:59.065" endtime="20190926 17:12:02.065"></status>
</kw>
<status status="PASS" starttime="20190926 17:11:58.950" endtime="20190926 17:12:02.065"></status>
</kw>
<kw name="AND Click First and last character of sentence">
<kw name="Click Element" library="Selenium2Library">
<doc>Click the element identified by ``locator``.</doc>
<arguments>
<arg>//*[@id="root"]/div/div[2]/div[2]/div[3]/div[2]/span[157]</arg>
</arguments>
<msg timestamp="20190926 17:12:02.066" level="INFO">Clicking element '//*[@id="root"]/div/div[2]/div[2]/div[3]/div[2]/span[157]'.</msg>
<status status="PASS" starttime="20190926 17:12:02.066" endtime="20190926 17:12:02.192"></status>
</kw>
<kw name="Sleep" library="BuiltIn">
<doc>Pauses the test executed for the given time.</doc>
<arguments>
<arg>2</arg>
<arg>s</arg>
</arguments>
<msg timestamp="20190926 17:12:04.192" level="INFO">Slept 2 seconds</msg>
<msg timestamp="20190926 17:12:04.192" level="INFO">s</msg>
<status status="PASS" starttime="20190926 17:12:02.192" endtime="20190926 17:12:04.192"></status>
</kw>
<status status="PASS" starttime="20190926 17:12:02.066" endtime="20190926 17:12:04.192"></status>
</kw>
<kw name="AND Click Segment">
<kw name="Click Element" library="Selenium2Library">
<doc>Click the element identified by ``locator``.</doc>
<arguments>
<arg>//*[@id="root"]/div/div[2]/div[3]/div[1]/button</arg>
</arguments>
<msg timestamp="20190926 17:12:04.194" level="INFO">Clicking element '//*[@id="root"]/div/div[2]/div[3]/div[1]/button'.</msg>
<status status="PASS" starttime="20190926 17:12:04.193" endtime="20190926 17:12:04.264"></status>
</kw>
<kw name="Sleep" library="BuiltIn">
<doc>Pauses the test executed for the given time.</doc>
<arguments>
<arg>3</arg>
<arg>s</arg>
</arguments>
<msg timestamp="20190926 17:12:07.265" level="INFO">Slept 3 seconds</msg>
<msg timestamp="20190926 17:12:07.265" level="INFO">s</msg>
<status status="PASS" starttime="20190926 17:12:04.264" endtime="20190926 17:12:07.265"></status>
</kw>
<status status="PASS" starttime="20190926 17:12:04.193" endtime="20190926 17:12:07.265"></status>
</kw>
<kw name="AND Close Website">
<kw name="Close Browser" library="Selenium2Library">
<doc>Closes the current browser.</doc>
<status status="PASS" starttime="20190926 17:12:07.266" endtime="20190926 17:12:08.564"></status>
</kw>
<status status="PASS" starttime="20190926 17:12:07.266" endtime="20190926 17:12:08.564"></status>
</kw>
<status status="PASS" starttime="20190926 17:11:44.052" endtime="20190926 17:12:08.565" critical="yes"></status>
</test>
<status status="PASS" starttime="20190926 17:11:43.406" endtime="20190926 17:12:08.566"></status>
</suite>
<statistics>
<total>
<stat pass="1" fail="0">Critical Tests</stat>
<stat pass="1" fail="0">All Tests</stat>
</total>
<tag>
</tag>
<suite>
<stat pass="1" fail="0" id="s1" name="Case12">Case12</stat>
</suite>
</statistics>
<errors>
</errors>
</robot>
