<?xml version="1.0" encoding="UTF-8"?>
<robot generator="Robot 3.1.2 (Python 3.7.4 on win32)" generated="20190927 11:03:28.813" rpa="false">
<suite id="s1" name="Case26" source="C:\Users\IBM_ADMIN\Desktop\thai\CorpusAutomated\case26\case26.robot">
<test id="s1-t1" name="Verify Word tagging button">
<kw name="Open Website" library="Keyword">
<kw name="Open Browser" library="Selenium2Library">
<doc>Opens a new browser instance to the given ``url``.</doc>
<arguments>
<arg>${CorpusWeb}</arg>
<arg>${Browser}</arg>
</arguments>
<msg timestamp="20190927 11:03:29.350" level="INFO">Opening browser 'chrome' to base url 'http://localhost:3000/'.</msg>
<status status="PASS" starttime="20190927 11:03:29.350" endtime="20190927 11:04:04.634"></status>
</kw>
<kw name="Maximize Browser Window" library="Selenium2Library">
<doc>Maximizes current browser window.</doc>
<status status="PASS" starttime="20190927 11:04:04.634" endtime="20190927 11:04:04.767"></status>
</kw>
<status status="PASS" starttime="20190927 11:03:29.349" endtime="20190927 11:04:04.768"></status>
</kw>
<kw name="AND Click Login" library="Keyword">
<kw name="Wait Until Element Is Visible" library="Selenium2Library">
<doc>Waits until the element ``locator`` is visible.</doc>
<arguments>
<arg>//*[@id="root"]/div/div/div/a[2]</arg>
</arguments>
<status status="PASS" starttime="20190927 11:04:04.768" endtime="20190927 11:04:04.822"></status>
</kw>
<kw name="Click Element" library="Selenium2Library">
<doc>Click the element identified by ``locator``.</doc>
<arguments>
<arg>//*[@id="root"]/div/div/div/a[2]</arg>
</arguments>
<msg timestamp="20190927 11:04:04.822" level="INFO">Clicking element '//*[@id="root"]/div/div/div/a[2]'.</msg>
<status status="PASS" starttime="20190927 11:04:04.822" endtime="20190927 11:04:06.009"></status>
</kw>
<kw name="Sleep" library="BuiltIn">
<doc>Pauses the test executed for the given time.</doc>
<arguments>
<arg>3</arg>
<arg>s</arg>
</arguments>
<msg timestamp="20190927 11:04:09.010" level="INFO">Slept 3 seconds</msg>
<msg timestamp="20190927 11:04:09.010" level="INFO">s</msg>
<status status="PASS" starttime="20190927 11:04:06.009" endtime="20190927 11:04:09.010"></status>
</kw>
<status status="PASS" starttime="20190927 11:04:04.768" endtime="20190927 11:04:09.010"></status>
</kw>
<kw name="AND Click cat project" library="Keyword">
<kw name="Wait Until Element Is Visible" library="Selenium2Library">
<doc>Waits until the element ``locator`` is visible.</doc>
<arguments>
<arg>//*[@id="root"]/div/div[3]/div/div[12]/div/div[1]/div</arg>
</arguments>
<status status="PASS" starttime="20190927 11:04:09.011" endtime="20190927 11:04:09.067"></status>
</kw>
<kw name="Click Element" library="Selenium2Library">
<doc>Click the element identified by ``locator``.</doc>
<arguments>
<arg>//*[@id="root"]/div/div[3]/div/div[12]/div/div[1]/div</arg>
</arguments>
<msg timestamp="20190927 11:04:09.067" level="INFO">Clicking element '//*[@id="root"]/div/div[3]/div/div[12]/div/div[1]/div'.</msg>
<status status="PASS" starttime="20190927 11:04:09.067" endtime="20190927 11:04:09.204"></status>
</kw>
<kw name="Sleep" library="BuiltIn">
<doc>Pauses the test executed for the given time.</doc>
<arguments>
<arg>3</arg>
<arg>s</arg>
</arguments>
<msg timestamp="20190927 11:04:12.205" level="INFO">Slept 3 seconds</msg>
<msg timestamp="20190927 11:04:12.205" level="INFO">s</msg>
<status status="PASS" starttime="20190927 11:04:09.204" endtime="20190927 11:04:12.205"></status>
</kw>
<status status="PASS" starttime="20190927 11:04:09.011" endtime="20190927 11:04:12.205"></status>
</kw>
<kw name="AND Click tagging" library="Keyword">
<kw name="Wait Until Element Is Visible" library="Selenium2Library">
<doc>Waits until the element ``locator`` is visible.</doc>
<arguments>
<arg>//*[@id="root"]/div/div[2]/div[1]/div/div/div/a[4]</arg>
</arguments>
<status status="PASS" starttime="20190927 11:04:12.206" endtime="20190927 11:04:12.257"></status>
</kw>
<kw name="Click Element" library="Selenium2Library">
<doc>Click the element identified by ``locator``.</doc>
<arguments>
<arg>//*[@id="root"]/div/div[2]/div[1]/div/div/div/a[4]</arg>
</arguments>
<msg timestamp="20190927 11:04:12.258" level="INFO">Clicking element '//*[@id="root"]/div/div[2]/div[1]/div/div/div/a[4]'.</msg>
<status status="PASS" starttime="20190927 11:04:12.258" endtime="20190927 11:04:12.369"></status>
</kw>
<kw name="Sleep" library="BuiltIn">
<doc>Pauses the test executed for the given time.</doc>
<arguments>
<arg>3</arg>
<arg>s</arg>
</arguments>
<msg timestamp="20190927 11:04:15.369" level="INFO">Slept 3 seconds</msg>
<msg timestamp="20190927 11:04:15.369" level="INFO">s</msg>
<status status="PASS" starttime="20190927 11:04:12.369" endtime="20190927 11:04:15.369"></status>
</kw>
<status status="PASS" starttime="20190927 11:04:12.206" endtime="20190927 11:04:15.369"></status>
</kw>
<kw name="AND Click Name document" library="Keyword">
<kw name="Click Element" library="Selenium2Library">
<doc>Click the element identified by ``locator``.</doc>
<arguments>
<arg>//*[@id="root"]/div/div[2]/div[2]/table/tbody/tr/td[1]/div</arg>
</arguments>
<msg timestamp="20190927 11:04:15.370" level="INFO">Clicking element '//*[@id="root"]/div/div[2]/div[2]/table/tbody/tr/td[1]/div'.</msg>
<status status="PASS" starttime="20190927 11:04:15.370" endtime="20190927 11:04:15.468"></status>
</kw>
<kw name="Sleep" library="BuiltIn">
<doc>Pauses the test executed for the given time.</doc>
<arguments>
<arg>3</arg>
<arg>s</arg>
</arguments>
<msg timestamp="20190927 11:04:18.469" level="INFO">Slept 3 seconds</msg>
<msg timestamp="20190927 11:04:18.469" level="INFO">s</msg>
<status status="PASS" starttime="20190927 11:04:15.468" endtime="20190927 11:04:18.469"></status>
</kw>
<status status="PASS" starttime="20190927 11:04:15.370" endtime="20190927 11:04:18.469"></status>
</kw>
<kw name="AND Click First and last character of sentence" library="Keyword">
<kw name="Click Element" library="Selenium2Library">
<doc>Click the element identified by ``locator``.</doc>
<arguments>
<arg>//*[@id="root"]/div/div[2]/div[2]/div[3]/div[2]/span[157]</arg>
</arguments>
<msg timestamp="20190927 11:04:18.470" level="INFO">Clicking element '//*[@id="root"]/div/div[2]/div[2]/div[3]/div[2]/span[157]'.</msg>
<status status="PASS" starttime="20190927 11:04:18.470" endtime="20190927 11:04:18.625"></status>
</kw>
<kw name="Sleep" library="BuiltIn">
<doc>Pauses the test executed for the given time.</doc>
<arguments>
<arg>2</arg>
<arg>s</arg>
</arguments>
<msg timestamp="20190927 11:04:20.626" level="INFO">Slept 2 seconds</msg>
<msg timestamp="20190927 11:04:20.626" level="INFO">s</msg>
<status status="PASS" starttime="20190927 11:04:18.625" endtime="20190927 11:04:20.626"></status>
</kw>
<kw name="Click Element" library="Selenium2Library">
<doc>Click the element identified by ``locator``.</doc>
<arguments>
<arg>//*[@id="root"]/div/div[2]/div[2]/div[3]/div[2]/span[223]</arg>
</arguments>
<msg timestamp="20190927 11:04:20.627" level="INFO">Clicking element '//*[@id="root"]/div/div[2]/div[2]/div[3]/div[2]/span[223]'.</msg>
<status status="PASS" starttime="20190927 11:04:20.626" endtime="20190927 11:04:20.747"></status>
</kw>
<kw name="Sleep" library="BuiltIn">
<doc>Pauses the test executed for the given time.</doc>
<arguments>
<arg>2</arg>
<arg>s</arg>
</arguments>
<msg timestamp="20190927 11:04:22.747" level="INFO">Slept 2 seconds</msg>
<msg timestamp="20190927 11:04:22.747" level="INFO">s</msg>
<status status="PASS" starttime="20190927 11:04:20.747" endtime="20190927 11:04:22.747"></status>
</kw>
<status status="PASS" starttime="20190927 11:04:18.470" endtime="20190927 11:04:22.747"></status>
</kw>
<kw name="AND Click Select document" library="Keyword">
<kw name="Click Element" library="Selenium2Library">
<doc>Click the element identified by ``locator``.</doc>
<arguments>
<arg>//*[@id="root"]/div/div[2]/div[2]/div[2]/p[1]</arg>
</arguments>
<msg timestamp="20190927 11:04:22.749" level="INFO">Clicking element '//*[@id="root"]/div/div[2]/div[2]/div[2]/p[1]'.</msg>
<status status="PASS" starttime="20190927 11:04:22.748" endtime="20190927 11:04:22.846"></status>
</kw>
<kw name="Sleep" library="BuiltIn">
<doc>Pauses the test executed for the given time.</doc>
<arguments>
<arg>3</arg>
<arg>s</arg>
</arguments>
<msg timestamp="20190927 11:04:25.847" level="INFO">Slept 3 seconds</msg>
<msg timestamp="20190927 11:04:25.847" level="INFO">s</msg>
<status status="PASS" starttime="20190927 11:04:22.846" endtime="20190927 11:04:25.847"></status>
</kw>
<status status="PASS" starttime="20190927 11:04:22.748" endtime="20190927 11:04:25.847"></status>
</kw>
<kw name="AND Close Browser" library="Selenium2Library">
<doc>Closes the current browser.</doc>
<status status="PASS" starttime="20190927 11:04:25.848" endtime="20190927 11:04:27.141"></status>
</kw>
<status status="PASS" starttime="20190927 11:03:29.349" endtime="20190927 11:04:27.141" critical="yes"></status>
</test>
<status status="PASS" starttime="20190927 11:03:28.818" endtime="20190927 11:04:27.143"></status>
</suite>
<statistics>
<total>
<stat pass="1" fail="0">Critical Tests</stat>
<stat pass="1" fail="0">All Tests</stat>
</total>
<tag>
</tag>
<suite>
<stat pass="1" fail="0" id="s1" name="Case26">Case26</stat>
</suite>
</statistics>
<errors>
</errors>
</robot>
