<?xml version="1.0" encoding="UTF-8"?>
<robot generator="Robot 3.1.2 (Python 3.7.4 on win32)" generated="20190927 14:30:39.233" rpa="false">
<suite id="s1" name="Case38" source="C:\Users\IBM_ADMIN\Desktop\thai\CorpusAutomated\case38\case38.robot">
<test id="s1-t1" name="Verify Sentence Segmentation button">
<kw name="Open Website" library="Keyword">
<kw name="Open Browser" library="Selenium2Library">
<doc>Opens a new browser instance to the given ``url``.</doc>
<arguments>
<arg>${CorpusWeb}</arg>
<arg>${Browser}</arg>
</arguments>
<msg timestamp="20190927 14:30:39.852" level="INFO">Opening browser 'chrome' to base url 'http://localhost:3000/'.</msg>
<status status="PASS" starttime="20190927 14:30:39.852" endtime="20190927 14:30:44.991"></status>
</kw>
<kw name="Maximize Browser Window" library="Selenium2Library">
<doc>Maximizes current browser window.</doc>
<status status="PASS" starttime="20190927 14:30:44.991" endtime="20190927 14:30:45.139"></status>
</kw>
<status status="PASS" starttime="20190927 14:30:39.851" endtime="20190927 14:30:45.140"></status>
</kw>
<kw name="AND Click Login" library="Keyword">
<kw name="Wait Until Element Is Visible" library="Selenium2Library">
<doc>Waits until the element ``locator`` is visible.</doc>
<arguments>
<arg>//*[@id="root"]/div/div/div/a[2]</arg>
</arguments>
<status status="PASS" starttime="20190927 14:30:45.141" endtime="20190927 14:30:45.189"></status>
</kw>
<kw name="Click Element" library="Selenium2Library">
<doc>Click the element identified by ``locator``.</doc>
<arguments>
<arg>//*[@id="root"]/div/div/div/a[2]</arg>
</arguments>
<msg timestamp="20190927 14:30:45.189" level="INFO">Clicking element '//*[@id="root"]/div/div/div/a[2]'.</msg>
<status status="PASS" starttime="20190927 14:30:45.189" endtime="20190927 14:30:45.561"></status>
</kw>
<kw name="Sleep" library="BuiltIn">
<doc>Pauses the test executed for the given time.</doc>
<arguments>
<arg>3</arg>
<arg>s</arg>
</arguments>
<msg timestamp="20190927 14:30:48.562" level="INFO">Slept 3 seconds</msg>
<msg timestamp="20190927 14:30:48.562" level="INFO">s</msg>
<status status="PASS" starttime="20190927 14:30:45.562" endtime="20190927 14:30:48.562"></status>
</kw>
<status status="PASS" starttime="20190927 14:30:45.140" endtime="20190927 14:30:48.562"></status>
</kw>
<kw name="AND Click cat project" library="Keyword">
<kw name="Wait Until Element Is Visible" library="Selenium2Library">
<doc>Waits until the element ``locator`` is visible.</doc>
<arguments>
<arg>//*[@id="root"]/div/div[3]/div/div[12]/div/div[1]/div</arg>
</arguments>
<status status="PASS" starttime="20190927 14:30:48.563" endtime="20190927 14:30:48.610"></status>
</kw>
<kw name="Click Element" library="Selenium2Library">
<doc>Click the element identified by ``locator``.</doc>
<arguments>
<arg>//*[@id="root"]/div/div[3]/div/div[12]/div/div[1]/div</arg>
</arguments>
<msg timestamp="20190927 14:30:48.610" level="INFO">Clicking element '//*[@id="root"]/div/div[3]/div/div[12]/div/div[1]/div'.</msg>
<status status="PASS" starttime="20190927 14:30:48.610" endtime="20190927 14:30:48.747"></status>
</kw>
<kw name="Sleep" library="BuiltIn">
<doc>Pauses the test executed for the given time.</doc>
<arguments>
<arg>3</arg>
<arg>s</arg>
</arguments>
<msg timestamp="20190927 14:30:51.748" level="INFO">Slept 3 seconds</msg>
<msg timestamp="20190927 14:30:51.748" level="INFO">s</msg>
<status status="PASS" starttime="20190927 14:30:48.748" endtime="20190927 14:30:51.748"></status>
</kw>
<status status="PASS" starttime="20190927 14:30:48.563" endtime="20190927 14:30:51.748"></status>
</kw>
<kw name="AND Click tagging" library="Keyword">
<kw name="Wait Until Element Is Visible" library="Selenium2Library">
<doc>Waits until the element ``locator`` is visible.</doc>
<arguments>
<arg>//*[@id="root"]/div/div[2]/div[1]/div/div/div/a[4]</arg>
</arguments>
<status status="PASS" starttime="20190927 14:30:51.749" endtime="20190927 14:30:51.781"></status>
</kw>
<kw name="Click Element" library="Selenium2Library">
<doc>Click the element identified by ``locator``.</doc>
<arguments>
<arg>//*[@id="root"]/div/div[2]/div[1]/div/div/div/a[4]</arg>
</arguments>
<msg timestamp="20190927 14:30:51.782" level="INFO">Clicking element '//*[@id="root"]/div/div[2]/div[1]/div/div/div/a[4]'.</msg>
<status status="PASS" starttime="20190927 14:30:51.782" endtime="20190927 14:30:51.874"></status>
</kw>
<kw name="Sleep" library="BuiltIn">
<doc>Pauses the test executed for the given time.</doc>
<arguments>
<arg>3</arg>
<arg>s</arg>
</arguments>
<msg timestamp="20190927 14:30:54.875" level="INFO">Slept 3 seconds</msg>
<msg timestamp="20190927 14:30:54.875" level="INFO">s</msg>
<status status="PASS" starttime="20190927 14:30:51.875" endtime="20190927 14:30:54.875"></status>
</kw>
<status status="PASS" starttime="20190927 14:30:51.749" endtime="20190927 14:30:54.875"></status>
</kw>
<kw name="AND Click Name document" library="Keyword">
<kw name="Click Element" library="Selenium2Library">
<doc>Click the element identified by ``locator``.</doc>
<arguments>
<arg>//*[@id="root"]/div/div[2]/div[2]/table/tbody/tr/td[1]/div</arg>
</arguments>
<msg timestamp="20190927 14:30:54.876" level="INFO">Clicking element '//*[@id="root"]/div/div[2]/div[2]/table/tbody/tr/td[1]/div'.</msg>
<status status="PASS" starttime="20190927 14:30:54.876" endtime="20190927 14:30:54.985"></status>
</kw>
<kw name="Sleep" library="BuiltIn">
<doc>Pauses the test executed for the given time.</doc>
<arguments>
<arg>3</arg>
<arg>s</arg>
</arguments>
<msg timestamp="20190927 14:30:57.986" level="INFO">Slept 3 seconds</msg>
<msg timestamp="20190927 14:30:57.986" level="INFO">s</msg>
<status status="PASS" starttime="20190927 14:30:54.986" endtime="20190927 14:30:57.986"></status>
</kw>
<status status="PASS" starttime="20190927 14:30:54.876" endtime="20190927 14:30:57.986"></status>
</kw>
<kw name="AND Click Word tagging" library="Keyword">
<kw name="Click Element" library="Selenium2Library">
<doc>Click the element identified by ``locator``.</doc>
<arguments>
<arg>//*[@id="root"]/div/div[2]/div[2]/div[2]/p[2]</arg>
</arguments>
<msg timestamp="20190927 14:30:57.988" level="INFO">Clicking element '//*[@id="root"]/div/div[2]/div[2]/div[2]/p[2]'.</msg>
<status status="PASS" starttime="20190927 14:30:57.987" endtime="20190927 14:30:58.103"></status>
</kw>
<kw name="Sleep" library="BuiltIn">
<doc>Pauses the test executed for the given time.</doc>
<arguments>
<arg>3</arg>
<arg>s</arg>
</arguments>
<msg timestamp="20190927 14:31:01.103" level="INFO">Slept 3 seconds</msg>
<msg timestamp="20190927 14:31:01.103" level="INFO">s</msg>
<status status="PASS" starttime="20190927 14:30:58.103" endtime="20190927 14:31:01.103"></status>
</kw>
<status status="PASS" starttime="20190927 14:30:57.987" endtime="20190927 14:31:01.103"></status>
</kw>
<kw name="AND Click dropdown status" library="Keyword">
<kw name="Click Element" library="Selenium2Library">
<doc>Click the element identified by ``locator``.</doc>
<arguments>
<arg>//*[@id="root"]/div/div[2]/div[2]/div[2]/div/div/div/button</arg>
</arguments>
<msg timestamp="20190927 14:31:01.104" level="INFO">Clicking element '//*[@id="root"]/div/div[2]/div[2]/div[2]/div/div/div/button'.</msg>
<status status="PASS" starttime="20190927 14:31:01.104" endtime="20190927 14:31:01.217"></status>
</kw>
<kw name="Sleep" library="BuiltIn">
<doc>Pauses the test executed for the given time.</doc>
<arguments>
<arg>3</arg>
<arg>s</arg>
</arguments>
<msg timestamp="20190927 14:31:04.219" level="INFO">Slept 3 seconds</msg>
<msg timestamp="20190927 14:31:04.219" level="INFO">s</msg>
<status status="PASS" starttime="20190927 14:31:01.217" endtime="20190927 14:31:04.219"></status>
</kw>
<status status="PASS" starttime="20190927 14:31:01.104" endtime="20190927 14:31:04.219"></status>
</kw>
<kw name="AND Choose In progress" library="Keyword">
<kw name="Click Element" library="Selenium2Library">
<doc>Click the element identified by ``locator``.</doc>
<arguments>
<arg>//*[@id="root"]/div/div[2]/div[2]/div[2]/div/div/div/div/a</arg>
</arguments>
<msg timestamp="20190927 14:31:04.221" level="INFO">Clicking element '//*[@id="root"]/div/div[2]/div[2]/div[2]/div/div/div/div/a'.</msg>
<status status="PASS" starttime="20190927 14:31:04.220" endtime="20190927 14:31:04.425"></status>
</kw>
<kw name="Sleep" library="BuiltIn">
<doc>Pauses the test executed for the given time.</doc>
<arguments>
<arg>2</arg>
<arg>s</arg>
</arguments>
<msg timestamp="20190927 14:31:06.426" level="INFO">Slept 2 seconds</msg>
<msg timestamp="20190927 14:31:06.426" level="INFO">s</msg>
<status status="PASS" starttime="20190927 14:31:04.426" endtime="20190927 14:31:06.426"></status>
</kw>
<status status="PASS" starttime="20190927 14:31:04.220" endtime="20190927 14:31:06.426"></status>
</kw>
<kw name="AND Click Sentence Segmentation" library="Keyword">
<kw name="Click Element" library="Selenium2Library">
<doc>Click the element identified by ``locator``.</doc>
<arguments>
<arg>//*[@id="root"]/div/div[2]/div[2]/div[2]/p</arg>
</arguments>
<msg timestamp="20190927 14:31:06.427" level="INFO">Clicking element '//*[@id="root"]/div/div[2]/div[2]/div[2]/p'.</msg>
<status status="PASS" starttime="20190927 14:31:06.427" endtime="20190927 14:31:06.537"></status>
</kw>
<kw name="Sleep" library="BuiltIn">
<doc>Pauses the test executed for the given time.</doc>
<arguments>
<arg>2</arg>
<arg>s</arg>
</arguments>
<msg timestamp="20190927 14:31:08.538" level="INFO">Slept 2 seconds</msg>
<msg timestamp="20190927 14:31:08.538" level="INFO">s</msg>
<status status="PASS" starttime="20190927 14:31:06.538" endtime="20190927 14:31:08.538"></status>
</kw>
<status status="PASS" starttime="20190927 14:31:06.427" endtime="20190927 14:31:08.538"></status>
</kw>
<kw name="AND Click Cancel in pop up" library="Keyword">
<kw name="Click Element" library="Selenium2Library">
<doc>Click the element identified by ``locator``.</doc>
<arguments>
<arg>//*[@id="root"]/div/div[3]/div/div[2]/div/button[1]</arg>
</arguments>
<msg timestamp="20190927 14:31:08.540" level="INFO">Clicking element '//*[@id="root"]/div/div[3]/div/div[2]/div/button[1]'.</msg>
<status status="PASS" starttime="20190927 14:31:08.539" endtime="20190927 14:31:08.658"></status>
</kw>
<kw name="Sleep" library="BuiltIn">
<doc>Pauses the test executed for the given time.</doc>
<arguments>
<arg>3</arg>
<arg>s</arg>
</arguments>
<msg timestamp="20190927 14:31:11.660" level="INFO">Slept 3 seconds</msg>
<msg timestamp="20190927 14:31:11.660" level="INFO">s</msg>
<status status="PASS" starttime="20190927 14:31:08.659" endtime="20190927 14:31:11.660"></status>
</kw>
<status status="PASS" starttime="20190927 14:31:08.539" endtime="20190927 14:31:11.660"></status>
</kw>
<kw name="AND Close Browser" library="Selenium2Library">
<doc>Closes the current browser.</doc>
<status status="PASS" starttime="20190927 14:31:11.661" endtime="20190927 14:31:12.964"></status>
</kw>
<status status="PASS" starttime="20190927 14:30:39.851" endtime="20190927 14:31:12.965" critical="yes"></status>
</test>
<status status="PASS" starttime="20190927 14:30:39.238" endtime="20190927 14:31:12.967"></status>
</suite>
<statistics>
<total>
<stat pass="1" fail="0">Critical Tests</stat>
<stat pass="1" fail="0">All Tests</stat>
</total>
<tag>
</tag>
<suite>
<stat pass="1" fail="0" id="s1" name="Case38">Case38</stat>
</suite>
</statistics>
<errors>
</errors>
</robot>
