<?xml version="1.0" encoding="UTF-8"?>
<robot generator="Robot 3.1.2 (Python 3.7.4 on win32)" generated="20190927 16:32:42.649" rpa="false">
<suite id="s1" name="Case49" source="C:\Users\IBM_ADMIN\Desktop\thai\CorpusAutomated\case49\case49.robot">
<test id="s1-t1" name="Verify Save button">
<kw name="Open Website" library="Keyword">
<kw name="Open Browser" library="Selenium2Library">
<doc>Opens a new browser instance to the given ``url``.</doc>
<arguments>
<arg>${CorpusWeb}</arg>
<arg>${Browser}</arg>
</arguments>
<msg timestamp="20190927 16:32:43.300" level="INFO">Opening browser 'chrome' to base url 'http://localhost:3000/'.</msg>
<status status="PASS" starttime="20190927 16:32:43.299" endtime="20190927 16:33:17.103"></status>
</kw>
<kw name="Maximize Browser Window" library="Selenium2Library">
<doc>Maximizes current browser window.</doc>
<status status="PASS" starttime="20190927 16:33:17.103" endtime="20190927 16:33:17.381"></status>
</kw>
<status status="PASS" starttime="20190927 16:32:43.299" endtime="20190927 16:33:17.382"></status>
</kw>
<kw name="AND Click Login" library="Keyword">
<kw name="Wait Until Element Is Visible" library="Selenium2Library">
<doc>Waits until the element ``locator`` is visible.</doc>
<arguments>
<arg>//*[@id="root"]/div/div/div/a[2]</arg>
</arguments>
<status status="PASS" starttime="20190927 16:33:17.382" endtime="20190927 16:33:17.430"></status>
</kw>
<kw name="Click Element" library="Selenium2Library">
<doc>Click the element identified by ``locator``.</doc>
<arguments>
<arg>//*[@id="root"]/div/div/div/a[2]</arg>
</arguments>
<msg timestamp="20190927 16:33:17.431" level="INFO">Clicking element '//*[@id="root"]/div/div/div/a[2]'.</msg>
<status status="PASS" starttime="20190927 16:33:17.430" endtime="20190927 16:33:19.021"></status>
</kw>
<kw name="Sleep" library="BuiltIn">
<doc>Pauses the test executed for the given time.</doc>
<arguments>
<arg>3</arg>
<arg>s</arg>
</arguments>
<msg timestamp="20190927 16:33:22.021" level="INFO">Slept 3 seconds</msg>
<msg timestamp="20190927 16:33:22.021" level="INFO">s</msg>
<status status="PASS" starttime="20190927 16:33:19.021" endtime="20190927 16:33:22.021"></status>
</kw>
<status status="PASS" starttime="20190927 16:33:17.382" endtime="20190927 16:33:22.021"></status>
</kw>
<kw name="AND Click cat project" library="Keyword">
<kw name="Wait Until Element Is Visible" library="Selenium2Library">
<doc>Waits until the element ``locator`` is visible.</doc>
<arguments>
<arg>//*[@id="root"]/div/div[3]/div/div[12]/div/div[1]/div</arg>
</arguments>
<status status="PASS" starttime="20190927 16:33:22.022" endtime="20190927 16:33:22.069"></status>
</kw>
<kw name="Click Element" library="Selenium2Library">
<doc>Click the element identified by ``locator``.</doc>
<arguments>
<arg>//*[@id="root"]/div/div[3]/div/div[12]/div/div[1]/div</arg>
</arguments>
<msg timestamp="20190927 16:33:22.069" level="INFO">Clicking element '//*[@id="root"]/div/div[3]/div/div[12]/div/div[1]/div'.</msg>
<status status="PASS" starttime="20190927 16:33:22.069" endtime="20190927 16:33:27.221"></status>
</kw>
<kw name="Sleep" library="BuiltIn">
<doc>Pauses the test executed for the given time.</doc>
<arguments>
<arg>3</arg>
<arg>s</arg>
</arguments>
<msg timestamp="20190927 16:33:30.221" level="INFO">Slept 3 seconds</msg>
<msg timestamp="20190927 16:33:30.221" level="INFO">s</msg>
<status status="PASS" starttime="20190927 16:33:27.221" endtime="20190927 16:33:30.221"></status>
</kw>
<status status="PASS" starttime="20190927 16:33:22.022" endtime="20190927 16:33:30.221"></status>
</kw>
<kw name="AND Click tagging" library="Keyword">
<kw name="Wait Until Element Is Visible" library="Selenium2Library">
<doc>Waits until the element ``locator`` is visible.</doc>
<arguments>
<arg>//*[@id="root"]/div/div[2]/div[1]/div/div/div/a[4]</arg>
</arguments>
<status status="PASS" starttime="20190927 16:33:30.229" endtime="20190927 16:33:30.286"></status>
</kw>
<kw name="Click Element" library="Selenium2Library">
<doc>Click the element identified by ``locator``.</doc>
<arguments>
<arg>//*[@id="root"]/div/div[2]/div[1]/div/div/div/a[4]</arg>
</arguments>
<msg timestamp="20190927 16:33:30.286" level="INFO">Clicking element '//*[@id="root"]/div/div[2]/div[1]/div/div/div/a[4]'.</msg>
<status status="PASS" starttime="20190927 16:33:30.286" endtime="20190927 16:33:35.402"></status>
</kw>
<kw name="Sleep" library="BuiltIn">
<doc>Pauses the test executed for the given time.</doc>
<arguments>
<arg>3</arg>
<arg>s</arg>
</arguments>
<msg timestamp="20190927 16:33:38.402" level="INFO">Slept 3 seconds</msg>
<msg timestamp="20190927 16:33:38.402" level="INFO">s</msg>
<status status="PASS" starttime="20190927 16:33:35.402" endtime="20190927 16:33:38.402"></status>
</kw>
<status status="PASS" starttime="20190927 16:33:30.229" endtime="20190927 16:33:38.402"></status>
</kw>
<kw name="AND Click Name document" library="Keyword">
<kw name="Click Element" library="Selenium2Library">
<doc>Click the element identified by ``locator``.</doc>
<arguments>
<arg>//*[@id="root"]/div/div[2]/div[2]/table/tbody/tr/td[1]/div</arg>
</arguments>
<msg timestamp="20190927 16:33:38.404" level="INFO">Clicking element '//*[@id="root"]/div/div[2]/div[2]/table/tbody/tr/td[1]/div'.</msg>
<status status="PASS" starttime="20190927 16:33:38.403" endtime="20190927 16:33:43.518"></status>
</kw>
<kw name="Sleep" library="BuiltIn">
<doc>Pauses the test executed for the given time.</doc>
<arguments>
<arg>3</arg>
<arg>s</arg>
</arguments>
<msg timestamp="20190927 16:33:46.519" level="INFO">Slept 3 seconds</msg>
<msg timestamp="20190927 16:33:46.519" level="INFO">s</msg>
<status status="PASS" starttime="20190927 16:33:43.518" endtime="20190927 16:33:46.519"></status>
</kw>
<status status="PASS" starttime="20190927 16:33:38.403" endtime="20190927 16:33:46.519"></status>
</kw>
<kw name="AND Click First and last character of sentence" library="Keyword">
<kw name="Click Element" library="Selenium2Library">
<doc>Click the element identified by ``locator``.</doc>
<arguments>
<arg>//*[@id="root"]/div/div[2]/div[2]/div[3]/div[2]/span[157]</arg>
</arguments>
<msg timestamp="20190927 16:33:46.520" level="INFO">Clicking element '//*[@id="root"]/div/div[2]/div[2]/div[3]/div[2]/span[157]'.</msg>
<status status="PASS" starttime="20190927 16:33:46.520" endtime="20190927 16:33:51.759"></status>
</kw>
<kw name="Sleep" library="BuiltIn">
<doc>Pauses the test executed for the given time.</doc>
<arguments>
<arg>2</arg>
<arg>s</arg>
</arguments>
<msg timestamp="20190927 16:33:53.759" level="INFO">Slept 2 seconds</msg>
<msg timestamp="20190927 16:33:53.759" level="INFO">s</msg>
<status status="PASS" starttime="20190927 16:33:51.759" endtime="20190927 16:33:53.759"></status>
</kw>
<kw name="Click Element" library="Selenium2Library">
<doc>Click the element identified by ``locator``.</doc>
<arguments>
<arg>//*[@id="root"]/div/div[2]/div[2]/div[3]/div[2]/span[223]</arg>
</arguments>
<msg timestamp="20190927 16:33:53.759" level="INFO">Clicking element '//*[@id="root"]/div/div[2]/div[2]/div[3]/div[2]/span[223]'.</msg>
<status status="PASS" starttime="20190927 16:33:53.759" endtime="20190927 16:33:58.909"></status>
</kw>
<kw name="Sleep" library="BuiltIn">
<doc>Pauses the test executed for the given time.</doc>
<arguments>
<arg>2</arg>
<arg>s</arg>
</arguments>
<msg timestamp="20190927 16:34:00.910" level="INFO">Slept 2 seconds</msg>
<msg timestamp="20190927 16:34:00.910" level="INFO">s</msg>
<status status="PASS" starttime="20190927 16:33:58.909" endtime="20190927 16:34:00.910"></status>
</kw>
<status status="PASS" starttime="20190927 16:33:46.520" endtime="20190927 16:34:00.910"></status>
</kw>
<kw name="AND Click segment" library="Keyword">
<kw name="Click Element" library="Selenium2Library">
<doc>Click the element identified by ``locator``.</doc>
<arguments>
<arg>//*[@id="root"]/div/div[2]/div[3]/div[1]/button</arg>
</arguments>
<msg timestamp="20190927 16:34:00.912" level="INFO">Clicking element '//*[@id="root"]/div/div[2]/div[3]/div[1]/button'.</msg>
<status status="PASS" starttime="20190927 16:34:00.911" endtime="20190927 16:34:06.105"></status>
</kw>
<kw name="Sleep" library="BuiltIn">
<doc>Pauses the test executed for the given time.</doc>
<arguments>
<arg>3</arg>
<arg>s</arg>
</arguments>
<msg timestamp="20190927 16:34:09.106" level="INFO">Slept 3 seconds</msg>
<msg timestamp="20190927 16:34:09.106" level="INFO">s</msg>
<status status="PASS" starttime="20190927 16:34:06.105" endtime="20190927 16:34:09.106"></status>
</kw>
<status status="PASS" starttime="20190927 16:34:00.911" endtime="20190927 16:34:09.106"></status>
</kw>
<kw name="AND Click save" library="Keyword">
<kw name="Click Element" library="Selenium2Library">
<doc>Click the element identified by ``locator``.</doc>
<arguments>
<arg>//*[@id="root"]/div/div[2]/div[2]/div[2]/button</arg>
</arguments>
<msg timestamp="20190927 16:34:09.107" level="INFO">Clicking element '//*[@id="root"]/div/div[2]/div[2]/div[2]/button'.</msg>
<status status="PASS" starttime="20190927 16:34:09.107" endtime="20190927 16:34:13.729"></status>
</kw>
<kw name="Sleep" library="BuiltIn">
<doc>Pauses the test executed for the given time.</doc>
<arguments>
<arg>3</arg>
<arg>s</arg>
</arguments>
<msg timestamp="20190927 16:34:16.729" level="INFO">Slept 3 seconds</msg>
<msg timestamp="20190927 16:34:16.729" level="INFO">s</msg>
<status status="PASS" starttime="20190927 16:34:13.729" endtime="20190927 16:34:16.729"></status>
</kw>
<status status="PASS" starttime="20190927 16:34:09.107" endtime="20190927 16:34:16.729"></status>
</kw>
<kw name="AND Click Word Tagging" library="Keyword">
<kw name="Click Element" library="Selenium2Library">
<doc>Click the element identified by ``locator``.</doc>
<arguments>
<arg>//*[@id="root"]/div/div[2]/div[2]/div[2]/p[2]</arg>
</arguments>
<msg timestamp="20190927 16:34:16.731" level="INFO">Clicking element '//*[@id="root"]/div/div[2]/div[2]/div[2]/p[2]'.</msg>
<status status="PASS" starttime="20190927 16:34:16.730" endtime="20190927 16:34:16.865"></status>
</kw>
<kw name="Sleep" library="BuiltIn">
<doc>Pauses the test executed for the given time.</doc>
<arguments>
<arg>3</arg>
<arg>s</arg>
</arguments>
<msg timestamp="20190927 16:34:19.867" level="INFO">Slept 3 seconds</msg>
<msg timestamp="20190927 16:34:19.867" level="INFO">s</msg>
<status status="PASS" starttime="20190927 16:34:16.865" endtime="20190927 16:34:19.867"></status>
</kw>
<status status="PASS" starttime="20190927 16:34:16.730" endtime="20190927 16:34:19.867"></status>
</kw>
<kw name="AND Click save" library="Keyword">
<kw name="Click Element" library="Selenium2Library">
<doc>Click the element identified by ``locator``.</doc>
<arguments>
<arg>//*[@id="root"]/div/div[2]/div[2]/div[2]/button</arg>
</arguments>
<msg timestamp="20190927 16:34:19.869" level="INFO">Clicking element '//*[@id="root"]/div/div[2]/div[2]/div[2]/button'.</msg>
<status status="PASS" starttime="20190927 16:34:19.869" endtime="20190927 16:34:19.977"></status>
</kw>
<kw name="Sleep" library="BuiltIn">
<doc>Pauses the test executed for the given time.</doc>
<arguments>
<arg>3</arg>
<arg>s</arg>
</arguments>
<msg timestamp="20190927 16:34:22.978" level="INFO">Slept 3 seconds</msg>
<msg timestamp="20190927 16:34:22.978" level="INFO">s</msg>
<status status="PASS" starttime="20190927 16:34:19.978" endtime="20190927 16:34:22.978"></status>
</kw>
<status status="PASS" starttime="20190927 16:34:19.868" endtime="20190927 16:34:22.978"></status>
</kw>
<kw name="AND Close Browser" library="Selenium2Library">
<doc>Closes the current browser.</doc>
<status status="PASS" starttime="20190927 16:34:22.979" endtime="20190927 16:34:24.286"></status>
</kw>
<status status="PASS" starttime="20190927 16:32:43.298" endtime="20190927 16:34:24.286" critical="yes"></status>
</test>
<status status="PASS" starttime="20190927 16:32:42.655" endtime="20190927 16:34:24.288"></status>
</suite>
<statistics>
<total>
<stat pass="1" fail="0">Critical Tests</stat>
<stat pass="1" fail="0">All Tests</stat>
</total>
<tag>
</tag>
<suite>
<stat pass="1" fail="0" id="s1" name="Case49">Case49</stat>
</suite>
</statistics>
<errors>
</errors>
</robot>
