<?xml version="1.0" encoding="UTF-8"?>
<robot generator="Robot 3.1.2 (Python 3.7.4 on win32)" generated="20190927 11:17:44.418" rpa="false">
<suite id="s1" name="Case28" source="C:\Users\IBM_ADMIN\Desktop\thai\CorpusAutomated\case28\case28.robot">
<test id="s1-t1" name="Verify Word tagging button">
<kw name="Open Website" library="Keyword">
<kw name="Open Browser" library="Selenium2Library">
<doc>Opens a new browser instance to the given ``url``.</doc>
<arguments>
<arg>${CorpusWeb}</arg>
<arg>${Browser}</arg>
</arguments>
<msg timestamp="20190927 11:17:44.952" level="INFO">Opening browser 'chrome' to base url 'http://localhost:3000/'.</msg>
<status status="PASS" starttime="20190927 11:17:44.951" endtime="20190927 11:17:50.477"></status>
</kw>
<kw name="Maximize Browser Window" library="Selenium2Library">
<doc>Maximizes current browser window.</doc>
<status status="PASS" starttime="20190927 11:17:50.477" endtime="20190927 11:17:50.597"></status>
</kw>
<status status="PASS" starttime="20190927 11:17:44.951" endtime="20190927 11:17:50.597"></status>
</kw>
<kw name="AND Click Login" library="Keyword">
<kw name="Wait Until Element Is Visible" library="Selenium2Library">
<doc>Waits until the element ``locator`` is visible.</doc>
<arguments>
<arg>//*[@id="root"]/div/div/div/a[2]</arg>
</arguments>
<status status="PASS" starttime="20190927 11:17:50.598" endtime="20190927 11:17:50.646"></status>
</kw>
<kw name="Click Element" library="Selenium2Library">
<doc>Click the element identified by ``locator``.</doc>
<arguments>
<arg>//*[@id="root"]/div/div/div/a[2]</arg>
</arguments>
<msg timestamp="20190927 11:17:50.646" level="INFO">Clicking element '//*[@id="root"]/div/div/div/a[2]'.</msg>
<status status="PASS" starttime="20190927 11:17:50.646" endtime="20190927 11:17:51.032"></status>
</kw>
<kw name="Sleep" library="BuiltIn">
<doc>Pauses the test executed for the given time.</doc>
<arguments>
<arg>3</arg>
<arg>s</arg>
</arguments>
<msg timestamp="20190927 11:17:54.032" level="INFO">Slept 3 seconds</msg>
<msg timestamp="20190927 11:17:54.032" level="INFO">s</msg>
<status status="PASS" starttime="20190927 11:17:51.032" endtime="20190927 11:17:54.032"></status>
</kw>
<status status="PASS" starttime="20190927 11:17:50.597" endtime="20190927 11:17:54.032"></status>
</kw>
<kw name="AND Click cat project" library="Keyword">
<kw name="Wait Until Element Is Visible" library="Selenium2Library">
<doc>Waits until the element ``locator`` is visible.</doc>
<arguments>
<arg>//*[@id="root"]/div/div[3]/div/div[12]/div/div[1]/div</arg>
</arguments>
<status status="PASS" starttime="20190927 11:17:54.033" endtime="20190927 11:17:54.085"></status>
</kw>
<kw name="Click Element" library="Selenium2Library">
<doc>Click the element identified by ``locator``.</doc>
<arguments>
<arg>//*[@id="root"]/div/div[3]/div/div[12]/div/div[1]/div</arg>
</arguments>
<msg timestamp="20190927 11:17:54.086" level="INFO">Clicking element '//*[@id="root"]/div/div[3]/div/div[12]/div/div[1]/div'.</msg>
<status status="PASS" starttime="20190927 11:17:54.086" endtime="20190927 11:17:54.251"></status>
</kw>
<kw name="Sleep" library="BuiltIn">
<doc>Pauses the test executed for the given time.</doc>
<arguments>
<arg>3</arg>
<arg>s</arg>
</arguments>
<msg timestamp="20190927 11:17:57.252" level="INFO">Slept 3 seconds</msg>
<msg timestamp="20190927 11:17:57.252" level="INFO">s</msg>
<status status="PASS" starttime="20190927 11:17:54.252" endtime="20190927 11:17:57.252"></status>
</kw>
<status status="PASS" starttime="20190927 11:17:54.033" endtime="20190927 11:17:57.252"></status>
</kw>
<kw name="AND Click tagging" library="Keyword">
<kw name="Wait Until Element Is Visible" library="Selenium2Library">
<doc>Waits until the element ``locator`` is visible.</doc>
<arguments>
<arg>//*[@id="root"]/div/div[2]/div[1]/div/div/div/a[4]</arg>
</arguments>
<status status="PASS" starttime="20190927 11:17:57.253" endtime="20190927 11:17:57.294"></status>
</kw>
<kw name="Click Element" library="Selenium2Library">
<doc>Click the element identified by ``locator``.</doc>
<arguments>
<arg>//*[@id="root"]/div/div[2]/div[1]/div/div/div/a[4]</arg>
</arguments>
<msg timestamp="20190927 11:17:57.294" level="INFO">Clicking element '//*[@id="root"]/div/div[2]/div[1]/div/div/div/a[4]'.</msg>
<status status="PASS" starttime="20190927 11:17:57.294" endtime="20190927 11:17:57.401"></status>
</kw>
<kw name="Sleep" library="BuiltIn">
<doc>Pauses the test executed for the given time.</doc>
<arguments>
<arg>3</arg>
<arg>s</arg>
</arguments>
<msg timestamp="20190927 11:18:00.401" level="INFO">Slept 3 seconds</msg>
<msg timestamp="20190927 11:18:00.401" level="INFO">s</msg>
<status status="PASS" starttime="20190927 11:17:57.401" endtime="20190927 11:18:00.401"></status>
</kw>
<status status="PASS" starttime="20190927 11:17:57.253" endtime="20190927 11:18:00.402"></status>
</kw>
<kw name="AND Click Name document" library="Keyword">
<kw name="Click Element" library="Selenium2Library">
<doc>Click the element identified by ``locator``.</doc>
<arguments>
<arg>//*[@id="root"]/div/div[2]/div[2]/table/tbody/tr/td[1]/div</arg>
</arguments>
<msg timestamp="20190927 11:18:00.403" level="INFO">Clicking element '//*[@id="root"]/div/div[2]/div[2]/table/tbody/tr/td[1]/div'.</msg>
<status status="PASS" starttime="20190927 11:18:00.403" endtime="20190927 11:18:00.513"></status>
</kw>
<kw name="Sleep" library="BuiltIn">
<doc>Pauses the test executed for the given time.</doc>
<arguments>
<arg>3</arg>
<arg>s</arg>
</arguments>
<msg timestamp="20190927 11:18:03.513" level="INFO">Slept 3 seconds</msg>
<msg timestamp="20190927 11:18:03.513" level="INFO">s</msg>
<status status="PASS" starttime="20190927 11:18:00.513" endtime="20190927 11:18:03.513"></status>
</kw>
<status status="PASS" starttime="20190927 11:18:00.403" endtime="20190927 11:18:03.513"></status>
</kw>
<kw name="AND Click First and last character of sentence" library="Keyword">
<kw name="Click Element" library="Selenium2Library">
<doc>Click the element identified by ``locator``.</doc>
<arguments>
<arg>//*[@id="root"]/div/div[2]/div[2]/div[3]/div[2]/span[157]</arg>
</arguments>
<msg timestamp="20190927 11:18:03.514" level="INFO">Clicking element '//*[@id="root"]/div/div[2]/div[2]/div[3]/div[2]/span[157]'.</msg>
<status status="PASS" starttime="20190927 11:18:03.514" endtime="20190927 11:18:03.640"></status>
</kw>
<kw name="Sleep" library="BuiltIn">
<doc>Pauses the test executed for the given time.</doc>
<arguments>
<arg>2</arg>
<arg>s</arg>
</arguments>
<msg timestamp="20190927 11:18:05.640" level="INFO">Slept 2 seconds</msg>
<msg timestamp="20190927 11:18:05.640" level="INFO">s</msg>
<status status="PASS" starttime="20190927 11:18:03.640" endtime="20190927 11:18:05.640"></status>
</kw>
<kw name="Click Element" library="Selenium2Library">
<doc>Click the element identified by ``locator``.</doc>
<arguments>
<arg>//*[@id="root"]/div/div[2]/div[2]/div[3]/div[2]/span[223]</arg>
</arguments>
<msg timestamp="20190927 11:18:05.640" level="INFO">Clicking element '//*[@id="root"]/div/div[2]/div[2]/div[3]/div[2]/span[223]'.</msg>
<status status="PASS" starttime="20190927 11:18:05.640" endtime="20190927 11:18:05.815"></status>
</kw>
<kw name="Sleep" library="BuiltIn">
<doc>Pauses the test executed for the given time.</doc>
<arguments>
<arg>2</arg>
<arg>s</arg>
</arguments>
<msg timestamp="20190927 11:18:07.816" level="INFO">Slept 2 seconds</msg>
<msg timestamp="20190927 11:18:07.816" level="INFO">s</msg>
<status status="PASS" starttime="20190927 11:18:05.816" endtime="20190927 11:18:07.816"></status>
</kw>
<status status="PASS" starttime="20190927 11:18:03.514" endtime="20190927 11:18:07.816"></status>
</kw>
<kw name="AND Click Segment" library="Keyword">
<kw name="Click Element" library="Selenium2Library">
<doc>Click the element identified by ``locator``.</doc>
<arguments>
<arg>//*[@id="root"]/div/div[2]/div[3]/div[1]/button</arg>
</arguments>
<msg timestamp="20190927 11:18:07.817" level="INFO">Clicking element '//*[@id="root"]/div/div[2]/div[3]/div[1]/button'.</msg>
<status status="PASS" starttime="20190927 11:18:07.817" endtime="20190927 11:18:07.939"></status>
</kw>
<kw name="Sleep" library="BuiltIn">
<doc>Pauses the test executed for the given time.</doc>
<arguments>
<arg>3</arg>
<arg>s</arg>
</arguments>
<msg timestamp="20190927 11:18:10.941" level="INFO">Slept 3 seconds</msg>
<msg timestamp="20190927 11:18:10.941" level="INFO">s</msg>
<status status="PASS" starttime="20190927 11:18:07.939" endtime="20190927 11:18:10.941"></status>
</kw>
<status status="PASS" starttime="20190927 11:18:07.817" endtime="20190927 11:18:10.941"></status>
</kw>
<kw name="AND Click Select document" library="Keyword">
<kw name="Click Element" library="Selenium2Library">
<doc>Click the element identified by ``locator``.</doc>
<arguments>
<arg>//*[@id="root"]/div/div[2]/div[2]/div[2]/p[1]</arg>
</arguments>
<msg timestamp="20190927 11:18:10.943" level="INFO">Clicking element '//*[@id="root"]/div/div[2]/div[2]/div[2]/p[1]'.</msg>
<status status="PASS" starttime="20190927 11:18:10.942" endtime="20190927 11:18:11.065"></status>
</kw>
<kw name="Sleep" library="BuiltIn">
<doc>Pauses the test executed for the given time.</doc>
<arguments>
<arg>3</arg>
<arg>s</arg>
</arguments>
<msg timestamp="20190927 11:18:14.065" level="INFO">Slept 3 seconds</msg>
<msg timestamp="20190927 11:18:14.065" level="INFO">s</msg>
<status status="PASS" starttime="20190927 11:18:11.065" endtime="20190927 11:18:14.065"></status>
</kw>
<status status="PASS" starttime="20190927 11:18:10.942" endtime="20190927 11:18:14.065"></status>
</kw>
<kw name="AND Close Browser" library="Selenium2Library">
<doc>Closes the current browser.</doc>
<status status="PASS" starttime="20190927 11:18:14.066" endtime="20190927 11:18:15.349"></status>
</kw>
<status status="PASS" starttime="20190927 11:17:44.950" endtime="20190927 11:18:15.350" critical="yes"></status>
</test>
<status status="PASS" starttime="20190927 11:17:44.422" endtime="20190927 11:18:15.351"></status>
</suite>
<statistics>
<total>
<stat pass="1" fail="0">Critical Tests</stat>
<stat pass="1" fail="0">All Tests</stat>
</total>
<tag>
</tag>
<suite>
<stat pass="1" fail="0" id="s1" name="Case28">Case28</stat>
</suite>
</statistics>
<errors>
</errors>
</robot>
