<?xml version="1.0" encoding="UTF-8"?>
<robot generator="Robot 3.1.2 (Python 3.7.4 on win32)" generated="20190926 23:13:03.857" rpa="false">
<suite id="s1" name="Case19" source="C:\Users\IBM_ADMIN\Desktop\thai\CorpusAutomated\case19\case19.robot">
<test id="s1-t1" name="Verify Word tagging button">
<kw name="Open Website">
<kw name="Open Browser" library="Selenium2Library">
<doc>Opens a new browser instance to the given ``url``.</doc>
<arguments>
<arg>${CorpusWeb}</arg>
<arg>${Browser}</arg>
</arguments>
<msg timestamp="20190926 23:13:04.607" level="INFO">Opening browser 'chrome' to base url 'http://localhost:3000/'.</msg>
<status status="PASS" starttime="20190926 23:13:04.606" endtime="20190926 23:13:09.487"></status>
</kw>
<kw name="Maximize Browser Window" library="Selenium2Library">
<doc>Maximizes current browser window.</doc>
<status status="PASS" starttime="20190926 23:13:09.487" endtime="20190926 23:13:09.628"></status>
</kw>
<status status="PASS" starttime="20190926 23:13:04.605" endtime="20190926 23:13:09.628"></status>
</kw>
<kw name="AND Click Login">
<kw name="Wait Until Element Is Visible" library="Selenium2Library">
<doc>Waits until the element ``locator`` is visible.</doc>
<arguments>
<arg>//*[@id="root"]/div/div/div/a[2]</arg>
</arguments>
<status status="PASS" starttime="20190926 23:13:09.630" endtime="20190926 23:13:09.676"></status>
</kw>
<kw name="Click Element" library="Selenium2Library">
<doc>Click the element identified by ``locator``.</doc>
<arguments>
<arg>//*[@id="root"]/div/div/div/a[2]</arg>
</arguments>
<msg timestamp="20190926 23:13:09.676" level="INFO">Clicking element '//*[@id="root"]/div/div/div/a[2]'.</msg>
<status status="PASS" starttime="20190926 23:13:09.676" endtime="20190926 23:13:10.037"></status>
</kw>
<kw name="Sleep" library="BuiltIn">
<doc>Pauses the test executed for the given time.</doc>
<arguments>
<arg>3</arg>
<arg>s</arg>
</arguments>
<msg timestamp="20190926 23:13:13.039" level="INFO">Slept 3 seconds</msg>
<msg timestamp="20190926 23:13:13.039" level="INFO">s</msg>
<status status="PASS" starttime="20190926 23:13:10.037" endtime="20190926 23:13:13.039"></status>
</kw>
<status status="PASS" starttime="20190926 23:13:09.629" endtime="20190926 23:13:13.039"></status>
</kw>
<kw name="AND Click Cat project">
<kw name="Wait Until Element Is Visible" library="Selenium2Library">
<doc>Waits until the element ``locator`` is visible.</doc>
<arguments>
<arg>//*[@id="root"]/div/div[3]/div/div[12]/div/div[1]/div</arg>
</arguments>
<status status="PASS" starttime="20190926 23:13:13.041" endtime="20190926 23:13:13.104"></status>
</kw>
<kw name="Click Element" library="Selenium2Library">
<doc>Click the element identified by ``locator``.</doc>
<arguments>
<arg>//*[@id="root"]/div/div[3]/div/div[12]/div/div[1]/div</arg>
</arguments>
<msg timestamp="20190926 23:13:13.104" level="INFO">Clicking element '//*[@id="root"]/div/div[3]/div/div[12]/div/div[1]/div'.</msg>
<status status="PASS" starttime="20190926 23:13:13.104" endtime="20190926 23:13:13.262"></status>
</kw>
<kw name="Sleep" library="BuiltIn">
<doc>Pauses the test executed for the given time.</doc>
<arguments>
<arg>3</arg>
<arg>s</arg>
</arguments>
<msg timestamp="20190926 23:13:16.263" level="INFO">Slept 3 seconds</msg>
<msg timestamp="20190926 23:13:16.263" level="INFO">s</msg>
<status status="PASS" starttime="20190926 23:13:13.262" endtime="20190926 23:13:16.263"></status>
</kw>
<status status="PASS" starttime="20190926 23:13:13.040" endtime="20190926 23:13:16.263"></status>
</kw>
<kw name="AND Click Tagging">
<kw name="Wait Until Element Is Visible" library="Selenium2Library">
<doc>Waits until the element ``locator`` is visible.</doc>
<arguments>
<arg>//*[@id="root"]/div/div[2]/div[1]/div/div/div/a[4]</arg>
</arguments>
<status status="PASS" starttime="20190926 23:13:16.264" endtime="20190926 23:13:16.295"></status>
</kw>
<kw name="Click Element" library="Selenium2Library">
<doc>Click the element identified by ``locator``.</doc>
<arguments>
<arg>//*[@id="root"]/div/div[2]/div[1]/div/div/div/a[4]</arg>
</arguments>
<msg timestamp="20190926 23:13:16.295" level="INFO">Clicking element '//*[@id="root"]/div/div[2]/div[1]/div/div/div/a[4]'.</msg>
<status status="PASS" starttime="20190926 23:13:16.295" endtime="20190926 23:13:16.379"></status>
</kw>
<kw name="Sleep" library="BuiltIn">
<doc>Pauses the test executed for the given time.</doc>
<arguments>
<arg>3</arg>
<arg>s</arg>
</arguments>
<msg timestamp="20190926 23:13:19.380" level="INFO">Slept 3 seconds</msg>
<msg timestamp="20190926 23:13:19.380" level="INFO">s</msg>
<status status="PASS" starttime="20190926 23:13:16.379" endtime="20190926 23:13:19.381"></status>
</kw>
<status status="PASS" starttime="20190926 23:13:16.264" endtime="20190926 23:13:19.381"></status>
</kw>
<kw name="AND Click Name document">
<kw name="Click Element" library="Selenium2Library">
<doc>Click the element identified by ``locator``.</doc>
<arguments>
<arg>//*[@id="root"]/div/div[2]/div[2]/table/tbody/tr/td[1]/div</arg>
</arguments>
<msg timestamp="20190926 23:13:19.384" level="INFO">Clicking element '//*[@id="root"]/div/div[2]/div[2]/table/tbody/tr/td[1]/div'.</msg>
<status status="PASS" starttime="20190926 23:13:19.384" endtime="20190926 23:13:19.485"></status>
</kw>
<kw name="Sleep" library="BuiltIn">
<doc>Pauses the test executed for the given time.</doc>
<arguments>
<arg>3</arg>
<arg>s</arg>
</arguments>
<msg timestamp="20190926 23:13:22.486" level="INFO">Slept 3 seconds</msg>
<msg timestamp="20190926 23:13:22.486" level="INFO">s</msg>
<status status="PASS" starttime="20190926 23:13:19.485" endtime="20190926 23:13:22.486"></status>
</kw>
<status status="PASS" starttime="20190926 23:13:19.383" endtime="20190926 23:13:22.486"></status>
</kw>
<kw name="AND Click First and last character of sentence">
<kw name="Click Element" library="Selenium2Library">
<doc>Click the element identified by ``locator``.</doc>
<arguments>
<arg>//*[@id="root"]/div/div[2]/div[2]/div[3]/div[2]/span[157]</arg>
</arguments>
<msg timestamp="20190926 23:13:22.488" level="INFO">Clicking element '//*[@id="root"]/div/div[2]/div[2]/div[3]/div[2]/span[157]'.</msg>
<status status="PASS" starttime="20190926 23:13:22.488" endtime="20190926 23:13:22.609"></status>
</kw>
<kw name="Sleep" library="BuiltIn">
<doc>Pauses the test executed for the given time.</doc>
<arguments>
<arg>2</arg>
<arg>s</arg>
</arguments>
<msg timestamp="20190926 23:13:24.610" level="INFO">Slept 2 seconds</msg>
<msg timestamp="20190926 23:13:24.610" level="INFO">s</msg>
<status status="PASS" starttime="20190926 23:13:22.610" endtime="20190926 23:13:24.610"></status>
</kw>
<kw name="Click Element" library="Selenium2Library">
<doc>Click the element identified by ``locator``.</doc>
<arguments>
<arg>//*[@id="root"]/div/div[2]/div[2]/div[3]/div[2]/span[223]</arg>
</arguments>
<msg timestamp="20190926 23:13:24.611" level="INFO">Clicking element '//*[@id="root"]/div/div[2]/div[2]/div[3]/div[2]/span[223]'.</msg>
<status status="PASS" starttime="20190926 23:13:24.611" endtime="20190926 23:13:24.801"></status>
</kw>
<status status="PASS" starttime="20190926 23:13:22.487" endtime="20190926 23:13:24.801"></status>
</kw>
<kw name="AND Click Word tagging">
<kw name="Click Element" library="Selenium2Library">
<doc>Click the element identified by ``locator``.</doc>
<arguments>
<arg>//*[@id="root"]/div/div[2]/div[2]/div[2]/p[2]</arg>
</arguments>
<msg timestamp="20190926 23:13:24.803" level="INFO">Clicking element '//*[@id="root"]/div/div[2]/div[2]/div[2]/p[2]'.</msg>
<status status="PASS" starttime="20190926 23:13:24.802" endtime="20190926 23:13:24.916"></status>
</kw>
<kw name="Sleep" library="BuiltIn">
<doc>Pauses the test executed for the given time.</doc>
<arguments>
<arg>3</arg>
<arg>s</arg>
</arguments>
<msg timestamp="20190926 23:13:27.917" level="INFO">Slept 3 seconds</msg>
<msg timestamp="20190926 23:13:27.917" level="INFO">s</msg>
<status status="PASS" starttime="20190926 23:13:24.916" endtime="20190926 23:13:27.917"></status>
</kw>
<status status="PASS" starttime="20190926 23:13:24.802" endtime="20190926 23:13:27.918"></status>
</kw>
<kw name="AND Close Website">
<kw name="Close Browser" library="Selenium2Library">
<doc>Closes the current browser.</doc>
<status status="PASS" starttime="20190926 23:13:27.920" endtime="20190926 23:13:29.202"></status>
</kw>
<status status="PASS" starttime="20190926 23:13:27.919" endtime="20190926 23:13:29.203"></status>
</kw>
<status status="PASS" starttime="20190926 23:13:04.603" endtime="20190926 23:13:29.203" critical="yes"></status>
</test>
<status status="PASS" starttime="20190926 23:13:03.863" endtime="20190926 23:13:29.206"></status>
</suite>
<statistics>
<total>
<stat pass="1" fail="0">Critical Tests</stat>
<stat pass="1" fail="0">All Tests</stat>
</total>
<tag>
</tag>
<suite>
<stat pass="1" fail="0" id="s1" name="Case19">Case19</stat>
</suite>
</statistics>
<errors>
</errors>
</robot>
