<?xml version="1.0" encoding="UTF-8"?>
<robot generator="Robot 3.1.2 (Python 3.7.4 on win32)" generated="20190926 22:40:54.523" rpa="false">
<suite id="s1" name="Case14" source="C:\Users\IBM_ADMIN\Desktop\thai\CorpusAutomated\case14\case14.robot">
<test id="s1-t1" name="Verify segment button">
<kw name="Open Website">
<kw name="Open Browser" library="Selenium2Library">
<doc>Opens a new browser instance to the given ``url``.</doc>
<arguments>
<arg>${CorpusWeb}</arg>
<arg>${Browser}</arg>
</arguments>
<msg timestamp="20190926 22:40:55.209" level="INFO">Opening browser 'chrome' to base url 'http://localhost:3000/'.</msg>
<status status="PASS" starttime="20190926 22:40:55.209" endtime="20190926 22:41:00.360"></status>
</kw>
<kw name="Maximize Browser Window" library="Selenium2Library">
<doc>Maximizes current browser window.</doc>
<status status="PASS" starttime="20190926 22:41:00.361" endtime="20190926 22:41:00.504"></status>
</kw>
<status status="PASS" starttime="20190926 22:40:55.208" endtime="20190926 22:41:00.504"></status>
</kw>
<kw name="AND Click Login">
<kw name="Wait Until Element Is Visible" library="Selenium2Library">
<doc>Waits until the element ``locator`` is visible.</doc>
<arguments>
<arg>//*[@id="root"]/div/div/div/a[2]</arg>
</arguments>
<status status="PASS" starttime="20190926 22:41:00.506" endtime="20190926 22:41:00.571"></status>
</kw>
<kw name="Click Element" library="Selenium2Library">
<doc>Click the element identified by ``locator``.</doc>
<arguments>
<arg>//*[@id="root"]/div/div/div/a[2]</arg>
</arguments>
<msg timestamp="20190926 22:41:00.571" level="INFO">Clicking element '//*[@id="root"]/div/div/div/a[2]'.</msg>
<status status="PASS" starttime="20190926 22:41:00.571" endtime="20190926 22:41:00.953"></status>
</kw>
<kw name="Sleep" library="BuiltIn">
<doc>Pauses the test executed for the given time.</doc>
<arguments>
<arg>3</arg>
<arg>s</arg>
</arguments>
<msg timestamp="20190926 22:41:03.954" level="INFO">Slept 3 seconds</msg>
<msg timestamp="20190926 22:41:03.954" level="INFO">s</msg>
<status status="PASS" starttime="20190926 22:41:00.954" endtime="20190926 22:41:03.954"></status>
</kw>
<status status="PASS" starttime="20190926 22:41:00.505" endtime="20190926 22:41:03.954"></status>
</kw>
<kw name="AND Click Cat project">
<kw name="Wait Until Element Is Visible" library="Selenium2Library">
<doc>Waits until the element ``locator`` is visible.</doc>
<arguments>
<arg>//*[@id="root"]/div/div[3]/div/div[12]/div/div[1]/div</arg>
</arguments>
<status status="PASS" starttime="20190926 22:41:03.956" endtime="20190926 22:41:04.017"></status>
</kw>
<kw name="Click Element" library="Selenium2Library">
<doc>Click the element identified by ``locator``.</doc>
<arguments>
<arg>//*[@id="root"]/div/div[3]/div/div[12]/div/div[1]/div</arg>
</arguments>
<msg timestamp="20190926 22:41:04.018" level="INFO">Clicking element '//*[@id="root"]/div/div[3]/div/div[12]/div/div[1]/div'.</msg>
<status status="PASS" starttime="20190926 22:41:04.018" endtime="20190926 22:41:04.147"></status>
</kw>
<kw name="Sleep" library="BuiltIn">
<doc>Pauses the test executed for the given time.</doc>
<arguments>
<arg>3</arg>
<arg>s</arg>
</arguments>
<msg timestamp="20190926 22:41:07.149" level="INFO">Slept 3 seconds</msg>
<msg timestamp="20190926 22:41:07.149" level="INFO">s</msg>
<status status="PASS" starttime="20190926 22:41:04.147" endtime="20190926 22:41:07.149"></status>
</kw>
<status status="PASS" starttime="20190926 22:41:03.955" endtime="20190926 22:41:07.149"></status>
</kw>
<kw name="AND Click Tagging">
<kw name="Wait Until Element Is Visible" library="Selenium2Library">
<doc>Waits until the element ``locator`` is visible.</doc>
<arguments>
<arg>//*[@id="root"]/div/div[2]/div[1]/div/div/div/a[4]</arg>
</arguments>
<status status="PASS" starttime="20190926 22:41:07.150" endtime="20190926 22:41:07.187"></status>
</kw>
<kw name="Click Element" library="Selenium2Library">
<doc>Click the element identified by ``locator``.</doc>
<arguments>
<arg>//*[@id="root"]/div/div[2]/div[1]/div/div/div/a[4]</arg>
</arguments>
<msg timestamp="20190926 22:41:07.188" level="INFO">Clicking element '//*[@id="root"]/div/div[2]/div[1]/div/div/div/a[4]'.</msg>
<status status="PASS" starttime="20190926 22:41:07.188" endtime="20190926 22:41:07.280"></status>
</kw>
<kw name="Sleep" library="BuiltIn">
<doc>Pauses the test executed for the given time.</doc>
<arguments>
<arg>3</arg>
<arg>s</arg>
</arguments>
<msg timestamp="20190926 22:41:10.281" level="INFO">Slept 3 seconds</msg>
<msg timestamp="20190926 22:41:10.281" level="INFO">s</msg>
<status status="PASS" starttime="20190926 22:41:07.281" endtime="20190926 22:41:10.281"></status>
</kw>
<status status="PASS" starttime="20190926 22:41:07.150" endtime="20190926 22:41:10.281"></status>
</kw>
<kw name="AND Click Name document">
<kw name="Click Element" library="Selenium2Library">
<doc>Click the element identified by ``locator``.</doc>
<arguments>
<arg>//*[@id="root"]/div/div[2]/div[2]/table/tbody/tr/td[1]/div</arg>
</arguments>
<msg timestamp="20190926 22:41:10.282" level="INFO">Clicking element '//*[@id="root"]/div/div[2]/div[2]/table/tbody/tr/td[1]/div'.</msg>
<status status="PASS" starttime="20190926 22:41:10.282" endtime="20190926 22:41:10.387"></status>
</kw>
<kw name="Sleep" library="BuiltIn">
<doc>Pauses the test executed for the given time.</doc>
<arguments>
<arg>3</arg>
<arg>s</arg>
</arguments>
<msg timestamp="20190926 22:41:13.388" level="INFO">Slept 3 seconds</msg>
<msg timestamp="20190926 22:41:13.388" level="INFO">s</msg>
<status status="PASS" starttime="20190926 22:41:10.388" endtime="20190926 22:41:13.388"></status>
</kw>
<status status="PASS" starttime="20190926 22:41:10.282" endtime="20190926 22:41:13.388"></status>
</kw>
<kw name="AND Click First and last character of sentence">
<kw name="Click Element" library="Selenium2Library">
<doc>Click the element identified by ``locator``.</doc>
<arguments>
<arg>//*[@id="root"]/div/div[2]/div[2]/div[3]/div[2]/span[157]</arg>
</arguments>
<msg timestamp="20190926 22:41:13.389" level="INFO">Clicking element '//*[@id="root"]/div/div[2]/div[2]/div[3]/div[2]/span[157]'.</msg>
<status status="PASS" starttime="20190926 22:41:13.389" endtime="20190926 22:41:13.518"></status>
</kw>
<kw name="Sleep" library="BuiltIn">
<doc>Pauses the test executed for the given time.</doc>
<arguments>
<arg>2</arg>
<arg>s</arg>
</arguments>
<msg timestamp="20190926 22:41:15.520" level="INFO">Slept 2 seconds</msg>
<msg timestamp="20190926 22:41:15.520" level="INFO">s</msg>
<status status="PASS" starttime="20190926 22:41:13.518" endtime="20190926 22:41:15.520"></status>
</kw>
<kw name="Click Element" library="Selenium2Library">
<doc>Click the element identified by ``locator``.</doc>
<arguments>
<arg>//*[@id="root"]/div/div[2]/div[2]/div[3]/div[2]/span[223]</arg>
</arguments>
<msg timestamp="20190926 22:41:15.520" level="INFO">Clicking element '//*[@id="root"]/div/div[2]/div[2]/div[3]/div[2]/span[223]'.</msg>
<status status="PASS" starttime="20190926 22:41:15.520" endtime="20190926 22:41:15.722"></status>
</kw>
<status status="PASS" starttime="20190926 22:41:13.388" endtime="20190926 22:41:15.722"></status>
</kw>
<kw name="AND Click Segment">
<kw name="Click Element" library="Selenium2Library">
<doc>Click the element identified by ``locator``.</doc>
<arguments>
<arg>//*[@id="root"]/div/div[2]/div[3]/div[1]/button</arg>
</arguments>
<msg timestamp="20190926 22:41:15.724" level="INFO">Clicking element '//*[@id="root"]/div/div[2]/div[3]/div[1]/button'.</msg>
<status status="PASS" starttime="20190926 22:41:15.723" endtime="20190926 22:41:15.877"></status>
</kw>
<kw name="Sleep" library="BuiltIn">
<doc>Pauses the test executed for the given time.</doc>
<arguments>
<arg>3</arg>
<arg>s</arg>
</arguments>
<msg timestamp="20190926 22:41:18.878" level="INFO">Slept 3 seconds</msg>
<msg timestamp="20190926 22:41:18.878" level="INFO">s</msg>
<status status="PASS" starttime="20190926 22:41:15.877" endtime="20190926 22:41:18.878"></status>
</kw>
<status status="PASS" starttime="20190926 22:41:15.723" endtime="20190926 22:41:18.878"></status>
</kw>
<kw name="AND Click delete">
<kw name="Click Element" library="Selenium2Library">
<doc>Click the element identified by ``locator``.</doc>
<arguments>
<arg>//*[@id="root"]/div/div[2]/div[3]/div[2]/span/span</arg>
</arguments>
<msg timestamp="20190926 22:41:18.879" level="INFO">Clicking element '//*[@id="root"]/div/div[2]/div[3]/div[2]/span/span'.</msg>
<status status="PASS" starttime="20190926 22:41:18.879" endtime="20190926 22:41:19.042"></status>
</kw>
<kw name="Sleep" library="BuiltIn">
<doc>Pauses the test executed for the given time.</doc>
<arguments>
<arg>3</arg>
<arg>s</arg>
</arguments>
<msg timestamp="20190926 22:41:22.043" level="INFO">Slept 3 seconds</msg>
<msg timestamp="20190926 22:41:22.043" level="INFO">s</msg>
<status status="PASS" starttime="20190926 22:41:19.042" endtime="20190926 22:41:22.043"></status>
</kw>
<status status="PASS" starttime="20190926 22:41:18.879" endtime="20190926 22:41:22.043"></status>
</kw>
<kw name="AND Close Website">
<kw name="Close Browser" library="Selenium2Library">
<doc>Closes the current browser.</doc>
<status status="PASS" starttime="20190926 22:41:22.044" endtime="20190926 22:41:23.322"></status>
</kw>
<status status="PASS" starttime="20190926 22:41:22.044" endtime="20190926 22:41:23.323"></status>
</kw>
<status status="PASS" starttime="20190926 22:40:55.207" endtime="20190926 22:41:23.324" critical="yes"></status>
</test>
<status status="PASS" starttime="20190926 22:40:54.528" endtime="20190926 22:41:23.327"></status>
</suite>
<statistics>
<total>
<stat pass="1" fail="0">Critical Tests</stat>
<stat pass="1" fail="0">All Tests</stat>
</total>
<tag>
</tag>
<suite>
<stat pass="1" fail="0" id="s1" name="Case14">Case14</stat>
</suite>
</statistics>
<errors>
</errors>
</robot>
