<?xml version="1.0" encoding="UTF-8"?>
<robot generator="Robot 3.1.2 (Python 3.7.4 on win32)" generated="20190927 11:20:51.875" rpa="false">
<suite id="s1" name="Case29" source="C:\Users\IBM_ADMIN\Desktop\thai\CorpusAutomated\case29\case29.robot">
<test id="s1-t1" name="Verify Word tagging button">
<kw name="Open Website" library="Keyword">
<kw name="Open Browser" library="Selenium2Library">
<doc>Opens a new browser instance to the given ``url``.</doc>
<arguments>
<arg>${CorpusWeb}</arg>
<arg>${Browser}</arg>
</arguments>
<msg timestamp="20190927 11:20:52.454" level="INFO">Opening browser 'chrome' to base url 'http://localhost:3000/'.</msg>
<status status="PASS" starttime="20190927 11:20:52.453" endtime="20190927 11:20:57.956"></status>
</kw>
<kw name="Maximize Browser Window" library="Selenium2Library">
<doc>Maximizes current browser window.</doc>
<status status="PASS" starttime="20190927 11:20:57.957" endtime="20190927 11:20:58.079"></status>
</kw>
<status status="PASS" starttime="20190927 11:20:52.452" endtime="20190927 11:20:58.080"></status>
</kw>
<kw name="AND Click Login" library="Keyword">
<kw name="Wait Until Element Is Visible" library="Selenium2Library">
<doc>Waits until the element ``locator`` is visible.</doc>
<arguments>
<arg>//*[@id="root"]/div/div/div/a[2]</arg>
</arguments>
<status status="PASS" starttime="20190927 11:20:58.081" endtime="20190927 11:20:58.125"></status>
</kw>
<kw name="Click Element" library="Selenium2Library">
<doc>Click the element identified by ``locator``.</doc>
<arguments>
<arg>//*[@id="root"]/div/div/div/a[2]</arg>
</arguments>
<msg timestamp="20190927 11:20:58.126" level="INFO">Clicking element '//*[@id="root"]/div/div/div/a[2]'.</msg>
<status status="PASS" starttime="20190927 11:20:58.126" endtime="20190927 11:20:58.516"></status>
</kw>
<kw name="Sleep" library="BuiltIn">
<doc>Pauses the test executed for the given time.</doc>
<arguments>
<arg>3</arg>
<arg>s</arg>
</arguments>
<msg timestamp="20190927 11:21:01.516" level="INFO">Slept 3 seconds</msg>
<msg timestamp="20190927 11:21:01.516" level="INFO">s</msg>
<status status="PASS" starttime="20190927 11:20:58.516" endtime="20190927 11:21:01.516"></status>
</kw>
<status status="PASS" starttime="20190927 11:20:58.080" endtime="20190927 11:21:01.516"></status>
</kw>
<kw name="AND Click cat project" library="Keyword">
<kw name="Wait Until Element Is Visible" library="Selenium2Library">
<doc>Waits until the element ``locator`` is visible.</doc>
<arguments>
<arg>//*[@id="root"]/div/div[3]/div/div[12]/div/div[1]/div</arg>
</arguments>
<status status="PASS" starttime="20190927 11:21:01.517" endtime="20190927 11:21:01.565"></status>
</kw>
<kw name="Click Element" library="Selenium2Library">
<doc>Click the element identified by ``locator``.</doc>
<arguments>
<arg>//*[@id="root"]/div/div[3]/div/div[12]/div/div[1]/div</arg>
</arguments>
<msg timestamp="20190927 11:21:01.566" level="INFO">Clicking element '//*[@id="root"]/div/div[3]/div/div[12]/div/div[1]/div'.</msg>
<status status="PASS" starttime="20190927 11:21:01.566" endtime="20190927 11:21:01.697"></status>
</kw>
<kw name="Sleep" library="BuiltIn">
<doc>Pauses the test executed for the given time.</doc>
<arguments>
<arg>3</arg>
<arg>s</arg>
</arguments>
<msg timestamp="20190927 11:21:04.699" level="INFO">Slept 3 seconds</msg>
<msg timestamp="20190927 11:21:04.699" level="INFO">s</msg>
<status status="PASS" starttime="20190927 11:21:01.698" endtime="20190927 11:21:04.699"></status>
</kw>
<status status="PASS" starttime="20190927 11:21:01.517" endtime="20190927 11:21:04.699"></status>
</kw>
<kw name="AND Click tagging" library="Keyword">
<kw name="Wait Until Element Is Visible" library="Selenium2Library">
<doc>Waits until the element ``locator`` is visible.</doc>
<arguments>
<arg>//*[@id="root"]/div/div[2]/div[1]/div/div/div/a[4]</arg>
</arguments>
<status status="PASS" starttime="20190927 11:21:04.700" endtime="20190927 11:21:04.735"></status>
</kw>
<kw name="Click Element" library="Selenium2Library">
<doc>Click the element identified by ``locator``.</doc>
<arguments>
<arg>//*[@id="root"]/div/div[2]/div[1]/div/div/div/a[4]</arg>
</arguments>
<msg timestamp="20190927 11:21:04.735" level="INFO">Clicking element '//*[@id="root"]/div/div[2]/div[1]/div/div/div/a[4]'.</msg>
<status status="PASS" starttime="20190927 11:21:04.735" endtime="20190927 11:21:04.824"></status>
</kw>
<kw name="Sleep" library="BuiltIn">
<doc>Pauses the test executed for the given time.</doc>
<arguments>
<arg>3</arg>
<arg>s</arg>
</arguments>
<msg timestamp="20190927 11:21:07.825" level="INFO">Slept 3 seconds</msg>
<msg timestamp="20190927 11:21:07.825" level="INFO">s</msg>
<status status="PASS" starttime="20190927 11:21:04.824" endtime="20190927 11:21:07.825"></status>
</kw>
<status status="PASS" starttime="20190927 11:21:04.700" endtime="20190927 11:21:07.825"></status>
</kw>
<kw name="AND Click Name document" library="Keyword">
<kw name="Click Element" library="Selenium2Library">
<doc>Click the element identified by ``locator``.</doc>
<arguments>
<arg>//*[@id="root"]/div/div[2]/div[2]/table/tbody/tr/td[1]/div</arg>
</arguments>
<msg timestamp="20190927 11:21:07.826" level="INFO">Clicking element '//*[@id="root"]/div/div[2]/div[2]/table/tbody/tr/td[1]/div'.</msg>
<status status="PASS" starttime="20190927 11:21:07.826" endtime="20190927 11:21:07.940"></status>
</kw>
<kw name="Sleep" library="BuiltIn">
<doc>Pauses the test executed for the given time.</doc>
<arguments>
<arg>3</arg>
<arg>s</arg>
</arguments>
<msg timestamp="20190927 11:21:10.941" level="INFO">Slept 3 seconds</msg>
<msg timestamp="20190927 11:21:10.941" level="INFO">s</msg>
<status status="PASS" starttime="20190927 11:21:07.940" endtime="20190927 11:21:10.941"></status>
</kw>
<status status="PASS" starttime="20190927 11:21:07.826" endtime="20190927 11:21:10.941"></status>
</kw>
<kw name="AND Click First and last character of sentence" library="Keyword">
<kw name="Click Element" library="Selenium2Library">
<doc>Click the element identified by ``locator``.</doc>
<arguments>
<arg>//*[@id="root"]/div/div[2]/div[2]/div[3]/div[2]/span[157]</arg>
</arguments>
<msg timestamp="20190927 11:21:10.943" level="INFO">Clicking element '//*[@id="root"]/div/div[2]/div[2]/div[3]/div[2]/span[157]'.</msg>
<status status="PASS" starttime="20190927 11:21:10.942" endtime="20190927 11:21:11.141"></status>
</kw>
<kw name="Sleep" library="BuiltIn">
<doc>Pauses the test executed for the given time.</doc>
<arguments>
<arg>2</arg>
<arg>s</arg>
</arguments>
<msg timestamp="20190927 11:21:13.141" level="INFO">Slept 2 seconds</msg>
<msg timestamp="20190927 11:21:13.141" level="INFO">s</msg>
<status status="PASS" starttime="20190927 11:21:11.141" endtime="20190927 11:21:13.141"></status>
</kw>
<kw name="Click Element" library="Selenium2Library">
<doc>Click the element identified by ``locator``.</doc>
<arguments>
<arg>//*[@id="root"]/div/div[2]/div[2]/div[3]/div[2]/span[223]</arg>
</arguments>
<msg timestamp="20190927 11:21:13.142" level="INFO">Clicking element '//*[@id="root"]/div/div[2]/div[2]/div[3]/div[2]/span[223]'.</msg>
<status status="PASS" starttime="20190927 11:21:13.141" endtime="20190927 11:21:13.309"></status>
</kw>
<kw name="Sleep" library="BuiltIn">
<doc>Pauses the test executed for the given time.</doc>
<arguments>
<arg>2</arg>
<arg>s</arg>
</arguments>
<msg timestamp="20190927 11:21:15.309" level="INFO">Slept 2 seconds</msg>
<msg timestamp="20190927 11:21:15.309" level="INFO">s</msg>
<status status="PASS" starttime="20190927 11:21:13.309" endtime="20190927 11:21:15.309"></status>
</kw>
<status status="PASS" starttime="20190927 11:21:10.942" endtime="20190927 11:21:15.309"></status>
</kw>
<kw name="AND Click Segment" library="Keyword">
<kw name="Click Element" library="Selenium2Library">
<doc>Click the element identified by ``locator``.</doc>
<arguments>
<arg>//*[@id="root"]/div/div[2]/div[3]/div[1]/button</arg>
</arguments>
<msg timestamp="20190927 11:21:15.311" level="INFO">Clicking element '//*[@id="root"]/div/div[2]/div[3]/div[1]/button'.</msg>
<status status="PASS" starttime="20190927 11:21:15.310" endtime="20190927 11:21:15.439"></status>
</kw>
<kw name="Sleep" library="BuiltIn">
<doc>Pauses the test executed for the given time.</doc>
<arguments>
<arg>3</arg>
<arg>s</arg>
</arguments>
<msg timestamp="20190927 11:21:18.440" level="INFO">Slept 3 seconds</msg>
<msg timestamp="20190927 11:21:18.440" level="INFO">s</msg>
<status status="PASS" starttime="20190927 11:21:15.439" endtime="20190927 11:21:18.440"></status>
</kw>
<status status="PASS" starttime="20190927 11:21:15.310" endtime="20190927 11:21:18.440"></status>
</kw>
<kw name="AND Click Select document" library="Keyword">
<kw name="Click Element" library="Selenium2Library">
<doc>Click the element identified by ``locator``.</doc>
<arguments>
<arg>//*[@id="root"]/div/div[2]/div[2]/div[2]/p[1]</arg>
</arguments>
<msg timestamp="20190927 11:21:18.442" level="INFO">Clicking element '//*[@id="root"]/div/div[2]/div[2]/div[2]/p[1]'.</msg>
<status status="PASS" starttime="20190927 11:21:18.441" endtime="20190927 11:21:18.566"></status>
</kw>
<kw name="Sleep" library="BuiltIn">
<doc>Pauses the test executed for the given time.</doc>
<arguments>
<arg>3</arg>
<arg>s</arg>
</arguments>
<msg timestamp="20190927 11:21:21.568" level="INFO">Slept 3 seconds</msg>
<msg timestamp="20190927 11:21:21.568" level="INFO">s</msg>
<status status="PASS" starttime="20190927 11:21:18.566" endtime="20190927 11:21:21.568"></status>
</kw>
<status status="PASS" starttime="20190927 11:21:18.441" endtime="20190927 11:21:21.568"></status>
</kw>
<kw name="AND Click Save in pop up" library="Keyword">
<kw name="Click Element" library="Selenium2Library">
<doc>Click the element identified by ``locator``.</doc>
<arguments>
<arg>//*[@id="root"]/div/div[3]/div/div[2]/div/button[2]</arg>
</arguments>
<msg timestamp="20190927 11:21:21.570" level="INFO">Clicking element '//*[@id="root"]/div/div[3]/div/div[2]/div/button[2]'.</msg>
<status status="PASS" starttime="20190927 11:21:21.569" endtime="20190927 11:21:21.728"></status>
</kw>
<kw name="Sleep" library="BuiltIn">
<doc>Pauses the test executed for the given time.</doc>
<arguments>
<arg>3</arg>
<arg>s</arg>
</arguments>
<msg timestamp="20190927 11:21:24.729" level="INFO">Slept 3 seconds</msg>
<msg timestamp="20190927 11:21:24.729" level="INFO">s</msg>
<status status="PASS" starttime="20190927 11:21:21.729" endtime="20190927 11:21:24.729"></status>
</kw>
<status status="PASS" starttime="20190927 11:21:21.569" endtime="20190927 11:21:24.729"></status>
</kw>
<kw name="AND Close Browser" library="Selenium2Library">
<doc>Closes the current browser.</doc>
<status status="PASS" starttime="20190927 11:21:24.730" endtime="20190927 11:21:26.028"></status>
</kw>
<status status="PASS" starttime="20190927 11:20:52.451" endtime="20190927 11:21:26.029" critical="yes"></status>
</test>
<status status="PASS" starttime="20190927 11:20:51.880" endtime="20190927 11:21:26.031"></status>
</suite>
<statistics>
<total>
<stat pass="1" fail="0">Critical Tests</stat>
<stat pass="1" fail="0">All Tests</stat>
</total>
<tag>
</tag>
<suite>
<stat pass="1" fail="0" id="s1" name="Case29">Case29</stat>
</suite>
</statistics>
<errors>
</errors>
</robot>
