<?xml version="1.0" encoding="UTF-8"?>
<robot generator="Robot 3.1.2 (Python 3.7.4 on win32)" generated="20190927 10:59:09.977" rpa="false">
<suite id="s1" name="Case25" source="C:\Users\IBM_ADMIN\Desktop\thai\CorpusAutomated\case25\case25.robot">
<test id="s1-t1" name="Verify Word tagging button">
<kw name="Open Website" library="Keyword">
<kw name="Open Browser" library="Selenium2Library">
<doc>Opens a new browser instance to the given ``url``.</doc>
<arguments>
<arg>${CorpusWeb}</arg>
<arg>${Browser}</arg>
</arguments>
<msg timestamp="20190927 10:59:10.531" level="INFO">Opening browser 'chrome' to base url 'http://localhost:3000/'.</msg>
<status status="PASS" starttime="20190927 10:59:10.530" endtime="20190927 10:59:15.517"></status>
</kw>
<kw name="Maximize Browser Window" library="Selenium2Library">
<doc>Maximizes current browser window.</doc>
<status status="PASS" starttime="20190927 10:59:15.517" endtime="20190927 10:59:15.643"></status>
</kw>
<status status="PASS" starttime="20190927 10:59:10.530" endtime="20190927 10:59:15.644"></status>
</kw>
<kw name="AND Click Login" library="Keyword">
<kw name="Wait Until Element Is Visible" library="Selenium2Library">
<doc>Waits until the element ``locator`` is visible.</doc>
<arguments>
<arg>//*[@id="root"]/div/div/div/a[2]</arg>
</arguments>
<status status="PASS" starttime="20190927 10:59:15.644" endtime="20190927 10:59:15.692"></status>
</kw>
<kw name="Click Element" library="Selenium2Library">
<doc>Click the element identified by ``locator``.</doc>
<arguments>
<arg>//*[@id="root"]/div/div/div/a[2]</arg>
</arguments>
<msg timestamp="20190927 10:59:15.692" level="INFO">Clicking element '//*[@id="root"]/div/div/div/a[2]'.</msg>
<status status="PASS" starttime="20190927 10:59:15.692" endtime="20190927 10:59:16.074"></status>
</kw>
<kw name="Sleep" library="BuiltIn">
<doc>Pauses the test executed for the given time.</doc>
<arguments>
<arg>3</arg>
<arg>s</arg>
</arguments>
<msg timestamp="20190927 10:59:19.075" level="INFO">Slept 3 seconds</msg>
<msg timestamp="20190927 10:59:19.075" level="INFO">s</msg>
<status status="PASS" starttime="20190927 10:59:16.075" endtime="20190927 10:59:19.075"></status>
</kw>
<status status="PASS" starttime="20190927 10:59:15.644" endtime="20190927 10:59:19.075"></status>
</kw>
<kw name="AND Click cat project" library="Keyword">
<kw name="Wait Until Element Is Visible" library="Selenium2Library">
<doc>Waits until the element ``locator`` is visible.</doc>
<arguments>
<arg>//*[@id="root"]/div/div[3]/div/div[12]/div/div[1]/div</arg>
</arguments>
<status status="PASS" starttime="20190927 10:59:19.076" endtime="20190927 10:59:19.135"></status>
</kw>
<kw name="Click Element" library="Selenium2Library">
<doc>Click the element identified by ``locator``.</doc>
<arguments>
<arg>//*[@id="root"]/div/div[3]/div/div[12]/div/div[1]/div</arg>
</arguments>
<msg timestamp="20190927 10:59:19.136" level="INFO">Clicking element '//*[@id="root"]/div/div[3]/div/div[12]/div/div[1]/div'.</msg>
<status status="PASS" starttime="20190927 10:59:19.136" endtime="20190927 10:59:19.310"></status>
</kw>
<kw name="Sleep" library="BuiltIn">
<doc>Pauses the test executed for the given time.</doc>
<arguments>
<arg>3</arg>
<arg>s</arg>
</arguments>
<msg timestamp="20190927 10:59:22.311" level="INFO">Slept 3 seconds</msg>
<msg timestamp="20190927 10:59:22.311" level="INFO">s</msg>
<status status="PASS" starttime="20190927 10:59:19.310" endtime="20190927 10:59:22.311"></status>
</kw>
<status status="PASS" starttime="20190927 10:59:19.076" endtime="20190927 10:59:22.311"></status>
</kw>
<kw name="AND Click tagging" library="Keyword">
<kw name="Wait Until Element Is Visible" library="Selenium2Library">
<doc>Waits until the element ``locator`` is visible.</doc>
<arguments>
<arg>//*[@id="root"]/div/div[2]/div[1]/div/div/div/a[4]</arg>
</arguments>
<status status="PASS" starttime="20190927 10:59:22.312" endtime="20190927 10:59:22.348"></status>
</kw>
<kw name="Click Element" library="Selenium2Library">
<doc>Click the element identified by ``locator``.</doc>
<arguments>
<arg>//*[@id="root"]/div/div[2]/div[1]/div/div/div/a[4]</arg>
</arguments>
<msg timestamp="20190927 10:59:22.348" level="INFO">Clicking element '//*[@id="root"]/div/div[2]/div[1]/div/div/div/a[4]'.</msg>
<status status="PASS" starttime="20190927 10:59:22.348" endtime="20190927 10:59:22.442"></status>
</kw>
<kw name="Sleep" library="BuiltIn">
<doc>Pauses the test executed for the given time.</doc>
<arguments>
<arg>3</arg>
<arg>s</arg>
</arguments>
<msg timestamp="20190927 10:59:25.443" level="INFO">Slept 3 seconds</msg>
<msg timestamp="20190927 10:59:25.443" level="INFO">s</msg>
<status status="PASS" starttime="20190927 10:59:22.442" endtime="20190927 10:59:25.443"></status>
</kw>
<status status="PASS" starttime="20190927 10:59:22.312" endtime="20190927 10:59:25.443"></status>
</kw>
<kw name="AND Click Name document" library="Keyword">
<kw name="Click Element" library="Selenium2Library">
<doc>Click the element identified by ``locator``.</doc>
<arguments>
<arg>//*[@id="root"]/div/div[2]/div[2]/table/tbody/tr/td[1]/div</arg>
</arguments>
<msg timestamp="20190927 10:59:25.445" level="INFO">Clicking element '//*[@id="root"]/div/div[2]/div[2]/table/tbody/tr/td[1]/div'.</msg>
<status status="PASS" starttime="20190927 10:59:25.444" endtime="20190927 10:59:25.555"></status>
</kw>
<kw name="Sleep" library="BuiltIn">
<doc>Pauses the test executed for the given time.</doc>
<arguments>
<arg>3</arg>
<arg>s</arg>
</arguments>
<msg timestamp="20190927 10:59:28.555" level="INFO">Slept 3 seconds</msg>
<msg timestamp="20190927 10:59:28.555" level="INFO">s</msg>
<status status="PASS" starttime="20190927 10:59:25.555" endtime="20190927 10:59:28.555"></status>
</kw>
<status status="PASS" starttime="20190927 10:59:25.444" endtime="20190927 10:59:28.556"></status>
</kw>
<kw name="AND Click Select document" library="Keyword">
<kw name="Click Element" library="Selenium2Library">
<doc>Click the element identified by ``locator``.</doc>
<arguments>
<arg>//*[@id="root"]/div/div[2]/div[2]/div[2]/p[1]</arg>
</arguments>
<msg timestamp="20190927 10:59:28.557" level="INFO">Clicking element '//*[@id="root"]/div/div[2]/div[2]/div[2]/p[1]'.</msg>
<status status="PASS" starttime="20190927 10:59:28.557" endtime="20190927 10:59:28.647"></status>
</kw>
<kw name="Sleep" library="BuiltIn">
<doc>Pauses the test executed for the given time.</doc>
<arguments>
<arg>3</arg>
<arg>s</arg>
</arguments>
<msg timestamp="20190927 10:59:31.648" level="INFO">Slept 3 seconds</msg>
<msg timestamp="20190927 10:59:31.648" level="INFO">s</msg>
<status status="PASS" starttime="20190927 10:59:28.647" endtime="20190927 10:59:31.648"></status>
</kw>
<status status="PASS" starttime="20190927 10:59:28.556" endtime="20190927 10:59:31.648"></status>
</kw>
<kw name="AND Close Browser" library="Selenium2Library">
<doc>Closes the current browser.</doc>
<status status="PASS" starttime="20190927 10:59:31.649" endtime="20190927 10:59:32.932"></status>
</kw>
<status status="PASS" starttime="20190927 10:59:10.529" endtime="20190927 10:59:32.932" critical="yes"></status>
</test>
<status status="PASS" starttime="20190927 10:59:09.982" endtime="20190927 10:59:32.934"></status>
</suite>
<statistics>
<total>
<stat pass="1" fail="0">Critical Tests</stat>
<stat pass="1" fail="0">All Tests</stat>
</total>
<tag>
</tag>
<suite>
<stat pass="1" fail="0" id="s1" name="Case25">Case25</stat>
</suite>
</statistics>
<errors>
</errors>
</robot>
