<?xml version="1.0" encoding="UTF-8"?>
<robot generator="Robot 3.1.2 (Python 3.7.4 on win32)" generated="20190927 15:30:16.137" rpa="false">
<suite id="s1" name="Case43" source="C:\Users\IBM_ADMIN\Desktop\thai\CorpusAutomated\case43\case43.robot">
<test id="s1-t1" name="Verify Sentence Segmentation button">
<kw name="Open Website" library="Keyword">
<kw name="Open Browser" library="Selenium2Library">
<doc>Opens a new browser instance to the given ``url``.</doc>
<arguments>
<arg>${CorpusWeb}</arg>
<arg>${Browser}</arg>
</arguments>
<msg timestamp="20190927 15:30:16.753" level="INFO">Opening browser 'chrome' to base url 'http://localhost:3000/'.</msg>
<status status="PASS" starttime="20190927 15:30:16.753" endtime="20190927 15:30:21.770"></status>
</kw>
<kw name="Maximize Browser Window" library="Selenium2Library">
<doc>Maximizes current browser window.</doc>
<status status="PASS" starttime="20190927 15:30:21.770" endtime="20190927 15:30:21.890"></status>
</kw>
<status status="PASS" starttime="20190927 15:30:16.752" endtime="20190927 15:30:21.890"></status>
</kw>
<kw name="AND Click Login" library="Keyword">
<kw name="Wait Until Element Is Visible" library="Selenium2Library">
<doc>Waits until the element ``locator`` is visible.</doc>
<arguments>
<arg>//*[@id="root"]/div/div/div/a[2]</arg>
</arguments>
<status status="PASS" starttime="20190927 15:30:21.891" endtime="20190927 15:30:21.960"></status>
</kw>
<kw name="Click Element" library="Selenium2Library">
<doc>Click the element identified by ``locator``.</doc>
<arguments>
<arg>//*[@id="root"]/div/div/div/a[2]</arg>
</arguments>
<msg timestamp="20190927 15:30:21.960" level="INFO">Clicking element '//*[@id="root"]/div/div/div/a[2]'.</msg>
<status status="PASS" starttime="20190927 15:30:21.960" endtime="20190927 15:30:22.402"></status>
</kw>
<kw name="Sleep" library="BuiltIn">
<doc>Pauses the test executed for the given time.</doc>
<arguments>
<arg>3</arg>
<arg>s</arg>
</arguments>
<msg timestamp="20190927 15:30:25.402" level="INFO">Slept 3 seconds</msg>
<msg timestamp="20190927 15:30:25.402" level="INFO">s</msg>
<status status="PASS" starttime="20190927 15:30:22.402" endtime="20190927 15:30:25.402"></status>
</kw>
<status status="PASS" starttime="20190927 15:30:21.891" endtime="20190927 15:30:25.402"></status>
</kw>
<kw name="AND Click cat project" library="Keyword">
<kw name="Wait Until Element Is Visible" library="Selenium2Library">
<doc>Waits until the element ``locator`` is visible.</doc>
<arguments>
<arg>//*[@id="root"]/div/div[3]/div/div[12]/div/div[1]/div</arg>
</arguments>
<status status="PASS" starttime="20190927 15:30:25.403" endtime="20190927 15:30:25.448"></status>
</kw>
<kw name="Click Element" library="Selenium2Library">
<doc>Click the element identified by ``locator``.</doc>
<arguments>
<arg>//*[@id="root"]/div/div[3]/div/div[12]/div/div[1]/div</arg>
</arguments>
<msg timestamp="20190927 15:30:25.448" level="INFO">Clicking element '//*[@id="root"]/div/div[3]/div/div[12]/div/div[1]/div'.</msg>
<status status="PASS" starttime="20190927 15:30:25.448" endtime="20190927 15:30:25.601"></status>
</kw>
<kw name="Sleep" library="BuiltIn">
<doc>Pauses the test executed for the given time.</doc>
<arguments>
<arg>3</arg>
<arg>s</arg>
</arguments>
<msg timestamp="20190927 15:30:28.602" level="INFO">Slept 3 seconds</msg>
<msg timestamp="20190927 15:30:28.602" level="INFO">s</msg>
<status status="PASS" starttime="20190927 15:30:25.602" endtime="20190927 15:30:28.602"></status>
</kw>
<status status="PASS" starttime="20190927 15:30:25.403" endtime="20190927 15:30:28.602"></status>
</kw>
<kw name="AND Click tagging" library="Keyword">
<kw name="Wait Until Element Is Visible" library="Selenium2Library">
<doc>Waits until the element ``locator`` is visible.</doc>
<arguments>
<arg>//*[@id="root"]/div/div[2]/div[1]/div/div/div/a[4]</arg>
</arguments>
<status status="PASS" starttime="20190927 15:30:28.603" endtime="20190927 15:30:28.656"></status>
</kw>
<kw name="Click Element" library="Selenium2Library">
<doc>Click the element identified by ``locator``.</doc>
<arguments>
<arg>//*[@id="root"]/div/div[2]/div[1]/div/div/div/a[4]</arg>
</arguments>
<msg timestamp="20190927 15:30:28.656" level="INFO">Clicking element '//*[@id="root"]/div/div[2]/div[1]/div/div/div/a[4]'.</msg>
<status status="PASS" starttime="20190927 15:30:28.656" endtime="20190927 15:30:28.743"></status>
</kw>
<kw name="Sleep" library="BuiltIn">
<doc>Pauses the test executed for the given time.</doc>
<arguments>
<arg>3</arg>
<arg>s</arg>
</arguments>
<msg timestamp="20190927 15:30:31.745" level="INFO">Slept 3 seconds</msg>
<msg timestamp="20190927 15:30:31.745" level="INFO">s</msg>
<status status="PASS" starttime="20190927 15:30:28.743" endtime="20190927 15:30:31.745"></status>
</kw>
<status status="PASS" starttime="20190927 15:30:28.603" endtime="20190927 15:30:31.745"></status>
</kw>
<kw name="AND Click Name document" library="Keyword">
<kw name="Click Element" library="Selenium2Library">
<doc>Click the element identified by ``locator``.</doc>
<arguments>
<arg>//*[@id="root"]/div/div[2]/div[2]/table/tbody/tr/td[1]/div</arg>
</arguments>
<msg timestamp="20190927 15:30:31.747" level="INFO">Clicking element '//*[@id="root"]/div/div[2]/div[2]/table/tbody/tr/td[1]/div'.</msg>
<status status="PASS" starttime="20190927 15:30:31.746" endtime="20190927 15:30:31.861"></status>
</kw>
<kw name="Sleep" library="BuiltIn">
<doc>Pauses the test executed for the given time.</doc>
<arguments>
<arg>3</arg>
<arg>s</arg>
</arguments>
<msg timestamp="20190927 15:30:34.862" level="INFO">Slept 3 seconds</msg>
<msg timestamp="20190927 15:30:34.862" level="INFO">s</msg>
<status status="PASS" starttime="20190927 15:30:31.861" endtime="20190927 15:30:34.862"></status>
</kw>
<status status="PASS" starttime="20190927 15:30:31.746" endtime="20190927 15:30:34.862"></status>
</kw>
<kw name="AND Click Word tagging" library="Keyword">
<kw name="Click Element" library="Selenium2Library">
<doc>Click the element identified by ``locator``.</doc>
<arguments>
<arg>//*[@id="root"]/div/div[2]/div[2]/div[2]/p[2]</arg>
</arguments>
<msg timestamp="20190927 15:30:34.863" level="INFO">Clicking element '//*[@id="root"]/div/div[2]/div[2]/div[2]/p[2]'.</msg>
<status status="PASS" starttime="20190927 15:30:34.863" endtime="20190927 15:30:35.010"></status>
</kw>
<kw name="Sleep" library="BuiltIn">
<doc>Pauses the test executed for the given time.</doc>
<arguments>
<arg>3</arg>
<arg>s</arg>
</arguments>
<msg timestamp="20190927 15:30:38.011" level="INFO">Slept 3 seconds</msg>
<msg timestamp="20190927 15:30:38.011" level="INFO">s</msg>
<status status="PASS" starttime="20190927 15:30:35.011" endtime="20190927 15:30:38.011"></status>
</kw>
<status status="PASS" starttime="20190927 15:30:34.863" endtime="20190927 15:30:38.011"></status>
</kw>
<kw name="AND Click word first and last character" library="Keyword">
<kw name="Click Element" library="Selenium2Library">
<doc>Click the element identified by ``locator``.</doc>
<arguments>
<arg>//*[@id="root"]/div/div[2]/div[2]/div[3]/div[2]/span[627]</arg>
</arguments>
<msg timestamp="20190927 15:30:38.013" level="INFO">Clicking element '//*[@id="root"]/div/div[2]/div[2]/div[3]/div[2]/span[627]'.</msg>
<status status="PASS" starttime="20190927 15:30:38.012" endtime="20190927 15:30:38.147"></status>
</kw>
<kw name="Sleep" library="BuiltIn">
<doc>Pauses the test executed for the given time.</doc>
<arguments>
<arg>2</arg>
<arg>s</arg>
</arguments>
<msg timestamp="20190927 15:30:40.148" level="INFO">Slept 2 seconds</msg>
<msg timestamp="20190927 15:30:40.148" level="INFO">s</msg>
<status status="PASS" starttime="20190927 15:30:38.147" endtime="20190927 15:30:40.148"></status>
</kw>
<kw name="Click Element" library="Selenium2Library">
<doc>Click the element identified by ``locator``.</doc>
<arguments>
<arg>//*[@id="root"]/div/div[2]/div[2]/div[3]/div[2]/span[633]</arg>
</arguments>
<msg timestamp="20190927 15:30:40.149" level="INFO">Clicking element '//*[@id="root"]/div/div[2]/div[2]/div[3]/div[2]/span[633]'.</msg>
<status status="PASS" starttime="20190927 15:30:40.148" endtime="20190927 15:30:40.267"></status>
</kw>
<kw name="Sleep" library="BuiltIn">
<doc>Pauses the test executed for the given time.</doc>
<arguments>
<arg>2</arg>
<arg>s</arg>
</arguments>
<msg timestamp="20190927 15:30:42.267" level="INFO">Slept 2 seconds</msg>
<msg timestamp="20190927 15:30:42.267" level="INFO">s</msg>
<status status="PASS" starttime="20190927 15:30:40.267" endtime="20190927 15:30:42.267"></status>
</kw>
<status status="PASS" starttime="20190927 15:30:38.012" endtime="20190927 15:30:42.267"></status>
</kw>
<kw name="AND Click Sentence Segmentation" library="Keyword">
<kw name="Click Element" library="Selenium2Library">
<doc>Click the element identified by ``locator``.</doc>
<arguments>
<arg>//*[@id="root"]/div/div[2]/div[2]/div[2]/p</arg>
</arguments>
<msg timestamp="20190927 15:30:42.269" level="INFO">Clicking element '//*[@id="root"]/div/div[2]/div[2]/div[2]/p'.</msg>
<status status="PASS" starttime="20190927 15:30:42.268" endtime="20190927 15:30:42.362"></status>
</kw>
<kw name="Sleep" library="BuiltIn">
<doc>Pauses the test executed for the given time.</doc>
<arguments>
<arg>2</arg>
<arg>s</arg>
</arguments>
<msg timestamp="20190927 15:30:44.363" level="INFO">Slept 2 seconds</msg>
<msg timestamp="20190927 15:30:44.363" level="INFO">s</msg>
<status status="PASS" starttime="20190927 15:30:42.362" endtime="20190927 15:30:44.363"></status>
</kw>
<status status="PASS" starttime="20190927 15:30:42.268" endtime="20190927 15:30:44.363"></status>
</kw>
<kw name="AND Close Browser" library="Selenium2Library">
<doc>Closes the current browser.</doc>
<status status="PASS" starttime="20190927 15:30:44.364" endtime="20190927 15:30:45.637"></status>
</kw>
<status status="PASS" starttime="20190927 15:30:16.751" endtime="20190927 15:30:45.639" critical="yes"></status>
</test>
<status status="PASS" starttime="20190927 15:30:16.142" endtime="20190927 15:30:45.640"></status>
</suite>
<statistics>
<total>
<stat pass="1" fail="0">Critical Tests</stat>
<stat pass="1" fail="0">All Tests</stat>
</total>
<tag>
</tag>
<suite>
<stat pass="1" fail="0" id="s1" name="Case43">Case43</stat>
</suite>
</statistics>
<errors>
</errors>
</robot>
