<?xml version="1.0" encoding="UTF-8"?>
<robot generator="Robot 3.1.2 (Python 3.7.4 on win32)" generated="20190927 12:03:23.297" rpa="false">
<suite id="s1" name="Case33" source="C:\Users\IBM_ADMIN\Desktop\thai\CorpusAutomated\case33\case33.robot">
<test id="s1-t1" name="Verify Word tagging button">
<kw name="Open Website" library="Keyword">
<kw name="Open Browser" library="Selenium2Library">
<doc>Opens a new browser instance to the given ``url``.</doc>
<arguments>
<arg>${CorpusWeb}</arg>
<arg>${Browser}</arg>
</arguments>
<msg timestamp="20190927 12:03:23.832" level="INFO">Opening browser 'chrome' to base url 'http://localhost:3000/'.</msg>
<status status="PASS" starttime="20190927 12:03:23.831" endtime="20190927 12:03:28.888"></status>
</kw>
<kw name="Maximize Browser Window" library="Selenium2Library">
<doc>Maximizes current browser window.</doc>
<status status="PASS" starttime="20190927 12:03:28.888" endtime="20190927 12:03:29.016"></status>
</kw>
<status status="PASS" starttime="20190927 12:03:23.831" endtime="20190927 12:03:29.017"></status>
</kw>
<kw name="AND Click Login" library="Keyword">
<kw name="Wait Until Element Is Visible" library="Selenium2Library">
<doc>Waits until the element ``locator`` is visible.</doc>
<arguments>
<arg>//*[@id="root"]/div/div/div/a[2]</arg>
</arguments>
<status status="PASS" starttime="20190927 12:03:29.017" endtime="20190927 12:03:29.062"></status>
</kw>
<kw name="Click Element" library="Selenium2Library">
<doc>Click the element identified by ``locator``.</doc>
<arguments>
<arg>//*[@id="root"]/div/div/div/a[2]</arg>
</arguments>
<msg timestamp="20190927 12:03:29.062" level="INFO">Clicking element '//*[@id="root"]/div/div/div/a[2]'.</msg>
<status status="PASS" starttime="20190927 12:03:29.062" endtime="20190927 12:03:29.425"></status>
</kw>
<kw name="Sleep" library="BuiltIn">
<doc>Pauses the test executed for the given time.</doc>
<arguments>
<arg>3</arg>
<arg>s</arg>
</arguments>
<msg timestamp="20190927 12:03:32.426" level="INFO">Slept 3 seconds</msg>
<msg timestamp="20190927 12:03:32.426" level="INFO">s</msg>
<status status="PASS" starttime="20190927 12:03:29.425" endtime="20190927 12:03:32.426"></status>
</kw>
<status status="PASS" starttime="20190927 12:03:29.017" endtime="20190927 12:03:32.426"></status>
</kw>
<kw name="AND Click cat project" library="Keyword">
<kw name="Wait Until Element Is Visible" library="Selenium2Library">
<doc>Waits until the element ``locator`` is visible.</doc>
<arguments>
<arg>//*[@id="root"]/div/div[3]/div/div[12]/div/div[1]/div</arg>
</arguments>
<status status="PASS" starttime="20190927 12:03:32.427" endtime="20190927 12:03:32.485"></status>
</kw>
<kw name="Click Element" library="Selenium2Library">
<doc>Click the element identified by ``locator``.</doc>
<arguments>
<arg>//*[@id="root"]/div/div[3]/div/div[12]/div/div[1]/div</arg>
</arguments>
<msg timestamp="20190927 12:03:32.485" level="INFO">Clicking element '//*[@id="root"]/div/div[3]/div/div[12]/div/div[1]/div'.</msg>
<status status="PASS" starttime="20190927 12:03:32.485" endtime="20190927 12:03:32.612"></status>
</kw>
<kw name="Sleep" library="BuiltIn">
<doc>Pauses the test executed for the given time.</doc>
<arguments>
<arg>3</arg>
<arg>s</arg>
</arguments>
<msg timestamp="20190927 12:03:35.613" level="INFO">Slept 3 seconds</msg>
<msg timestamp="20190927 12:03:35.613" level="INFO">s</msg>
<status status="PASS" starttime="20190927 12:03:32.612" endtime="20190927 12:03:35.613"></status>
</kw>
<status status="PASS" starttime="20190927 12:03:32.427" endtime="20190927 12:03:35.613"></status>
</kw>
<kw name="AND Click tagging" library="Keyword">
<kw name="Wait Until Element Is Visible" library="Selenium2Library">
<doc>Waits until the element ``locator`` is visible.</doc>
<arguments>
<arg>//*[@id="root"]/div/div[2]/div[1]/div/div/div/a[4]</arg>
</arguments>
<status status="PASS" starttime="20190927 12:03:35.614" endtime="20190927 12:03:35.657"></status>
</kw>
<kw name="Click Element" library="Selenium2Library">
<doc>Click the element identified by ``locator``.</doc>
<arguments>
<arg>//*[@id="root"]/div/div[2]/div[1]/div/div/div/a[4]</arg>
</arguments>
<msg timestamp="20190927 12:03:35.658" level="INFO">Clicking element '//*[@id="root"]/div/div[2]/div[1]/div/div/div/a[4]'.</msg>
<status status="PASS" starttime="20190927 12:03:35.657" endtime="20190927 12:03:35.761"></status>
</kw>
<kw name="Sleep" library="BuiltIn">
<doc>Pauses the test executed for the given time.</doc>
<arguments>
<arg>3</arg>
<arg>s</arg>
</arguments>
<msg timestamp="20190927 12:03:38.763" level="INFO">Slept 3 seconds</msg>
<msg timestamp="20190927 12:03:38.763" level="INFO">s</msg>
<status status="PASS" starttime="20190927 12:03:35.761" endtime="20190927 12:03:38.763"></status>
</kw>
<status status="PASS" starttime="20190927 12:03:35.614" endtime="20190927 12:03:38.763"></status>
</kw>
<kw name="AND Click Name document" library="Keyword">
<kw name="Click Element" library="Selenium2Library">
<doc>Click the element identified by ``locator``.</doc>
<arguments>
<arg>//*[@id="root"]/div/div[2]/div[2]/table/tbody/tr/td[1]/div</arg>
</arguments>
<msg timestamp="20190927 12:03:38.765" level="INFO">Clicking element '//*[@id="root"]/div/div[2]/div[2]/table/tbody/tr/td[1]/div'.</msg>
<status status="PASS" starttime="20190927 12:03:38.764" endtime="20190927 12:03:38.875"></status>
</kw>
<kw name="Sleep" library="BuiltIn">
<doc>Pauses the test executed for the given time.</doc>
<arguments>
<arg>3</arg>
<arg>s</arg>
</arguments>
<msg timestamp="20190927 12:03:41.876" level="INFO">Slept 3 seconds</msg>
<msg timestamp="20190927 12:03:41.876" level="INFO">s</msg>
<status status="PASS" starttime="20190927 12:03:38.875" endtime="20190927 12:03:41.876"></status>
</kw>
<status status="PASS" starttime="20190927 12:03:38.764" endtime="20190927 12:03:41.876"></status>
</kw>
<kw name="AND Click Word tagging" library="Keyword">
<kw name="Click Element" library="Selenium2Library">
<doc>Click the element identified by ``locator``.</doc>
<arguments>
<arg>//*[@id="root"]/div/div[2]/div[2]/div[2]/p[2]</arg>
</arguments>
<msg timestamp="20190927 12:03:41.878" level="INFO">Clicking element '//*[@id="root"]/div/div[2]/div[2]/div[2]/p[2]'.</msg>
<status status="PASS" starttime="20190927 12:03:41.877" endtime="20190927 12:03:42.004"></status>
</kw>
<kw name="Sleep" library="BuiltIn">
<doc>Pauses the test executed for the given time.</doc>
<arguments>
<arg>3</arg>
<arg>s</arg>
</arguments>
<msg timestamp="20190927 12:03:45.005" level="INFO">Slept 3 seconds</msg>
<msg timestamp="20190927 12:03:45.005" level="INFO">s</msg>
<status status="PASS" starttime="20190927 12:03:42.004" endtime="20190927 12:03:45.005"></status>
</kw>
<status status="PASS" starttime="20190927 12:03:41.877" endtime="20190927 12:03:45.005"></status>
</kw>
<kw name="AND Click dropdown status" library="Keyword">
<kw name="Click Element" library="Selenium2Library">
<doc>Click the element identified by ``locator``.</doc>
<arguments>
<arg>//*[@id="root"]/div/div[2]/div[2]/div[2]/div/div/div/button</arg>
</arguments>
<msg timestamp="20190927 12:03:45.006" level="INFO">Clicking element '//*[@id="root"]/div/div[2]/div[2]/div[2]/div/div/div/button'.</msg>
<status status="PASS" starttime="20190927 12:03:45.006" endtime="20190927 12:03:45.124"></status>
</kw>
<kw name="Sleep" library="BuiltIn">
<doc>Pauses the test executed for the given time.</doc>
<arguments>
<arg>3</arg>
<arg>s</arg>
</arguments>
<msg timestamp="20190927 12:03:48.125" level="INFO">Slept 3 seconds</msg>
<msg timestamp="20190927 12:03:48.125" level="INFO">s</msg>
<status status="PASS" starttime="20190927 12:03:45.124" endtime="20190927 12:03:48.125"></status>
</kw>
<status status="PASS" starttime="20190927 12:03:45.006" endtime="20190927 12:03:48.125"></status>
</kw>
<kw name="AND Choose In Progress" library="Keyword">
<kw name="Click Element" library="Selenium2Library">
<doc>Click the element identified by ``locator``.</doc>
<arguments>
<arg>//*[@id="root"]/div/div[2]/div[2]/div[2]/div/div/div/div/a</arg>
</arguments>
<msg timestamp="20190927 12:03:48.127" level="INFO">Clicking element '//*[@id="root"]/div/div[2]/div[2]/div[2]/div/div/div/div/a'.</msg>
<status status="PASS" starttime="20190927 12:03:48.126" endtime="20190927 12:03:48.326"></status>
</kw>
<kw name="Sleep" library="BuiltIn">
<doc>Pauses the test executed for the given time.</doc>
<arguments>
<arg>2</arg>
<arg>s</arg>
</arguments>
<msg timestamp="20190927 12:03:50.327" level="INFO">Slept 2 seconds</msg>
<msg timestamp="20190927 12:03:50.327" level="INFO">s</msg>
<status status="PASS" starttime="20190927 12:03:48.326" endtime="20190927 12:03:50.327"></status>
</kw>
<status status="PASS" starttime="20190927 12:03:48.126" endtime="20190927 12:03:50.327"></status>
</kw>
<kw name="AND Close Browser" library="Selenium2Library">
<doc>Closes the current browser.</doc>
<status status="PASS" starttime="20190927 12:03:50.328" endtime="20190927 12:03:51.611"></status>
</kw>
<status status="PASS" starttime="20190927 12:03:23.830" endtime="20190927 12:03:51.612" critical="yes"></status>
</test>
<status status="PASS" starttime="20190927 12:03:23.303" endtime="20190927 12:03:51.613"></status>
</suite>
<statistics>
<total>
<stat pass="1" fail="0">Critical Tests</stat>
<stat pass="1" fail="0">All Tests</stat>
</total>
<tag>
</tag>
<suite>
<stat pass="1" fail="0" id="s1" name="Case33">Case33</stat>
</suite>
</statistics>
<errors>
</errors>
</robot>
