<?xml version="1.0" encoding="UTF-8"?>
<robot generator="Robot 3.1.2 (Python 3.7.4 on win32)" generated="20190930 15:49:05.067" rpa="false">
<suite id="s1" name="Case47" source="C:\Users\IBM_ADMIN\Desktop\thai\CorpusAutomated\case47\case47.robot">
<test id="s1-t1" name="Login">
<kw name="Open Website">
<kw name="Open Browser" library="Selenium2Library">
<doc>Opens a new browser instance to the given ``url``.</doc>
<arguments>
<arg>${CorpusWeb}</arg>
<arg>${Browser}</arg>
</arguments>
<msg timestamp="20190930 15:49:05.726" level="INFO">Opening browser 'chrome' to base url 'http://localhost:3000/'.</msg>
<status status="PASS" starttime="20190930 15:49:05.726" endtime="20190930 15:49:09.833"></status>
</kw>
<kw name="Maximize Browser Window" library="Selenium2Library">
<doc>Maximizes current browser window.</doc>
<status status="PASS" starttime="20190930 15:49:09.833" endtime="20190930 15:49:09.960"></status>
</kw>
<status status="PASS" starttime="20190930 15:49:05.725" endtime="20190930 15:49:09.961"></status>
</kw>
<kw name="AND Click Login">
<kw name="Wait Until Element Is Visible" library="Selenium2Library">
<doc>Waits until the element ``locator`` is visible.</doc>
<arguments>
<arg>//*[@id="root"]/div/div/div/a[2]</arg>
</arguments>
<status status="PASS" starttime="20190930 15:49:09.962" endtime="20190930 15:49:10.026"></status>
</kw>
<kw name="Click Element" library="Selenium2Library">
<doc>Click the element identified by ``locator``.</doc>
<arguments>
<arg>//*[@id="root"]/div/div/div/a[2]</arg>
</arguments>
<msg timestamp="20190930 15:49:10.026" level="INFO">Clicking element '//*[@id="root"]/div/div/div/a[2]'.</msg>
<status status="PASS" starttime="20190930 15:49:10.026" endtime="20190930 15:49:10.438"></status>
</kw>
<kw name="Sleep" library="BuiltIn">
<doc>Pauses the test executed for the given time.</doc>
<arguments>
<arg>3</arg>
<arg>s</arg>
</arguments>
<msg timestamp="20190930 15:49:13.440" level="INFO">Slept 3 seconds</msg>
<msg timestamp="20190930 15:49:13.440" level="INFO">s</msg>
<status status="PASS" starttime="20190930 15:49:10.438" endtime="20190930 15:49:13.440"></status>
</kw>
<status status="PASS" starttime="20190930 15:49:09.961" endtime="20190930 15:49:13.440"></status>
</kw>
<status status="PASS" starttime="20190930 15:49:05.725" endtime="20190930 15:49:13.446" critical="yes"></status>
</test>
<test id="s1-t2" name="Choose project">
<kw name="AND Click cat project">
<kw name="Wait Until Element Is Visible" library="Selenium2Library">
<doc>Waits until the element ``locator`` is visible.</doc>
<arguments>
<arg>//*[@id="root"]/div/div[3]/div/div[3]/div/div[1]/div</arg>
</arguments>
<status status="PASS" starttime="20190930 15:49:13.454" endtime="20190930 15:49:13.640"></status>
</kw>
<kw name="Click Element" library="Selenium2Library">
<doc>Click the element identified by ``locator``.</doc>
<arguments>
<arg>//*[@id="root"]/div/div[3]/div/div[3]/div/div[1]/div</arg>
</arguments>
<msg timestamp="20190930 15:49:13.641" level="INFO">Clicking element '//*[@id="root"]/div/div[3]/div/div[3]/div/div[1]/div'.</msg>
<status status="PASS" starttime="20190930 15:49:13.640" endtime="20190930 15:49:13.826"></status>
</kw>
<kw name="Sleep" library="BuiltIn">
<doc>Pauses the test executed for the given time.</doc>
<arguments>
<arg>3</arg>
<arg>s</arg>
</arguments>
<msg timestamp="20190930 15:49:16.827" level="INFO">Slept 3 seconds</msg>
<msg timestamp="20190930 15:49:16.827" level="INFO">s</msg>
<status status="PASS" starttime="20190930 15:49:13.827" endtime="20190930 15:49:16.827"></status>
</kw>
<status status="PASS" starttime="20190930 15:49:13.453" endtime="20190930 15:49:16.827"></status>
</kw>
<kw name="AND Click tagging">
<kw name="Wait Until Element Is Visible" library="Selenium2Library">
<doc>Waits until the element ``locator`` is visible.</doc>
<arguments>
<arg>//*[@id="root"]/div/div[2]/div[1]/div/div/div/a[4]</arg>
</arguments>
<status status="PASS" starttime="20190930 15:49:16.828" endtime="20190930 15:49:16.857"></status>
</kw>
<kw name="Click Element" library="Selenium2Library">
<doc>Click the element identified by ``locator``.</doc>
<arguments>
<arg>//*[@id="root"]/div/div[2]/div[1]/div/div/div/a[4]</arg>
</arguments>
<msg timestamp="20190930 15:49:16.858" level="INFO">Clicking element '//*[@id="root"]/div/div[2]/div[1]/div/div/div/a[4]'.</msg>
<status status="PASS" starttime="20190930 15:49:16.858" endtime="20190930 15:49:16.968"></status>
</kw>
<kw name="Sleep" library="BuiltIn">
<doc>Pauses the test executed for the given time.</doc>
<arguments>
<arg>3</arg>
<arg>s</arg>
</arguments>
<msg timestamp="20190930 15:49:19.969" level="INFO">Slept 3 seconds</msg>
<msg timestamp="20190930 15:49:19.969" level="INFO">s</msg>
<status status="PASS" starttime="20190930 15:49:16.969" endtime="20190930 15:49:19.969"></status>
</kw>
<status status="PASS" starttime="20190930 15:49:16.827" endtime="20190930 15:49:19.969"></status>
</kw>
<status status="PASS" starttime="20190930 15:49:13.450" endtime="20190930 15:49:19.970" critical="yes"></status>
</test>
<test id="s1-t3" name="Click file">
<kw name="AND Click Name document">
<kw name="Click Element" library="Selenium2Library">
<doc>Click the element identified by ``locator``.</doc>
<arguments>
<arg>//*[@id="root"]/div/div[2]/div[2]/table/tbody/tr/td[1]/div</arg>
</arguments>
<msg timestamp="20190930 15:49:19.972" level="INFO">Clicking element '//*[@id="root"]/div/div[2]/div[2]/table/tbody/tr/td[1]/div'.</msg>
<status status="PASS" starttime="20190930 15:49:19.972" endtime="20190930 15:49:20.102"></status>
</kw>
<kw name="Sleep" library="BuiltIn">
<doc>Pauses the test executed for the given time.</doc>
<arguments>
<arg>3</arg>
<arg>s</arg>
</arguments>
<msg timestamp="20190930 15:49:23.102" level="INFO">Slept 3 seconds</msg>
<msg timestamp="20190930 15:49:23.102" level="INFO">s</msg>
<status status="PASS" starttime="20190930 15:49:20.102" endtime="20190930 15:49:23.102"></status>
</kw>
<status status="PASS" starttime="20190930 15:49:19.972" endtime="20190930 15:49:23.102"></status>
</kw>
<kw name="AND Click Word tagging">
<kw name="Click Element" library="Selenium2Library">
<doc>Click the element identified by ``locator``.</doc>
<arguments>
<arg>//*[@id="root"]/div/div[2]/div[2]/div[2]/p[2]</arg>
</arguments>
<msg timestamp="20190930 15:49:23.103" level="INFO">Clicking element '//*[@id="root"]/div/div[2]/div[2]/div[2]/p[2]'.</msg>
<status status="PASS" starttime="20190930 15:49:23.103" endtime="20190930 15:49:23.224"></status>
</kw>
<kw name="Sleep" library="BuiltIn">
<doc>Pauses the test executed for the given time.</doc>
<arguments>
<arg>3</arg>
<arg>s</arg>
</arguments>
<msg timestamp="20190930 15:49:26.225" level="INFO">Slept 3 seconds</msg>
<msg timestamp="20190930 15:49:26.225" level="INFO">s</msg>
<status status="PASS" starttime="20190930 15:49:23.224" endtime="20190930 15:49:26.225"></status>
</kw>
<status status="PASS" starttime="20190930 15:49:23.103" endtime="20190930 15:49:26.225"></status>
</kw>
<status status="PASS" starttime="20190930 15:49:19.971" endtime="20190930 15:49:26.226" critical="yes"></status>
</test>
<test id="s1-t4" name="Tag word">
<kw name="AND Click word first and last character">
<kw name="Click Element" library="Selenium2Library">
<doc>Click the element identified by ``locator``.</doc>
<arguments>
<arg>//*[@id="root"]/div/div[2]/div[2]/div[3]/div[2]/span[627]</arg>
</arguments>
<msg timestamp="20190930 15:49:26.228" level="INFO">Clicking element '//*[@id="root"]/div/div[2]/div[2]/div[3]/div[2]/span[627]'.</msg>
<status status="PASS" starttime="20190930 15:49:26.228" endtime="20190930 15:49:26.490"></status>
</kw>
<kw name="Sleep" library="BuiltIn">
<doc>Pauses the test executed for the given time.</doc>
<arguments>
<arg>2</arg>
<arg>s</arg>
</arguments>
<msg timestamp="20190930 15:49:28.491" level="INFO">Slept 2 seconds</msg>
<msg timestamp="20190930 15:49:28.491" level="INFO">s</msg>
<status status="PASS" starttime="20190930 15:49:26.490" endtime="20190930 15:49:28.491"></status>
</kw>
<kw name="Click Element" library="Selenium2Library">
<doc>Click the element identified by ``locator``.</doc>
<arguments>
<arg>//*[@id="root"]/div/div[2]/div[2]/div[3]/div[2]/span[633]</arg>
</arguments>
<msg timestamp="20190930 15:49:28.492" level="INFO">Clicking element '//*[@id="root"]/div/div[2]/div[2]/div[3]/div[2]/span[633]'.</msg>
<status status="PASS" starttime="20190930 15:49:28.492" endtime="20190930 15:49:28.618"></status>
</kw>
<kw name="Sleep" library="BuiltIn">
<doc>Pauses the test executed for the given time.</doc>
<arguments>
<arg>2</arg>
<arg>s</arg>
</arguments>
<msg timestamp="20190930 15:49:30.620" level="INFO">Slept 2 seconds</msg>
<msg timestamp="20190930 15:49:30.620" level="INFO">s</msg>
<status status="PASS" starttime="20190930 15:49:28.618" endtime="20190930 15:49:30.620"></status>
</kw>
<status status="PASS" starttime="20190930 15:49:26.228" endtime="20190930 15:49:30.620"></status>
</kw>
<kw name="AND Tag Entity">
<kw name="Click Element" library="Selenium2Library">
<doc>Click the element identified by ``locator``.</doc>
<arguments>
<arg>//*[@id="root"]/div/div[2]/div[3]/div/div[2]/div/div/div/div/div[2]/div/div/div/div/div[2]/h/span[2]</arg>
</arguments>
<msg timestamp="20190930 15:49:30.621" level="INFO">Clicking element '//*[@id="root"]/div/div[2]/div[3]/div/div[2]/div/div/div/div/div[2]/div/div/div/div/div[2]/h/span[2]'.</msg>
<status status="PASS" starttime="20190930 15:49:30.621" endtime="20190930 15:49:30.755"></status>
</kw>
<kw name="Sleep" library="BuiltIn">
<doc>Pauses the test executed for the given time.</doc>
<arguments>
<arg>2</arg>
<arg>s</arg>
</arguments>
<msg timestamp="20190930 15:49:32.756" level="INFO">Slept 2 seconds</msg>
<msg timestamp="20190930 15:49:32.756" level="INFO">s</msg>
<status status="PASS" starttime="20190930 15:49:30.755" endtime="20190930 15:49:32.756"></status>
</kw>
<status status="PASS" starttime="20190930 15:49:30.621" endtime="20190930 15:49:32.756"></status>
</kw>
<status status="PASS" starttime="20190930 15:49:26.227" endtime="20190930 15:49:32.757" critical="yes"></status>
</test>
<test id="s1-t5" name="Tag word">
<kw name="AND Click word first and last character">
<kw name="Click Element" library="Selenium2Library">
<doc>Click the element identified by ``locator``.</doc>
<arguments>
<arg>//*[@id="root"]/div/div[2]/div[2]/div[3]/div[2]/span[627]</arg>
</arguments>
<msg timestamp="20190930 15:49:32.760" level="INFO">Clicking element '//*[@id="root"]/div/div[2]/div[2]/div[3]/div[2]/span[627]'.</msg>
<status status="PASS" starttime="20190930 15:49:32.760" endtime="20190930 15:49:32.892"></status>
</kw>
<kw name="Sleep" library="BuiltIn">
<doc>Pauses the test executed for the given time.</doc>
<arguments>
<arg>2</arg>
<arg>s</arg>
</arguments>
<msg timestamp="20190930 15:49:34.893" level="INFO">Slept 2 seconds</msg>
<msg timestamp="20190930 15:49:34.893" level="INFO">s</msg>
<status status="PASS" starttime="20190930 15:49:32.892" endtime="20190930 15:49:34.893"></status>
</kw>
<kw name="Click Element" library="Selenium2Library">
<doc>Click the element identified by ``locator``.</doc>
<arguments>
<arg>//*[@id="root"]/div/div[2]/div[2]/div[3]/div[2]/span[633]</arg>
</arguments>
<msg timestamp="20190930 15:49:34.894" level="INFO">Clicking element '//*[@id="root"]/div/div[2]/div[2]/div[3]/div[2]/span[633]'.</msg>
<status status="PASS" starttime="20190930 15:49:34.893" endtime="20190930 15:49:34.982"></status>
</kw>
<kw name="Sleep" library="BuiltIn">
<doc>Pauses the test executed for the given time.</doc>
<arguments>
<arg>2</arg>
<arg>s</arg>
</arguments>
<msg timestamp="20190930 15:49:36.982" level="INFO">Slept 2 seconds</msg>
<msg timestamp="20190930 15:49:36.982" level="INFO">s</msg>
<status status="PASS" starttime="20190930 15:49:34.982" endtime="20190930 15:49:36.982"></status>
</kw>
<status status="PASS" starttime="20190930 15:49:32.759" endtime="20190930 15:49:36.982"></status>
</kw>
<kw name="AND Tag Entity">
<kw name="Click Element" library="Selenium2Library">
<doc>Click the element identified by ``locator``.</doc>
<arguments>
<arg>//*[@id="root"]/div/div[2]/div[3]/div/div[2]/div/div/div/div/div[2]/div/div/div/div/div[2]/h/span[2]</arg>
</arguments>
<msg timestamp="20190930 15:49:36.983" level="INFO">Clicking element '//*[@id="root"]/div/div[2]/div[3]/div/div[2]/div/div/div/div/div[2]/div/div/div/div/div[2]/h/span[2]'.</msg>
<status status="PASS" starttime="20190930 15:49:36.983" endtime="20190930 15:49:37.044"></status>
</kw>
<kw name="Sleep" library="BuiltIn">
<doc>Pauses the test executed for the given time.</doc>
<arguments>
<arg>2</arg>
<arg>s</arg>
</arguments>
<msg timestamp="20190930 15:49:39.044" level="INFO">Slept 2 seconds</msg>
<msg timestamp="20190930 15:49:39.044" level="INFO">s</msg>
<status status="PASS" starttime="20190930 15:49:37.044" endtime="20190930 15:49:39.044"></status>
</kw>
<status status="PASS" starttime="20190930 15:49:36.983" endtime="20190930 15:49:39.044"></status>
</kw>
<kw name="AND Close Browser" library="Selenium2Library">
<doc>Closes the current browser.</doc>
<status status="PASS" starttime="20190930 15:49:39.045" endtime="20190930 15:49:40.370"></status>
</kw>
<status status="PASS" starttime="20190930 15:49:32.758" endtime="20190930 15:49:40.370" critical="yes"></status>
</test>
<status status="PASS" starttime="20190930 15:49:05.074" endtime="20190930 15:49:40.372"></status>
</suite>
<statistics>
<total>
<stat pass="5" fail="0">Critical Tests</stat>
<stat pass="5" fail="0">All Tests</stat>
</total>
<tag>
</tag>
<suite>
<stat pass="5" fail="0" id="s1" name="Case47">Case47</stat>
</suite>
</statistics>
<errors>
<msg timestamp="20190930 15:49:32.758" level="WARN">Multiple test cases with name 'Tag word' executed in test suite 'Case47'.</msg>
</errors>
</robot>
