<?xml version="1.0" encoding="UTF-8"?>
<robot generator="Robot 3.1.2 (Python 3.7.4 on win32)" generated="20191001 11:05:46.572" rpa="false">
<suite id="s1" name="Case6" source="C:\Users\IBM_ADMIN\Desktop\thai\CorpusAutomated\case6\case6.robot">
<test id="s1-t1" name="Verify log out button">
<kw name="Open Website" library="Keyword">
<kw name="Open Browser" library="Selenium2Library">
<doc>Opens a new browser instance to the given ``url``.</doc>
<arguments>
<arg>${CorpusWeb}</arg>
<arg>${Browser}</arg>
</arguments>
<msg timestamp="20191001 11:05:47.202" level="INFO">Opening browser 'chrome' to base url 'http://localhost:3000/'.</msg>
<status status="PASS" starttime="20191001 11:05:47.202" endtime="20191001 11:05:52.264"></status>
</kw>
<kw name="Maximize Browser Window" library="Selenium2Library">
<doc>Maximizes current browser window.</doc>
<status status="PASS" starttime="20191001 11:05:52.264" endtime="20191001 11:05:52.401"></status>
</kw>
<status status="PASS" starttime="20191001 11:05:47.201" endtime="20191001 11:05:52.402"></status>
</kw>
<kw name="AND Click Login" library="Keyword">
<kw name="Wait Until Element Is Visible" library="Selenium2Library">
<doc>Waits until the element ``locator`` is visible.</doc>
<arguments>
<arg>//*[@id="root"]/div/div/div/a[2]</arg>
</arguments>
<status status="PASS" starttime="20191001 11:05:52.402" endtime="20191001 11:05:52.447"></status>
</kw>
<kw name="Click Element" library="Selenium2Library">
<doc>Click the element identified by ``locator``.</doc>
<arguments>
<arg>//*[@id="root"]/div/div/div/a[2]</arg>
</arguments>
<msg timestamp="20191001 11:05:52.447" level="INFO">Clicking element '//*[@id="root"]/div/div/div/a[2]'.</msg>
<status status="PASS" starttime="20191001 11:05:52.447" endtime="20191001 11:05:52.855"></status>
</kw>
<kw name="Sleep" library="BuiltIn">
<doc>Pauses the test executed for the given time.</doc>
<arguments>
<arg>3</arg>
<arg>s</arg>
</arguments>
<msg timestamp="20191001 11:05:55.856" level="INFO">Slept 3 seconds</msg>
<msg timestamp="20191001 11:05:55.856" level="INFO">s</msg>
<status status="PASS" starttime="20191001 11:05:52.855" endtime="20191001 11:05:55.856"></status>
</kw>
<status status="PASS" starttime="20191001 11:05:52.402" endtime="20191001 11:05:55.856"></status>
</kw>
<kw name="AND Click Cat project" library="Keyword">
<kw name="Wait Until Element Is Visible" library="Selenium2Library">
<doc>Waits until the element ``locator`` is visible.</doc>
<arguments>
<arg>//*[@id="root"]/div/div[3]/div/div[3]/div/div[1]/div</arg>
</arguments>
<status status="PASS" starttime="20191001 11:05:55.857" endtime="20191001 11:05:55.918"></status>
</kw>
<kw name="Click Element" library="Selenium2Library">
<doc>Click the element identified by ``locator``.</doc>
<arguments>
<arg>//*[@id="root"]/div/div[3]/div/div[3]/div/div[1]/div</arg>
</arguments>
<msg timestamp="20191001 11:05:55.919" level="INFO">Clicking element '//*[@id="root"]/div/div[3]/div/div[3]/div/div[1]/div'.</msg>
<status status="PASS" starttime="20191001 11:05:55.919" endtime="20191001 11:05:56.068"></status>
</kw>
<kw name="Sleep" library="BuiltIn">
<doc>Pauses the test executed for the given time.</doc>
<arguments>
<arg>3</arg>
<arg>s</arg>
</arguments>
<msg timestamp="20191001 11:05:59.069" level="INFO">Slept 3 seconds</msg>
<msg timestamp="20191001 11:05:59.069" level="INFO">s</msg>
<status status="PASS" starttime="20191001 11:05:56.069" endtime="20191001 11:05:59.069"></status>
</kw>
<status status="PASS" starttime="20191001 11:05:55.857" endtime="20191001 11:05:59.069"></status>
</kw>
<kw name="AND Click Tagging" library="Keyword">
<kw name="Wait Until Element Is Visible" library="Selenium2Library">
<doc>Waits until the element ``locator`` is visible.</doc>
<arguments>
<arg>//*[@id="root"]/div/div[2]/div[1]/div/div/div/a[4]</arg>
</arguments>
<status status="PASS" starttime="20191001 11:05:59.071" endtime="20191001 11:05:59.117"></status>
</kw>
<kw name="Click Element" library="Selenium2Library">
<doc>Click the element identified by ``locator``.</doc>
<arguments>
<arg>//*[@id="root"]/div/div[2]/div[1]/div/div/div/a[4]</arg>
</arguments>
<msg timestamp="20191001 11:05:59.117" level="INFO">Clicking element '//*[@id="root"]/div/div[2]/div[1]/div/div/div/a[4]'.</msg>
<status status="PASS" starttime="20191001 11:05:59.117" endtime="20191001 11:05:59.244"></status>
</kw>
<kw name="Sleep" library="BuiltIn">
<doc>Pauses the test executed for the given time.</doc>
<arguments>
<arg>3</arg>
<arg>s</arg>
</arguments>
<msg timestamp="20191001 11:06:02.245" level="INFO">Slept 3 seconds</msg>
<msg timestamp="20191001 11:06:02.245" level="INFO">s</msg>
<status status="PASS" starttime="20191001 11:05:59.245" endtime="20191001 11:06:02.245"></status>
</kw>
<status status="PASS" starttime="20191001 11:05:59.070" endtime="20191001 11:06:02.245"></status>
</kw>
<kw name="AND Click Logout">
<kw name="Wait Until Element Is Visible" library="Selenium2Library">
<doc>Waits until the element ``locator`` is visible.</doc>
<arguments>
<arg>//*[@id="root"]/div/div[1]/div/div/span/a</arg>
</arguments>
<status status="PASS" starttime="20191001 11:06:02.246" endtime="20191001 11:06:02.277"></status>
</kw>
<kw name="Click Element" library="Selenium2Library">
<doc>Click the element identified by ``locator``.</doc>
<arguments>
<arg>//*[@id="root"]/div/div[1]/div/div/span/a</arg>
</arguments>
<msg timestamp="20191001 11:06:02.278" level="INFO">Clicking element '//*[@id="root"]/div/div[1]/div/div/span/a'.</msg>
<status status="PASS" starttime="20191001 11:06:02.277" endtime="20191001 11:06:02.890"></status>
</kw>
<kw name="Sleep" library="BuiltIn">
<doc>Pauses the test executed for the given time.</doc>
<arguments>
<arg>3</arg>
<arg>s</arg>
</arguments>
<msg timestamp="20191001 11:06:05.892" level="INFO">Slept 3 seconds</msg>
<msg timestamp="20191001 11:06:05.892" level="INFO">s</msg>
<status status="PASS" starttime="20191001 11:06:02.891" endtime="20191001 11:06:05.892"></status>
</kw>
<status status="PASS" starttime="20191001 11:06:02.246" endtime="20191001 11:06:05.892"></status>
</kw>
<kw name="AND Close Website" library="Keyword">
<kw name="Close Browser" library="Selenium2Library">
<doc>Closes the current browser.</doc>
<status status="PASS" starttime="20191001 11:06:05.893" endtime="20191001 11:06:07.193"></status>
</kw>
<status status="PASS" starttime="20191001 11:06:05.893" endtime="20191001 11:06:07.193"></status>
</kw>
<status status="PASS" starttime="20191001 11:05:47.201" endtime="20191001 11:06:07.194" critical="yes"></status>
</test>
<status status="PASS" starttime="20191001 11:05:46.577" endtime="20191001 11:06:07.195"></status>
</suite>
<statistics>
<total>
<stat pass="1" fail="0">Critical Tests</stat>
<stat pass="1" fail="0">All Tests</stat>
</total>
<tag>
</tag>
<suite>
<stat pass="1" fail="0" id="s1" name="Case6">Case6</stat>
</suite>
</statistics>
<errors>
</errors>
</robot>
