<?xml version="1.0" encoding="UTF-8"?>
<robot generator="Robot 3.1.2 (Python 3.7.4 on win32)" generated="20191001 11:04:21.734" rpa="false">
<suite id="s1" name="Case5" source="C:\Users\IBM_ADMIN\Desktop\thai\CorpusAutomated\case5\case5.robot">
<test id="s1-t1" name="Verify tagging button">
<kw name="Open Website" library="Keyword">
<kw name="Open Browser" library="Selenium2Library">
<doc>Opens a new browser instance to the given ``url``.</doc>
<arguments>
<arg>${CorpusWeb}</arg>
<arg>${Browser}</arg>
</arguments>
<msg timestamp="20191001 11:04:22.353" level="INFO">Opening browser 'chrome' to base url 'http://localhost:3000/'.</msg>
<status status="PASS" starttime="20191001 11:04:22.353" endtime="20191001 11:04:27.333"></status>
</kw>
<kw name="Maximize Browser Window" library="Selenium2Library">
<doc>Maximizes current browser window.</doc>
<status status="PASS" starttime="20191001 11:04:27.333" endtime="20191001 11:04:27.464"></status>
</kw>
<status status="PASS" starttime="20191001 11:04:22.352" endtime="20191001 11:04:27.464"></status>
</kw>
<kw name="AND Click Login" library="Keyword">
<kw name="Wait Until Element Is Visible" library="Selenium2Library">
<doc>Waits until the element ``locator`` is visible.</doc>
<arguments>
<arg>//*[@id="root"]/div/div/div/a[2]</arg>
</arguments>
<status status="PASS" starttime="20191001 11:04:27.466" endtime="20191001 11:04:27.537"></status>
</kw>
<kw name="Click Element" library="Selenium2Library">
<doc>Click the element identified by ``locator``.</doc>
<arguments>
<arg>//*[@id="root"]/div/div/div/a[2]</arg>
</arguments>
<msg timestamp="20191001 11:04:27.537" level="INFO">Clicking element '//*[@id="root"]/div/div/div/a[2]'.</msg>
<status status="PASS" starttime="20191001 11:04:27.537" endtime="20191001 11:04:27.976"></status>
</kw>
<kw name="Sleep" library="BuiltIn">
<doc>Pauses the test executed for the given time.</doc>
<arguments>
<arg>3</arg>
<arg>s</arg>
</arguments>
<msg timestamp="20191001 11:04:30.977" level="INFO">Slept 3 seconds</msg>
<msg timestamp="20191001 11:04:30.977" level="INFO">s</msg>
<status status="PASS" starttime="20191001 11:04:27.976" endtime="20191001 11:04:30.977"></status>
</kw>
<status status="PASS" starttime="20191001 11:04:27.465" endtime="20191001 11:04:30.977"></status>
</kw>
<kw name="AND Click Cat project" library="Keyword">
<kw name="Wait Until Element Is Visible" library="Selenium2Library">
<doc>Waits until the element ``locator`` is visible.</doc>
<arguments>
<arg>//*[@id="root"]/div/div[3]/div/div[3]/div/div[1]/div</arg>
</arguments>
<status status="PASS" starttime="20191001 11:04:30.978" endtime="20191001 11:04:31.017"></status>
</kw>
<kw name="Click Element" library="Selenium2Library">
<doc>Click the element identified by ``locator``.</doc>
<arguments>
<arg>//*[@id="root"]/div/div[3]/div/div[3]/div/div[1]/div</arg>
</arguments>
<msg timestamp="20191001 11:04:31.017" level="INFO">Clicking element '//*[@id="root"]/div/div[3]/div/div[3]/div/div[1]/div'.</msg>
<status status="PASS" starttime="20191001 11:04:31.017" endtime="20191001 11:04:31.135"></status>
</kw>
<kw name="Sleep" library="BuiltIn">
<doc>Pauses the test executed for the given time.</doc>
<arguments>
<arg>3</arg>
<arg>s</arg>
</arguments>
<msg timestamp="20191001 11:04:34.136" level="INFO">Slept 3 seconds</msg>
<msg timestamp="20191001 11:04:34.136" level="INFO">s</msg>
<status status="PASS" starttime="20191001 11:04:31.136" endtime="20191001 11:04:34.136"></status>
</kw>
<status status="PASS" starttime="20191001 11:04:30.978" endtime="20191001 11:04:34.136"></status>
</kw>
<kw name="AND Click Tagging" library="Keyword">
<kw name="Wait Until Element Is Visible" library="Selenium2Library">
<doc>Waits until the element ``locator`` is visible.</doc>
<arguments>
<arg>//*[@id="root"]/div/div[2]/div[1]/div/div/div/a[4]</arg>
</arguments>
<status status="PASS" starttime="20191001 11:04:34.137" endtime="20191001 11:04:34.168"></status>
</kw>
<kw name="Click Element" library="Selenium2Library">
<doc>Click the element identified by ``locator``.</doc>
<arguments>
<arg>//*[@id="root"]/div/div[2]/div[1]/div/div/div/a[4]</arg>
</arguments>
<msg timestamp="20191001 11:04:34.169" level="INFO">Clicking element '//*[@id="root"]/div/div[2]/div[1]/div/div/div/a[4]'.</msg>
<status status="PASS" starttime="20191001 11:04:34.169" endtime="20191001 11:04:34.299"></status>
</kw>
<kw name="Sleep" library="BuiltIn">
<doc>Pauses the test executed for the given time.</doc>
<arguments>
<arg>3</arg>
<arg>s</arg>
</arguments>
<msg timestamp="20191001 11:04:37.301" level="INFO">Slept 3 seconds</msg>
<msg timestamp="20191001 11:04:37.301" level="INFO">s</msg>
<status status="PASS" starttime="20191001 11:04:34.300" endtime="20191001 11:04:37.301"></status>
</kw>
<status status="PASS" starttime="20191001 11:04:34.136" endtime="20191001 11:04:37.301"></status>
</kw>
<kw name="AND Close Website" library="Keyword">
<kw name="Close Browser" library="Selenium2Library">
<doc>Closes the current browser.</doc>
<status status="PASS" starttime="20191001 11:04:37.302" endtime="20191001 11:04:38.597"></status>
</kw>
<status status="PASS" starttime="20191001 11:04:37.302" endtime="20191001 11:04:38.597"></status>
</kw>
<status status="PASS" starttime="20191001 11:04:22.352" endtime="20191001 11:04:38.598" critical="yes"></status>
</test>
<status status="PASS" starttime="20191001 11:04:21.739" endtime="20191001 11:04:38.600"></status>
</suite>
<statistics>
<total>
<stat pass="1" fail="0">Critical Tests</stat>
<stat pass="1" fail="0">All Tests</stat>
</total>
<tag>
</tag>
<suite>
<stat pass="1" fail="0" id="s1" name="Case5">Case5</stat>
</suite>
</statistics>
<errors>
</errors>
</robot>
