<?xml version="1.0" encoding="UTF-8"?>
<robot generator="Robot 3.1.2 (Python 3.7.4 on win32)" generated="20190930 15:33:04.630" rpa="false">
<suite id="s1" name="Case50" source="C:\Users\IBM_ADMIN\Desktop\thai\CorpusAutomated\case50\case50.robot">
<test id="s1-t1" name="Verify Save button">
<kw name="Open Website">
<kw name="Open Browser" library="Selenium2Library">
<doc>Opens a new browser instance to the given ``url``.</doc>
<arguments>
<arg>${CorpusWeb}</arg>
<arg>${Browser}</arg>
</arguments>
<msg timestamp="20190930 15:33:05.297" level="INFO">Opening browser 'chrome' to base url 'http://localhost:3000/'.</msg>
<status status="PASS" starttime="20190930 15:33:05.297" endtime="20190930 15:33:09.235"></status>
</kw>
<kw name="Maximize Browser Window" library="Selenium2Library">
<doc>Maximizes current browser window.</doc>
<status status="PASS" starttime="20190930 15:33:09.236" endtime="20190930 15:33:09.366"></status>
</kw>
<status status="PASS" starttime="20190930 15:33:05.296" endtime="20190930 15:33:09.366"></status>
</kw>
<kw name="AND Click Login">
<kw name="Wait Until Element Is Visible" library="Selenium2Library">
<doc>Waits until the element ``locator`` is visible.</doc>
<arguments>
<arg>//*[@id="root"]/div/div/div/a[2]</arg>
</arguments>
<status status="PASS" starttime="20190930 15:33:09.367" endtime="20190930 15:33:09.421"></status>
</kw>
<kw name="Click Element" library="Selenium2Library">
<doc>Click the element identified by ``locator``.</doc>
<arguments>
<arg>//*[@id="root"]/div/div/div/a[2]</arg>
</arguments>
<msg timestamp="20190930 15:33:09.421" level="INFO">Clicking element '//*[@id="root"]/div/div/div/a[2]'.</msg>
<status status="PASS" starttime="20190930 15:33:09.421" endtime="20190930 15:33:09.835"></status>
</kw>
<kw name="Sleep" library="BuiltIn">
<doc>Pauses the test executed for the given time.</doc>
<arguments>
<arg>3</arg>
<arg>s</arg>
</arguments>
<msg timestamp="20190930 15:33:12.837" level="INFO">Slept 3 seconds</msg>
<msg timestamp="20190930 15:33:12.837" level="INFO">s</msg>
<status status="PASS" starttime="20190930 15:33:09.835" endtime="20190930 15:33:12.837"></status>
</kw>
<status status="PASS" starttime="20190930 15:33:09.366" endtime="20190930 15:33:12.837"></status>
</kw>
<kw name="AND Click cat project">
<kw name="Wait Until Element Is Visible" library="Selenium2Library">
<doc>Waits until the element ``locator`` is visible.</doc>
<arguments>
<arg>//*[@id="root"]/div/div[3]/div/div[3]/div/div[1]/div</arg>
</arguments>
<status status="PASS" starttime="20190930 15:33:12.838" endtime="20190930 15:33:12.904"></status>
</kw>
<kw name="Click Element" library="Selenium2Library">
<doc>Click the element identified by ``locator``.</doc>
<arguments>
<arg>//*[@id="root"]/div/div[3]/div/div[3]/div/div[1]/div</arg>
</arguments>
<msg timestamp="20190930 15:33:12.905" level="INFO">Clicking element '//*[@id="root"]/div/div[3]/div/div[3]/div/div[1]/div'.</msg>
<status status="PASS" starttime="20190930 15:33:12.905" endtime="20190930 15:33:13.031"></status>
</kw>
<kw name="Sleep" library="BuiltIn">
<doc>Pauses the test executed for the given time.</doc>
<arguments>
<arg>3</arg>
<arg>s</arg>
</arguments>
<msg timestamp="20190930 15:33:16.032" level="INFO">Slept 3 seconds</msg>
<msg timestamp="20190930 15:33:16.032" level="INFO">s</msg>
<status status="PASS" starttime="20190930 15:33:13.031" endtime="20190930 15:33:16.032"></status>
</kw>
<status status="PASS" starttime="20190930 15:33:12.838" endtime="20190930 15:33:16.032"></status>
</kw>
<kw name="AND Click tagging">
<kw name="Wait Until Element Is Visible" library="Selenium2Library">
<doc>Waits until the element ``locator`` is visible.</doc>
<arguments>
<arg>//*[@id="root"]/div/div[2]/div[1]/div/div/div/a[4]</arg>
</arguments>
<status status="PASS" starttime="20190930 15:33:16.033" endtime="20190930 15:33:16.070"></status>
</kw>
<kw name="Click Element" library="Selenium2Library">
<doc>Click the element identified by ``locator``.</doc>
<arguments>
<arg>//*[@id="root"]/div/div[2]/div[1]/div/div/div/a[4]</arg>
</arguments>
<msg timestamp="20190930 15:33:16.071" level="INFO">Clicking element '//*[@id="root"]/div/div[2]/div[1]/div/div/div/a[4]'.</msg>
<status status="PASS" starttime="20190930 15:33:16.070" endtime="20190930 15:33:16.191"></status>
</kw>
<kw name="Sleep" library="BuiltIn">
<doc>Pauses the test executed for the given time.</doc>
<arguments>
<arg>3</arg>
<arg>s</arg>
</arguments>
<msg timestamp="20190930 15:33:19.192" level="INFO">Slept 3 seconds</msg>
<msg timestamp="20190930 15:33:19.192" level="INFO">s</msg>
<status status="PASS" starttime="20190930 15:33:16.191" endtime="20190930 15:33:19.192"></status>
</kw>
<status status="PASS" starttime="20190930 15:33:16.033" endtime="20190930 15:33:19.192"></status>
</kw>
<kw name="AND Click Name document">
<kw name="Click Element" library="Selenium2Library">
<doc>Click the element identified by ``locator``.</doc>
<arguments>
<arg>//*[@id="root"]/div/div[2]/div[2]/table/tbody/tr/td[1]/div</arg>
</arguments>
<msg timestamp="20190930 15:33:19.193" level="INFO">Clicking element '//*[@id="root"]/div/div[2]/div[2]/table/tbody/tr/td[1]/div'.</msg>
<status status="PASS" starttime="20190930 15:33:19.193" endtime="20190930 15:33:19.309"></status>
</kw>
<kw name="Sleep" library="BuiltIn">
<doc>Pauses the test executed for the given time.</doc>
<arguments>
<arg>3</arg>
<arg>s</arg>
</arguments>
<msg timestamp="20190930 15:33:22.309" level="INFO">Slept 3 seconds</msg>
<msg timestamp="20190930 15:33:22.309" level="INFO">s</msg>
<status status="PASS" starttime="20190930 15:33:19.309" endtime="20190930 15:33:22.309"></status>
</kw>
<status status="PASS" starttime="20190930 15:33:19.193" endtime="20190930 15:33:22.309"></status>
</kw>
<kw name="AND Click First and last character of sentence">
<kw name="Click Element" library="Selenium2Library">
<doc>Click the element identified by ``locator``.</doc>
<arguments>
<arg>//*[@id="root"]/div/div[2]/div[2]/div[3]/div[2]/span[157]</arg>
</arguments>
<msg timestamp="20190930 15:33:22.311" level="INFO">Clicking element '//*[@id="root"]/div/div[2]/div[2]/div[3]/div[2]/span[157]'.</msg>
<status status="PASS" starttime="20190930 15:33:22.310" endtime="20190930 15:33:22.431"></status>
</kw>
<kw name="Sleep" library="BuiltIn">
<doc>Pauses the test executed for the given time.</doc>
<arguments>
<arg>2</arg>
<arg>s</arg>
</arguments>
<msg timestamp="20190930 15:33:24.432" level="INFO">Slept 2 seconds</msg>
<msg timestamp="20190930 15:33:24.432" level="INFO">s</msg>
<status status="PASS" starttime="20190930 15:33:22.432" endtime="20190930 15:33:24.432"></status>
</kw>
<kw name="Click Element" library="Selenium2Library">
<doc>Click the element identified by ``locator``.</doc>
<arguments>
<arg>//*[@id="root"]/div/div[2]/div[2]/div[3]/div[2]/span[223]</arg>
</arguments>
<msg timestamp="20190930 15:33:24.432" level="INFO">Clicking element '//*[@id="root"]/div/div[2]/div[2]/div[3]/div[2]/span[223]'.</msg>
<status status="PASS" starttime="20190930 15:33:24.432" endtime="20190930 15:33:24.599"></status>
</kw>
<kw name="Sleep" library="BuiltIn">
<doc>Pauses the test executed for the given time.</doc>
<arguments>
<arg>2</arg>
<arg>s</arg>
</arguments>
<msg timestamp="20190930 15:33:26.599" level="INFO">Slept 2 seconds</msg>
<msg timestamp="20190930 15:33:26.599" level="INFO">s</msg>
<status status="PASS" starttime="20190930 15:33:24.599" endtime="20190930 15:33:26.599"></status>
</kw>
<status status="PASS" starttime="20190930 15:33:22.310" endtime="20190930 15:33:26.599"></status>
</kw>
<kw name="AND Click segment">
<kw name="Click Element" library="Selenium2Library">
<doc>Click the element identified by ``locator``.</doc>
<arguments>
<arg>//*[@id="root"]/div/div[2]/div[3]/div[1]/button</arg>
</arguments>
<msg timestamp="20190930 15:33:26.600" level="INFO">Clicking element '//*[@id="root"]/div/div[2]/div[3]/div[1]/button'.</msg>
<status status="PASS" starttime="20190930 15:33:26.600" endtime="20190930 15:33:26.713"></status>
</kw>
<kw name="Sleep" library="BuiltIn">
<doc>Pauses the test executed for the given time.</doc>
<arguments>
<arg>3</arg>
<arg>s</arg>
</arguments>
<msg timestamp="20190930 15:33:29.715" level="INFO">Slept 3 seconds</msg>
<msg timestamp="20190930 15:33:29.715" level="INFO">s</msg>
<status status="PASS" starttime="20190930 15:33:26.713" endtime="20190930 15:33:29.715"></status>
</kw>
<status status="PASS" starttime="20190930 15:33:26.600" endtime="20190930 15:33:29.715"></status>
</kw>
<kw name="AND Click save">
<kw name="Click Element" library="Selenium2Library">
<doc>Click the element identified by ``locator``.</doc>
<arguments>
<arg>//*[@id="root"]/div/div[2]/div[2]/div[2]/button</arg>
</arguments>
<msg timestamp="20190930 15:33:29.716" level="INFO">Clicking element '//*[@id="root"]/div/div[2]/div[2]/div[2]/button'.</msg>
<status status="PASS" starttime="20190930 15:33:29.716" endtime="20190930 15:33:29.855"></status>
</kw>
<kw name="Sleep" library="BuiltIn">
<doc>Pauses the test executed for the given time.</doc>
<arguments>
<arg>3</arg>
<arg>s</arg>
</arguments>
<msg timestamp="20190930 15:33:32.856" level="INFO">Slept 3 seconds</msg>
<msg timestamp="20190930 15:33:32.856" level="INFO">s</msg>
<status status="PASS" starttime="20190930 15:33:29.855" endtime="20190930 15:33:32.856"></status>
</kw>
<status status="PASS" starttime="20190930 15:33:29.716" endtime="20190930 15:33:32.856"></status>
</kw>
<kw name="AND Click Word Tagging">
<kw name="Click Element" library="Selenium2Library">
<doc>Click the element identified by ``locator``.</doc>
<arguments>
<arg>//*[@id="root"]/div/div[2]/div[2]/div[2]/p[2]</arg>
</arguments>
<msg timestamp="20190930 15:33:32.857" level="INFO">Clicking element '//*[@id="root"]/div/div[2]/div[2]/div[2]/p[2]'.</msg>
<status status="PASS" starttime="20190930 15:33:32.857" endtime="20190930 15:33:33.018"></status>
</kw>
<kw name="Sleep" library="BuiltIn">
<doc>Pauses the test executed for the given time.</doc>
<arguments>
<arg>3</arg>
<arg>s</arg>
</arguments>
<msg timestamp="20190930 15:33:36.018" level="INFO">Slept 3 seconds</msg>
<msg timestamp="20190930 15:33:36.018" level="INFO">s</msg>
<status status="PASS" starttime="20190930 15:33:33.018" endtime="20190930 15:33:36.018"></status>
</kw>
<status status="PASS" starttime="20190930 15:33:32.857" endtime="20190930 15:33:36.018"></status>
</kw>
<kw name="AND Click word first and last character">
<kw name="Click Element" library="Selenium2Library">
<doc>Click the element identified by ``locator``.</doc>
<arguments>
<arg>//*[@id="root"]/div/div[2]/div[2]/div[3]/div[2]/span[627]</arg>
</arguments>
<msg timestamp="20190930 15:33:36.019" level="INFO">Clicking element '//*[@id="root"]/div/div[2]/div[2]/div[3]/div[2]/span[627]'.</msg>
<status status="PASS" starttime="20190930 15:33:36.019" endtime="20190930 15:33:36.150"></status>
</kw>
<kw name="Sleep" library="BuiltIn">
<doc>Pauses the test executed for the given time.</doc>
<arguments>
<arg>2</arg>
<arg>s</arg>
</arguments>
<msg timestamp="20190930 15:33:38.150" level="INFO">Slept 2 seconds</msg>
<msg timestamp="20190930 15:33:38.150" level="INFO">s</msg>
<status status="PASS" starttime="20190930 15:33:36.150" endtime="20190930 15:33:38.150"></status>
</kw>
<kw name="Click Element" library="Selenium2Library">
<doc>Click the element identified by ``locator``.</doc>
<arguments>
<arg>//*[@id="root"]/div/div[2]/div[2]/div[3]/div[2]/span[633]</arg>
</arguments>
<msg timestamp="20190930 15:33:38.150" level="INFO">Clicking element '//*[@id="root"]/div/div[2]/div[2]/div[3]/div[2]/span[633]'.</msg>
<status status="PASS" starttime="20190930 15:33:38.150" endtime="20190930 15:33:38.256"></status>
</kw>
<kw name="Sleep" library="BuiltIn">
<doc>Pauses the test executed for the given time.</doc>
<arguments>
<arg>2</arg>
<arg>s</arg>
</arguments>
<msg timestamp="20190930 15:33:40.256" level="INFO">Slept 2 seconds</msg>
<msg timestamp="20190930 15:33:40.256" level="INFO">s</msg>
<status status="PASS" starttime="20190930 15:33:38.256" endtime="20190930 15:33:40.256"></status>
</kw>
<status status="PASS" starttime="20190930 15:33:36.019" endtime="20190930 15:33:40.256"></status>
</kw>
<kw name="AND Tag Entity">
<kw name="Click Element" library="Selenium2Library">
<doc>Click the element identified by ``locator``.</doc>
<arguments>
<arg>//*[@id="root"]/div/div[2]/div[3]/div/div[2]/div/div/div/div/div[2]/div/div/div/div/div[2]/h/span[2]</arg>
</arguments>
<msg timestamp="20190930 15:33:40.257" level="INFO">Clicking element '//*[@id="root"]/div/div[2]/div[3]/div/div[2]/div/div/div/div/div[2]/div/div/div/div/div[2]/h/span[2]'.</msg>
<status status="PASS" starttime="20190930 15:33:40.257" endtime="20190930 15:33:40.378"></status>
</kw>
<kw name="Sleep" library="BuiltIn">
<doc>Pauses the test executed for the given time.</doc>
<arguments>
<arg>2</arg>
<arg>s</arg>
</arguments>
<msg timestamp="20190930 15:33:42.379" level="INFO">Slept 2 seconds</msg>
<msg timestamp="20190930 15:33:42.379" level="INFO">s</msg>
<status status="PASS" starttime="20190930 15:33:40.378" endtime="20190930 15:33:42.379"></status>
</kw>
<status status="PASS" starttime="20190930 15:33:40.257" endtime="20190930 15:33:42.379"></status>
</kw>
<kw name="AND Click save">
<kw name="Click Element" library="Selenium2Library">
<doc>Click the element identified by ``locator``.</doc>
<arguments>
<arg>//*[@id="root"]/div/div[2]/div[2]/div[2]/button</arg>
</arguments>
<msg timestamp="20190930 15:33:42.381" level="INFO">Clicking element '//*[@id="root"]/div/div[2]/div[2]/div[2]/button'.</msg>
<status status="PASS" starttime="20190930 15:33:42.380" endtime="20190930 15:33:42.476"></status>
</kw>
<kw name="Sleep" library="BuiltIn">
<doc>Pauses the test executed for the given time.</doc>
<arguments>
<arg>3</arg>
<arg>s</arg>
</arguments>
<msg timestamp="20190930 15:33:45.478" level="INFO">Slept 3 seconds</msg>
<msg timestamp="20190930 15:33:45.478" level="INFO">s</msg>
<status status="PASS" starttime="20190930 15:33:42.477" endtime="20190930 15:33:45.478"></status>
</kw>
<status status="PASS" starttime="20190930 15:33:42.380" endtime="20190930 15:33:45.478"></status>
</kw>
<kw name="AND Close Browser" library="Selenium2Library">
<doc>Closes the current browser.</doc>
<status status="PASS" starttime="20190930 15:33:45.479" endtime="20190930 15:33:46.760"></status>
</kw>
<status status="PASS" starttime="20190930 15:33:05.296" endtime="20190930 15:33:46.761" critical="yes"></status>
</test>
<status status="PASS" starttime="20190930 15:33:04.635" endtime="20190930 15:33:46.763"></status>
</suite>
<statistics>
<total>
<stat pass="1" fail="0">Critical Tests</stat>
<stat pass="1" fail="0">All Tests</stat>
</total>
<tag>
</tag>
<suite>
<stat pass="1" fail="0" id="s1" name="Case50">Case50</stat>
</suite>
</statistics>
<errors>
</errors>
</robot>
